2023-03-08 03:38:27,771 : 1678264702.763128 Machine: 2 Clock Rate: 3
2023-03-08 03:38:27,771 : 1678264702.763128 Sent a message to Machine 0; Logical Clock: 1
2023-03-08 03:38:28,107 : 1678264702.763128 Sent a message to Machine 1; Logical Clock: 2
2023-03-08 03:38:28,445 : 1678264702.763128 Internal Event!; Logical Clock: 3
2023-03-08 03:38:28,783 : 1678264702.763128 Internal Event!; Logical Clock: 4
2023-03-08 03:38:29,119 : 1678264702.763128 Sent a message to Machines [0, 1]; Logical Clock: 5
2023-03-08 03:38:29,457 : 1678264702.763128 Sent a message to Machines [0, 1]; Logical Clock: 6
2023-03-08 03:38:29,794 : 1678264702.763128 Received a message; Logical Clock: 7; Queue Length: 1
2023-03-08 03:38:30,132 : 1678264702.763128 Received a message; Logical Clock: 8; Queue Length: 1
2023-03-08 03:38:30,469 : 1678264702.763128 Received a message; Logical Clock: 9; Queue Length: 0
2023-03-08 03:38:30,807 : 1678264702.763128 Sent a message to Machines [0, 1]; Logical Clock: 10
2023-03-08 03:38:31,140 : 1678264702.763128 Sent a message to Machine 1; Logical Clock: 11
2023-03-08 03:38:31,474 : 1678264702.763128 Internal Event!; Logical Clock: 12
2023-03-08 03:38:31,812 : 1678264702.763128 Sent a message to Machines [0, 1]; Logical Clock: 13
2023-03-08 03:38:32,148 : 1678264702.763128 Sent a message to Machine 1; Logical Clock: 14
2023-03-08 03:38:32,486 : 1678264702.763128 Sent a message to Machine 0; Logical Clock: 15
2023-03-08 03:38:32,824 : 1678264702.763128 Received a message; Logical Clock: 16; Queue Length: 0
2023-03-08 03:38:33,161 : 1678264702.763128 Internal Event!; Logical Clock: 17
2023-03-08 03:38:33,498 : 1678264702.763128 Sent a message to Machine 1; Logical Clock: 18
2023-03-08 03:38:33,831 : 1678264702.763128 Internal Event!; Logical Clock: 19
2023-03-08 03:38:34,169 : 1678264702.763128 Sent a message to Machines [0, 1]; Logical Clock: 20
2023-03-08 03:38:34,507 : 1678264702.763128 Received a message; Logical Clock: 21; Queue Length: 0
2023-03-08 03:38:34,841 : 1678264702.763128 Received a message; Logical Clock: 22; Queue Length: 0
2023-03-08 03:38:35,178 : 1678264702.763128 Internal Event!; Logical Clock: 23
2023-03-08 03:38:35,515 : 1678264702.763128 Sent a message to Machines [0, 1]; Logical Clock: 24
2023-03-08 03:38:35,850 : 1678264702.763128 Received a message; Logical Clock: 25; Queue Length: 0
2023-03-08 03:38:36,186 : 1678264702.763128 Sent a message to Machine 1; Logical Clock: 26
2023-03-08 03:38:36,524 : 1678264702.763128 Sent a message to Machine 0; Logical Clock: 27
2023-03-08 03:38:36,861 : 1678264702.763128 Internal Event!; Logical Clock: 28
2023-03-08 03:38:37,197 : 1678264702.763128 Internal Event!; Logical Clock: 29
2023-03-08 03:38:37,535 : 1678264702.763128 Sent a message to Machine 0; Logical Clock: 30
2023-03-08 03:38:37,873 : 1678264702.763128 Received a message; Logical Clock: 31; Queue Length: 0
2023-03-08 03:38:38,207 : 1678264702.763128 Internal Event!; Logical Clock: 32
2023-03-08 03:38:38,541 : 1678264702.763128 Sent a message to Machine 0; Logical Clock: 33
2023-03-08 03:38:38,875 : 1678264702.763128 Received a message; Logical Clock: 34; Queue Length: 0
2023-03-08 03:38:39,211 : 1678264702.763128 Internal Event!; Logical Clock: 35
2023-03-08 03:38:39,549 : 1678264702.763128 Internal Event!; Logical Clock: 36
2023-03-08 03:38:39,886 : 1678264702.763128 Received a message; Logical Clock: 37; Queue Length: 0
2023-03-08 03:38:40,223 : 1678264702.763128 Internal Event!; Logical Clock: 38
2023-03-08 03:38:40,557 : 1678264702.763128 Sent a message to Machines [0, 1]; Logical Clock: 39
2023-03-08 03:38:40,895 : 1678264702.763128 Sent a message to Machine 0; Logical Clock: 40
2023-03-08 03:38:41,233 : 1678264702.763128 Sent a message to Machine 0; Logical Clock: 41
2023-03-08 03:38:41,566 : 1678264702.763128 Sent a message to Machine 0; Logical Clock: 42
2023-03-08 03:38:41,902 : 1678264702.763128 Sent a message to Machine 1; Logical Clock: 43
2023-03-08 03:38:42,240 : 1678264702.763128 Internal Event!; Logical Clock: 44
2023-03-08 03:38:42,575 : 1678264702.763128 Internal Event!; Logical Clock: 45
2023-03-08 03:38:42,913 : 1678264702.763128 Received a message; Logical Clock: 46; Queue Length: 0
2023-03-08 03:38:43,249 : 1678264702.763128 Sent a message to Machine 1; Logical Clock: 47
2023-03-08 03:38:43,586 : 1678264702.763128 Sent a message to Machines [0, 1]; Logical Clock: 48
2023-03-08 03:38:43,923 : 1678264702.763128 Received a message; Logical Clock: 49; Queue Length: 0
2023-03-08 03:38:44,261 : 1678264702.763128 Sent a message to Machine 1; Logical Clock: 50
2023-03-08 03:38:44,594 : 1678264702.763128 Internal Event!; Logical Clock: 51
2023-03-08 03:38:44,931 : 1678264702.763128 Sent a message to Machine 1; Logical Clock: 52
2023-03-08 03:38:45,266 : 1678264702.763128 Sent a message to Machines [0, 1]; Logical Clock: 53
2023-03-08 03:38:45,603 : 1678264702.763128 Received a message; Logical Clock: 54; Queue Length: 0
2023-03-08 03:38:45,941 : 1678264702.763128 Received a message; Logical Clock: 55; Queue Length: 0
2023-03-08 03:38:46,280 : 1678264702.763128 Received a message; Logical Clock: 56; Queue Length: 0
2023-03-08 03:38:46,614 : 1678264702.763128 Internal Event!; Logical Clock: 57
2023-03-08 03:38:46,953 : 1678264702.763128 Internal Event!; Logical Clock: 58
2023-03-08 03:38:47,290 : 1678264702.763128 Sent a message to Machine 0; Logical Clock: 59
2023-03-08 03:38:47,627 : 1678264702.763128 Received a message; Logical Clock: 60; Queue Length: 0
2023-03-08 03:38:47,965 : 1678264702.763128 Received a message; Logical Clock: 61; Queue Length: 0
2023-03-08 03:38:48,302 : 1678264702.763128 Sent a message to Machine 1; Logical Clock: 62
2023-03-08 03:38:48,640 : 1678264702.763128 Internal Event!; Logical Clock: 63
2023-03-08 03:38:48,976 : 1678264702.763128 Internal Event!; Logical Clock: 64
2023-03-08 03:38:49,312 : 1678264702.763128 Internal Event!; Logical Clock: 65
2023-03-08 03:38:49,647 : 1678264702.763128 Sent a message to Machine 1; Logical Clock: 66
2023-03-08 03:38:49,985 : 1678264702.763128 Internal Event!; Logical Clock: 67
2023-03-08 03:38:50,323 : 1678264702.763128 Internal Event!; Logical Clock: 68
2023-03-08 03:38:50,657 : 1678264702.763128 Sent a message to Machine 0; Logical Clock: 69
2023-03-08 03:38:50,995 : 1678264702.763128 Internal Event!; Logical Clock: 70
2023-03-08 03:38:51,330 : 1678264702.763128 Sent a message to Machines [0, 1]; Logical Clock: 71
2023-03-08 03:38:51,668 : 1678264702.763128 Sent a message to Machine 1; Logical Clock: 72
2023-03-08 03:38:52,002 : 1678264702.763128 Sent a message to Machine 0; Logical Clock: 73
2023-03-08 03:38:52,340 : 1678264702.763128 Sent a message to Machine 0; Logical Clock: 74
2023-03-08 03:38:52,674 : 1678264702.763128 Internal Event!; Logical Clock: 75
2023-03-08 03:38:53,012 : 1678264702.763128 Received a message; Logical Clock: 76; Queue Length: 0
2023-03-08 03:38:53,349 : 1678264702.763128 Received a message; Logical Clock: 77; Queue Length: 0
2023-03-08 03:38:53,684 : 1678264702.763128 Internal Event!; Logical Clock: 78
2023-03-08 03:38:54,018 : 1678264702.763128 Internal Event!; Logical Clock: 79
2023-03-08 03:38:54,356 : 1678264702.763128 Received a message; Logical Clock: 80; Queue Length: 0
2023-03-08 03:38:54,690 : 1678264702.763128 Internal Event!; Logical Clock: 81
2023-03-08 03:38:55,026 : 1678264702.763128 Sent a message to Machines [0, 1]; Logical Clock: 82
2023-03-08 03:38:55,362 : 1678264702.763128 Internal Event!; Logical Clock: 83
2023-03-08 03:38:55,699 : 1678264702.763128 Sent a message to Machine 0; Logical Clock: 84
2023-03-08 03:38:56,036 : 1678264702.763128 Received a message; Logical Clock: 85; Queue Length: 0
2023-03-08 03:38:56,373 : 1678264702.763128 Sent a message to Machine 1; Logical Clock: 86
2023-03-08 03:38:56,706 : 1678264702.763128 Sent a message to Machines [0, 1]; Logical Clock: 87
2023-03-08 03:38:57,044 : 1678264702.763128 Sent a message to Machine 1; Logical Clock: 88
2023-03-08 03:38:57,380 : 1678264702.763128 Sent a message to Machine 0; Logical Clock: 89
2023-03-08 03:38:57,717 : 1678264702.763128 Internal Event!; Logical Clock: 90
2023-03-08 03:38:58,055 : 1678264702.763128 Internal Event!; Logical Clock: 91
2023-03-08 03:38:58,393 : 1678264702.763128 Internal Event!; Logical Clock: 92
2023-03-08 03:38:58,728 : 1678264702.763128 Sent a message to Machine 0; Logical Clock: 93
2023-03-08 03:38:59,065 : 1678264702.763128 Internal Event!; Logical Clock: 94
2023-03-08 03:38:59,402 : 1678264702.763128 Internal Event!; Logical Clock: 95
2023-03-08 03:38:59,740 : 1678264702.763128 Sent a message to Machine 1; Logical Clock: 96
2023-03-08 03:39:00,075 : 1678264702.763128 Internal Event!; Logical Clock: 97
2023-03-08 03:39:00,413 : 1678264702.763128 Internal Event!; Logical Clock: 98
2023-03-08 03:39:00,751 : 1678264702.763128 Sent a message to Machines [0, 1]; Logical Clock: 99
2023-03-08 03:39:01,088 : 1678264702.763128 Received a message; Logical Clock: 100; Queue Length: 0
2023-03-08 03:39:01,425 : 1678264702.763128 Received a message; Logical Clock: 101; Queue Length: 0
2023-03-08 03:39:01,763 : 1678264702.763128 Received a message; Logical Clock: 102; Queue Length: 1
2023-03-08 03:39:02,100 : 1678264702.763128 Received a message; Logical Clock: 103; Queue Length: 0
2023-03-08 03:39:02,436 : 1678264702.763128 Sent a message to Machines [0, 1]; Logical Clock: 104
2023-03-08 03:39:02,773 : 1678264702.763128 Sent a message to Machines [0, 1]; Logical Clock: 105
2023-03-08 03:39:03,107 : 1678264702.763128 Sent a message to Machines [0, 1]; Logical Clock: 106
2023-03-08 03:39:03,444 : 1678264702.763128 Sent a message to Machine 1; Logical Clock: 107
2023-03-08 03:39:03,782 : 1678264702.763128 Sent a message to Machine 0; Logical Clock: 108
2023-03-08 03:39:04,116 : 1678264702.763128 Received a message; Logical Clock: 109; Queue Length: 0
2023-03-08 03:39:04,454 : 1678264702.763128 Sent a message to Machine 1; Logical Clock: 110
2023-03-08 03:39:04,790 : 1678264702.763128 Internal Event!; Logical Clock: 111
2023-03-08 03:39:05,127 : 1678264702.763128 Sent a message to Machine 0; Logical Clock: 112
2023-03-08 03:39:05,464 : 1678264702.763128 Sent a message to Machine 1; Logical Clock: 113
2023-03-08 03:39:05,798 : 1678264702.763128 Sent a message to Machine 1; Logical Clock: 114
2023-03-08 03:39:06,135 : 1678264702.763128 Sent a message to Machine 0; Logical Clock: 115
2023-03-08 03:39:06,469 : 1678264702.763128 Sent a message to Machine 1; Logical Clock: 116
2023-03-08 03:39:06,806 : 1678264702.763128 Sent a message to Machine 1; Logical Clock: 117
2023-03-08 03:39:07,143 : 1678264702.763128 Sent a message to Machines [0, 1]; Logical Clock: 118
2023-03-08 03:39:07,481 : 1678264702.763128 Sent a message to Machine 1; Logical Clock: 119
2023-03-08 03:39:07,819 : 1678264702.763128 Sent a message to Machine 0; Logical Clock: 120
2023-03-08 03:39:08,158 : 1678264702.763128 Internal Event!; Logical Clock: 121
2023-03-08 03:39:08,496 : 1678264702.763128 Sent a message to Machine 1; Logical Clock: 122
2023-03-08 03:39:08,830 : 1678264702.763128 Sent a message to Machines [0, 1]; Logical Clock: 123
2023-03-08 03:39:09,167 : 1678264702.763128 Internal Event!; Logical Clock: 124
2023-03-08 03:39:09,501 : 1678264702.763128 Internal Event!; Logical Clock: 125
2023-03-08 03:39:09,840 : 1678264702.763128 Sent a message to Machine 1; Logical Clock: 126
2023-03-08 03:39:10,177 : 1678264702.763128 Sent a message to Machines [0, 1]; Logical Clock: 127
2023-03-08 03:39:10,514 : 1678264702.763128 Received a message; Logical Clock: 128; Queue Length: 0
2023-03-08 03:39:10,848 : 1678264702.763128 Internal Event!; Logical Clock: 129
2023-03-08 03:39:11,186 : 1678264702.763128 Sent a message to Machine 0; Logical Clock: 130
2023-03-08 03:39:11,523 : 1678264702.763128 Internal Event!; Logical Clock: 131
2023-03-08 03:39:11,860 : 1678264702.763128 Sent a message to Machines [0, 1]; Logical Clock: 132
2023-03-08 03:39:12,193 : 1678264702.763128 Sent a message to Machine 1; Logical Clock: 133
2023-03-08 03:39:12,530 : 1678264702.763128 Received a message; Logical Clock: 134; Queue Length: 0
2023-03-08 03:39:12,865 : 1678264702.763128 Internal Event!; Logical Clock: 135
2023-03-08 03:39:13,203 : 1678264702.763128 Internal Event!; Logical Clock: 136
2023-03-08 03:39:13,539 : 1678264702.763128 Internal Event!; Logical Clock: 137
2023-03-08 03:39:13,876 : 1678264702.763128 Internal Event!; Logical Clock: 138
2023-03-08 03:39:14,210 : 1678264702.763128 Internal Event!; Logical Clock: 139
2023-03-08 03:39:14,548 : 1678264702.763128 Sent a message to Machine 0; Logical Clock: 140
2023-03-08 03:39:14,883 : 1678264702.763128 Received a message; Logical Clock: 141; Queue Length: 0
2023-03-08 03:39:15,219 : 1678264702.763128 Received a message; Logical Clock: 142; Queue Length: 0
2023-03-08 03:39:15,556 : 1678264702.763128 Internal Event!; Logical Clock: 143
2023-03-08 03:39:15,893 : 1678264702.763128 Received a message; Logical Clock: 144; Queue Length: 0
2023-03-08 03:39:16,230 : 1678264702.763128 Sent a message to Machine 0; Logical Clock: 145
2023-03-08 03:39:16,567 : 1678264702.763128 Sent a message to Machines [0, 1]; Logical Clock: 146
2023-03-08 03:39:16,903 : 1678264702.763128 Internal Event!; Logical Clock: 147
2023-03-08 03:39:17,245 : 1678264702.763128 Sent a message to Machine 0; Logical Clock: 148
2023-03-08 03:39:17,578 : 1678264702.763128 Sent a message to Machines [0, 1]; Logical Clock: 149
2023-03-08 03:39:17,915 : 1678264702.763128 Internal Event!; Logical Clock: 150
2023-03-08 03:39:18,252 : 1678264702.763128 Received a message; Logical Clock: 151; Queue Length: 0
2023-03-08 03:39:18,590 : 1678264702.763128 Sent a message to Machine 1; Logical Clock: 152
2023-03-08 03:39:18,928 : 1678264702.763128 Internal Event!; Logical Clock: 153
2023-03-08 03:39:19,265 : 1678264702.763128 Internal Event!; Logical Clock: 154
2023-03-08 03:39:19,602 : 1678264702.763128 Internal Event!; Logical Clock: 155
2023-03-08 03:39:19,940 : 1678264702.763128 Sent a message to Machines [0, 1]; Logical Clock: 156
2023-03-08 03:39:20,276 : 1678264702.763128 Sent a message to Machines [0, 1]; Logical Clock: 157
2023-03-08 03:39:20,615 : 1678264702.763128 Internal Event!; Logical Clock: 158
2023-03-08 03:39:20,951 : 1678264702.763128 Sent a message to Machine 0; Logical Clock: 159
2023-03-08 03:39:21,289 : 1678264702.763128 Received a message; Logical Clock: 160; Queue Length: 1
2023-03-08 03:39:21,626 : 1678264702.763128 Received a message; Logical Clock: 161; Queue Length: 0
2023-03-08 03:39:21,964 : 1678264702.763128 Sent a message to Machines [0, 1]; Logical Clock: 162
2023-03-08 03:39:22,298 : 1678264702.763128 Internal Event!; Logical Clock: 163
2023-03-08 03:39:22,635 : 1678264702.763128 Received a message; Logical Clock: 164; Queue Length: 1
2023-03-08 03:39:22,971 : 1678264702.763128 Received a message; Logical Clock: 165; Queue Length: 0
2023-03-08 03:39:23,309 : 1678264702.763128 Internal Event!; Logical Clock: 166
2023-03-08 03:39:23,647 : 1678264702.763128 Received a message; Logical Clock: 167; Queue Length: 0
2023-03-08 03:39:23,985 : 1678264702.763128 Received a message; Logical Clock: 168; Queue Length: 0
2023-03-08 03:39:24,323 : 1678264702.763128 Received a message; Logical Clock: 169; Queue Length: 0
2023-03-08 03:39:24,660 : 1678264702.763128 Sent a message to Machine 0; Logical Clock: 170
2023-03-08 03:39:24,995 : 1678264702.763128 Sent a message to Machine 1; Logical Clock: 171
2023-03-08 03:39:25,331 : 1678264702.763128 Internal Event!; Logical Clock: 172
2023-03-08 03:39:25,668 : 1678264702.763128 Sent a message to Machine 1; Logical Clock: 173
2023-03-08 03:39:26,006 : 1678264702.763128 Internal Event!; Logical Clock: 174
2023-03-08 03:39:26,343 : 1678264702.763128 Sent a message to Machines [0, 1]; Logical Clock: 175
2023-03-08 03:39:26,681 : 1678264702.763128 Sent a message to Machine 1; Logical Clock: 176
2023-03-08 03:39:27,015 : 1678264702.763128 Internal Event!; Logical Clock: 177
2023-03-08 03:39:27,350 : 1678264702.763128 Sent a message to Machine 0; Logical Clock: 178
2023-03-08 03:39:27,685 : 1678264702.763128 Sent a message to Machines [0, 1]; Logical Clock: 179
2023-03-08 03:39:28,022 : 1678264702.763128 Sent a message to Machines [0, 1]; Logical Clock: 180
