2023-03-08 03:43:05,225 : 1678264980.2189791 Machine: 1 Clock Rate: 3
2023-03-08 03:43:05,226 : 1678264980.2189791 Internal Event!; Logical Clock: 1
2023-03-08 03:43:05,564 : 1678264980.2189791 Received a message; Logical Clock: 2; Queue Length: 0
2023-03-08 03:43:05,900 : 1678264980.2189791 Internal Event!; Logical Clock: 3
2023-03-08 03:43:06,236 : 1678264980.2189791 Sent a message to Machine 0; Logical Clock: 4
2023-03-08 03:43:06,573 : 1678264980.2189791 Sent a message to Machine 2; Logical Clock: 5
2023-03-08 03:43:06,907 : 1678264980.2189791 Sent a message to Machine 0; Logical Clock: 6
2023-03-08 03:43:07,245 : 1678264980.2189791 Sent a message to Machine 0; Logical Clock: 7
2023-03-08 03:43:07,582 : 1678264980.2189791 Internal Event!; Logical Clock: 8
2023-03-08 03:43:07,920 : 1678264980.2189791 Received a message; Logical Clock: 9; Queue Length: 0
2023-03-08 03:43:08,254 : 1678264980.2189791 Sent a message to Machine 0; Logical Clock: 10
2023-03-08 03:43:08,588 : 1678264980.2189791 Internal Event!; Logical Clock: 11
2023-03-08 03:43:08,924 : 1678264980.2189791 Sent a message to Machine 0; Logical Clock: 12
2023-03-08 03:43:09,260 : 1678264980.2189791 Sent a message to Machines [2, 0]; Logical Clock: 13
2023-03-08 03:43:09,596 : 1678264980.2189791 Internal Event!; Logical Clock: 14
2023-03-08 03:43:09,932 : 1678264980.2189791 Sent a message to Machines [2, 0]; Logical Clock: 15
2023-03-08 03:43:10,269 : 1678264980.2189791 Internal Event!; Logical Clock: 16
2023-03-08 03:43:10,606 : 1678264980.2189791 Internal Event!; Logical Clock: 17
2023-03-08 03:43:10,944 : 1678264980.2189791 Internal Event!; Logical Clock: 18
2023-03-08 03:43:11,280 : 1678264980.2189791 Internal Event!; Logical Clock: 19
2023-03-08 03:43:11,616 : 1678264980.2189791 Internal Event!; Logical Clock: 20
2023-03-08 03:43:11,953 : 1678264980.2189791 Sent a message to Machine 2; Logical Clock: 21
2023-03-08 03:43:12,286 : 1678264980.2189791 Sent a message to Machine 2; Logical Clock: 22
2023-03-08 03:43:12,619 : 1678264980.2189791 Internal Event!; Logical Clock: 23
2023-03-08 03:43:12,954 : 1678264980.2189791 Sent a message to Machine 2; Logical Clock: 24
2023-03-08 03:43:13,291 : 1678264980.2189791 Received a message; Logical Clock: 25; Queue Length: 0
2023-03-08 03:43:13,629 : 1678264980.2189791 Sent a message to Machines [2, 0]; Logical Clock: 26
2023-03-08 03:43:13,964 : 1678264980.2189791 Received a message; Logical Clock: 27; Queue Length: 0
2023-03-08 03:43:14,302 : 1678264980.2189791 Internal Event!; Logical Clock: 28
2023-03-08 03:43:14,638 : 1678264980.2189791 Internal Event!; Logical Clock: 29
2023-03-08 03:43:14,977 : 1678264980.2189791 Received a message; Logical Clock: 30; Queue Length: 0
2023-03-08 03:43:15,315 : 1678264980.2189791 Received a message; Logical Clock: 31; Queue Length: 0
2023-03-08 03:43:15,652 : 1678264980.2189791 Sent a message to Machines [2, 0]; Logical Clock: 32
2023-03-08 03:43:15,986 : 1678264980.2189791 Sent a message to Machine 0; Logical Clock: 33
2023-03-08 03:43:16,322 : 1678264980.2189791 Sent a message to Machine 2; Logical Clock: 34
2023-03-08 03:43:16,658 : 1678264980.2189791 Internal Event!; Logical Clock: 35
2023-03-08 03:43:16,995 : 1678264980.2189791 Received a message; Logical Clock: 36; Queue Length: 0
2023-03-08 03:43:17,331 : 1678264980.2189791 Received a message; Logical Clock: 37; Queue Length: 0
2023-03-08 03:43:17,669 : 1678264980.2189791 Internal Event!; Logical Clock: 38
2023-03-08 03:43:18,007 : 1678264980.2189791 Sent a message to Machines [2, 0]; Logical Clock: 39
2023-03-08 03:43:18,345 : 1678264980.2189791 Sent a message to Machine 2; Logical Clock: 40
2023-03-08 03:43:18,683 : 1678264980.2189791 Sent a message to Machine 0; Logical Clock: 41
2023-03-08 03:43:19,020 : 1678264980.2189791 Sent a message to Machines [2, 0]; Logical Clock: 42
2023-03-08 03:43:19,354 : 1678264980.2189791 Sent a message to Machine 2; Logical Clock: 43
2023-03-08 03:43:19,688 : 1678264980.2189791 Sent a message to Machines [2, 0]; Logical Clock: 44
2023-03-08 03:43:20,022 : 1678264980.2189791 Internal Event!; Logical Clock: 45
2023-03-08 03:43:20,358 : 1678264980.2189791 Internal Event!; Logical Clock: 46
2023-03-08 03:43:20,694 : 1678264980.2189791 Internal Event!; Logical Clock: 47
2023-03-08 03:43:21,030 : 1678264980.2189791 Sent a message to Machine 0; Logical Clock: 48
2023-03-08 03:43:21,365 : 1678264980.2189791 Sent a message to Machine 0; Logical Clock: 49
2023-03-08 03:43:21,702 : 1678264980.2189791 Internal Event!; Logical Clock: 50
2023-03-08 03:43:22,040 : 1678264980.2189791 Received a message; Logical Clock: 51; Queue Length: 0
2023-03-08 03:43:22,378 : 1678264980.2189791 Internal Event!; Logical Clock: 52
2023-03-08 03:43:22,715 : 1678264980.2189791 Internal Event!; Logical Clock: 53
2023-03-08 03:43:23,049 : 1678264980.2189791 Sent a message to Machine 0; Logical Clock: 54
2023-03-08 03:43:23,385 : 1678264980.2189791 Internal Event!; Logical Clock: 55
2023-03-08 03:43:23,722 : 1678264980.2189791 Sent a message to Machines [2, 0]; Logical Clock: 56
2023-03-08 03:43:24,058 : 1678264980.2189791 Internal Event!; Logical Clock: 57
2023-03-08 03:43:24,397 : 1678264980.2189791 Internal Event!; Logical Clock: 58
2023-03-08 03:43:24,732 : 1678264980.2189791 Internal Event!; Logical Clock: 59
2023-03-08 03:43:25,069 : 1678264980.2189791 Internal Event!; Logical Clock: 60
2023-03-08 03:43:25,405 : 1678264980.2189791 Received a message; Logical Clock: 61; Queue Length: 0
2023-03-08 03:43:25,740 : 1678264980.2189791 Sent a message to Machines [2, 0]; Logical Clock: 62
2023-03-08 03:43:26,074 : 1678264980.2189791 Received a message; Logical Clock: 63; Queue Length: 0
2023-03-08 03:43:26,411 : 1678264980.2189791 Internal Event!; Logical Clock: 64
2023-03-08 03:43:26,746 : 1678264980.2189791 Internal Event!; Logical Clock: 65
2023-03-08 03:43:27,082 : 1678264980.2189791 Sent a message to Machine 0; Logical Clock: 66
2023-03-08 03:43:27,419 : 1678264980.2189791 Internal Event!; Logical Clock: 67
2023-03-08 03:43:27,757 : 1678264980.2189791 Sent a message to Machine 2; Logical Clock: 68
2023-03-08 03:43:28,096 : 1678264980.2189791 Internal Event!; Logical Clock: 69
2023-03-08 03:43:28,430 : 1678264980.2189791 Received a message; Logical Clock: 70; Queue Length: 0
2023-03-08 03:43:28,768 : 1678264980.2189791 Internal Event!; Logical Clock: 71
2023-03-08 03:43:29,105 : 1678264980.2189791 Received a message; Logical Clock: 72; Queue Length: 0
2023-03-08 03:43:29,440 : 1678264980.2189791 Sent a message to Machine 2; Logical Clock: 73
2023-03-08 03:43:29,774 : 1678264980.2189791 Sent a message to Machine 2; Logical Clock: 74
2023-03-08 03:43:30,107 : 1678264980.2189791 Sent a message to Machine 0; Logical Clock: 75
2023-03-08 03:43:30,446 : 1678264980.2189791 Sent a message to Machine 0; Logical Clock: 76
2023-03-08 03:43:30,779 : 1678264980.2189791 Sent a message to Machines [2, 0]; Logical Clock: 77
2023-03-08 03:43:31,115 : 1678264980.2189791 Internal Event!; Logical Clock: 78
2023-03-08 03:43:31,452 : 1678264980.2189791 Internal Event!; Logical Clock: 79
2023-03-08 03:43:31,787 : 1678264980.2189791 Internal Event!; Logical Clock: 80
2023-03-08 03:43:32,124 : 1678264980.2189791 Sent a message to Machines [2, 0]; Logical Clock: 81
2023-03-08 03:43:32,460 : 1678264980.2189791 Received a message; Logical Clock: 82; Queue Length: 0
2023-03-08 03:43:32,797 : 1678264980.2189791 Sent a message to Machine 0; Logical Clock: 83
2023-03-08 03:43:33,134 : 1678264980.2189791 Internal Event!; Logical Clock: 84
2023-03-08 03:43:33,471 : 1678264980.2189791 Sent a message to Machine 2; Logical Clock: 85
2023-03-08 03:43:33,810 : 1678264980.2189791 Internal Event!; Logical Clock: 86
2023-03-08 03:43:34,146 : 1678264980.2189791 Received a message; Logical Clock: 87; Queue Length: 0
2023-03-08 03:43:34,484 : 1678264980.2189791 Received a message; Logical Clock: 88; Queue Length: 0
2023-03-08 03:43:34,820 : 1678264980.2189791 Internal Event!; Logical Clock: 89
2023-03-08 03:43:35,156 : 1678264980.2189791 Sent a message to Machine 2; Logical Clock: 90
2023-03-08 03:43:35,494 : 1678264980.2189791 Sent a message to Machines [2, 0]; Logical Clock: 91
2023-03-08 03:43:35,830 : 1678264980.2189791 Sent a message to Machine 0; Logical Clock: 92
2023-03-08 03:43:36,164 : 1678264980.2189791 Sent a message to Machine 2; Logical Clock: 93
2023-03-08 03:43:36,501 : 1678264980.2189791 Internal Event!; Logical Clock: 94
2023-03-08 03:43:36,836 : 1678264980.2189791 Sent a message to Machine 0; Logical Clock: 95
2023-03-08 03:43:37,173 : 1678264980.2189791 Internal Event!; Logical Clock: 96
2023-03-08 03:43:37,509 : 1678264980.2189791 Internal Event!; Logical Clock: 97
2023-03-08 03:43:37,846 : 1678264980.2189791 Internal Event!; Logical Clock: 98
2023-03-08 03:43:38,186 : 1678264980.2189791 Received a message; Logical Clock: 99; Queue Length: 0
2023-03-08 03:43:38,520 : 1678264980.2189791 Sent a message to Machine 2; Logical Clock: 100
2023-03-08 03:43:38,857 : 1678264980.2189791 Internal Event!; Logical Clock: 101
2023-03-08 03:43:39,193 : 1678264980.2189791 Sent a message to Machine 2; Logical Clock: 102
2023-03-08 03:43:39,531 : 1678264980.2189791 Received a message; Logical Clock: 103; Queue Length: 0
2023-03-08 03:43:39,869 : 1678264980.2189791 Sent a message to Machine 0; Logical Clock: 104
2023-03-08 03:43:40,207 : 1678264980.2189791 Sent a message to Machines [2, 0]; Logical Clock: 105
2023-03-08 03:43:40,542 : 1678264980.2189791 Sent a message to Machines [2, 0]; Logical Clock: 106
2023-03-08 03:43:40,879 : 1678264980.2189791 Sent a message to Machine 0; Logical Clock: 107
2023-03-08 03:43:41,217 : 1678264980.2189791 Sent a message to Machines [2, 0]; Logical Clock: 108
2023-03-08 03:43:41,555 : 1678264980.2189791 Received a message; Logical Clock: 109; Queue Length: 0
2023-03-08 03:43:41,891 : 1678264980.2189791 Sent a message to Machine 0; Logical Clock: 110
2023-03-08 03:43:42,227 : 1678264980.2189791 Received a message; Logical Clock: 111; Queue Length: 0
2023-03-08 03:43:42,564 : 1678264980.2189791 Received a message; Logical Clock: 112; Queue Length: 0
2023-03-08 03:43:42,902 : 1678264980.2189791 Sent a message to Machines [2, 0]; Logical Clock: 113
2023-03-08 03:43:43,236 : 1678264980.2189791 Internal Event!; Logical Clock: 114
2023-03-08 03:43:43,570 : 1678264980.2189791 Sent a message to Machine 0; Logical Clock: 115
2023-03-08 03:43:43,906 : 1678264980.2189791 Internal Event!; Logical Clock: 116
2023-03-08 03:43:44,243 : 1678264980.2189791 Sent a message to Machines [2, 0]; Logical Clock: 117
2023-03-08 03:43:44,579 : 1678264980.2189791 Received a message; Logical Clock: 118; Queue Length: 0
2023-03-08 03:43:44,916 : 1678264980.2189791 Sent a message to Machine 2; Logical Clock: 119
2023-03-08 03:43:45,255 : 1678264980.2189791 Sent a message to Machine 2; Logical Clock: 120
2023-03-08 03:43:45,593 : 1678264980.2189791 Sent a message to Machine 0; Logical Clock: 121
2023-03-08 03:43:45,928 : 1678264980.2189791 Sent a message to Machine 0; Logical Clock: 122
2023-03-08 03:43:46,264 : 1678264980.2189791 Received a message; Logical Clock: 123; Queue Length: 0
2023-03-08 03:43:46,602 : 1678264980.2189791 Sent a message to Machine 2; Logical Clock: 124
2023-03-08 03:43:46,940 : 1678264980.2189791 Sent a message to Machine 0; Logical Clock: 125
2023-03-08 03:43:47,274 : 1678264980.2189791 Internal Event!; Logical Clock: 126
2023-03-08 03:43:47,611 : 1678264980.2189791 Received a message; Logical Clock: 127; Queue Length: 0
2023-03-08 03:43:47,947 : 1678264980.2189791 Sent a message to Machine 0; Logical Clock: 128
2023-03-08 03:43:48,285 : 1678264980.2189791 Sent a message to Machines [2, 0]; Logical Clock: 129
2023-03-08 03:43:48,619 : 1678264980.2189791 Sent a message to Machine 2; Logical Clock: 130
2023-03-08 03:43:48,956 : 1678264980.2189791 Internal Event!; Logical Clock: 131
2023-03-08 03:43:49,290 : 1678264980.2189791 Sent a message to Machines [2, 0]; Logical Clock: 132
2023-03-08 03:43:49,628 : 1678264980.2189791 Received a message; Logical Clock: 133; Queue Length: 0
2023-03-08 03:43:49,965 : 1678264980.2189791 Sent a message to Machine 0; Logical Clock: 134
2023-03-08 03:43:50,302 : 1678264980.2189791 Sent a message to Machines [2, 0]; Logical Clock: 135
2023-03-08 03:43:50,640 : 1678264980.2189791 Internal Event!; Logical Clock: 136
2023-03-08 03:43:50,975 : 1678264980.2189791 Sent a message to Machines [2, 0]; Logical Clock: 137
2023-03-08 03:43:51,311 : 1678264980.2189791 Sent a message to Machine 0; Logical Clock: 138
2023-03-08 03:43:51,648 : 1678264980.2189791 Sent a message to Machine 0; Logical Clock: 139
2023-03-08 03:43:51,985 : 1678264980.2189791 Internal Event!; Logical Clock: 140
2023-03-08 03:43:52,319 : 1678264980.2189791 Received a message; Logical Clock: 141; Queue Length: 0
2023-03-08 03:43:52,655 : 1678264980.2189791 Sent a message to Machines [2, 0]; Logical Clock: 142
2023-03-08 03:43:52,991 : 1678264980.2189791 Internal Event!; Logical Clock: 143
2023-03-08 03:43:53,325 : 1678264980.2189791 Received a message; Logical Clock: 144; Queue Length: 0
2023-03-08 03:43:53,663 : 1678264980.2189791 Sent a message to Machine 0; Logical Clock: 145
2023-03-08 03:43:54,000 : 1678264980.2189791 Sent a message to Machine 2; Logical Clock: 146
2023-03-08 03:43:54,335 : 1678264980.2189791 Internal Event!; Logical Clock: 147
2023-03-08 03:43:54,672 : 1678264980.2189791 Internal Event!; Logical Clock: 148
2023-03-08 03:43:55,009 : 1678264980.2189791 Sent a message to Machine 2; Logical Clock: 149
2023-03-08 03:43:55,344 : 1678264980.2189791 Received a message; Logical Clock: 150; Queue Length: 0
2023-03-08 03:43:55,681 : 1678264980.2189791 Received a message; Logical Clock: 151; Queue Length: 0
2023-03-08 03:43:56,018 : 1678264980.2189791 Internal Event!; Logical Clock: 152
2023-03-08 03:43:56,352 : 1678264980.2189791 Internal Event!; Logical Clock: 153
2023-03-08 03:43:56,688 : 1678264980.2189791 Sent a message to Machines [2, 0]; Logical Clock: 154
2023-03-08 03:43:57,025 : 1678264980.2189791 Sent a message to Machines [2, 0]; Logical Clock: 155
2023-03-08 03:43:57,362 : 1678264980.2189791 Received a message; Logical Clock: 156; Queue Length: 0
2023-03-08 03:43:57,700 : 1678264980.2189791 Sent a message to Machine 2; Logical Clock: 157
2023-03-08 03:43:58,035 : 1678264980.2189791 Sent a message to Machine 0; Logical Clock: 158
2023-03-08 03:43:58,370 : 1678264980.2189791 Internal Event!; Logical Clock: 159
2023-03-08 03:43:58,704 : 1678264980.2189791 Received a message; Logical Clock: 160; Queue Length: 0
2023-03-08 03:43:59,042 : 1678264980.2189791 Internal Event!; Logical Clock: 161
2023-03-08 03:43:59,376 : 1678264980.2189791 Received a message; Logical Clock: 162; Queue Length: 0
2023-03-08 03:43:59,713 : 1678264980.2189791 Internal Event!; Logical Clock: 163
2023-03-08 03:44:00,052 : 1678264980.2189791 Sent a message to Machine 2; Logical Clock: 164
2023-03-08 03:44:00,385 : 1678264980.2189791 Sent a message to Machine 2; Logical Clock: 165
2023-03-08 03:44:00,719 : 1678264980.2189791 Sent a message to Machine 0; Logical Clock: 166
2023-03-08 03:44:01,055 : 1678264980.2189791 Internal Event!; Logical Clock: 167
2023-03-08 03:44:01,393 : 1678264980.2189791 Sent a message to Machines [2, 0]; Logical Clock: 168
2023-03-08 03:44:01,728 : 1678264980.2189791 Sent a message to Machine 0; Logical Clock: 169
2023-03-08 03:44:02,064 : 1678264980.2189791 Sent a message to Machine 2; Logical Clock: 170
2023-03-08 03:44:02,402 : 1678264980.2189791 Sent a message to Machine 2; Logical Clock: 171
2023-03-08 03:44:02,737 : 1678264980.2189791 Internal Event!; Logical Clock: 172
2023-03-08 03:44:03,070 : 1678264980.2189791 Internal Event!; Logical Clock: 173
2023-03-08 03:44:03,407 : 1678264980.2189791 Sent a message to Machine 0; Logical Clock: 174
2023-03-08 03:44:03,744 : 1678264980.2189791 Sent a message to Machine 2; Logical Clock: 175
2023-03-08 03:44:04,077 : 1678264980.2189791 Sent a message to Machines [2, 0]; Logical Clock: 176
2023-03-08 03:44:04,414 : 1678264980.2189791 Sent a message to Machine 2; Logical Clock: 177
2023-03-08 03:44:04,752 : 1678264980.2189791 Received a message; Logical Clock: 178; Queue Length: 0
2023-03-08 03:44:05,085 : 1678264980.2189791 Sent a message to Machine 0; Logical Clock: 179
2023-03-08 03:44:05,419 : 1678264980.2189791 Received a message; Logical Clock: 180; Queue Length: 0
