2023-03-08 12:14:38,874 : 1678295673.86812 Machine: 1 Clock Rate: 3
2023-03-08 12:14:38,874 : 1678295673.86812 Received a message; Logical Clock: 1; Queue Length: 0
2023-03-08 12:14:39,208 : 1678295673.86812 Received a message; Logical Clock: 2; Queue Length: 0
2023-03-08 12:14:39,546 : 1678295673.86812 Received a message; Logical Clock: 3; Queue Length: 0
2023-03-08 12:14:39,882 : 1678295673.86812 Sent a message to Machines [2, 0]; Logical Clock: 4
2023-03-08 12:14:40,220 : 1678295673.86812 Internal Event!; Logical Clock: 5
2023-03-08 12:14:40,555 : 1678295673.86812 Sent a message to Machines [2, 0]; Logical Clock: 6
2023-03-08 12:14:40,891 : 1678295673.86812 Sent a message to Machines [2, 0]; Logical Clock: 7
2023-03-08 12:14:41,229 : 1678295673.86812 Sent a message to Machine 2; Logical Clock: 8
2023-03-08 12:14:41,566 : 1678295673.86812 Received a message; Logical Clock: 9; Queue Length: 0
2023-03-08 12:14:41,903 : 1678295673.86812 Sent a message to Machine 2; Logical Clock: 10
2023-03-08 12:14:42,241 : 1678295673.86812 Sent a message to Machine 0; Logical Clock: 11
2023-03-08 12:14:42,579 : 1678295673.86812 Internal Event!; Logical Clock: 12
2023-03-08 12:14:42,914 : 1678295673.86812 Sent a message to Machines [2, 0]; Logical Clock: 13
2023-03-08 12:14:43,250 : 1678295673.86812 Sent a message to Machines [2, 0]; Logical Clock: 14
2023-03-08 12:14:43,587 : 1678295673.86812 Sent a message to Machines [2, 0]; Logical Clock: 15
2023-03-08 12:14:43,924 : 1678295673.86812 Received a message; Logical Clock: 16; Queue Length: 0
2023-03-08 12:14:44,263 : 1678295673.86812 Sent a message to Machine 0; Logical Clock: 17
2023-03-08 12:14:44,599 : 1678295673.86812 Sent a message to Machine 0; Logical Clock: 18
2023-03-08 12:14:44,933 : 1678295673.86812 Sent a message to Machine 0; Logical Clock: 19
2023-03-08 12:14:45,272 : 1678295673.86812 Sent a message to Machine 0; Logical Clock: 20
2023-03-08 12:14:45,609 : 1678295673.86812 Sent a message to Machine 0; Logical Clock: 21
2023-03-08 12:14:45,947 : 1678295673.86812 Sent a message to Machine 0; Logical Clock: 22
2023-03-08 12:14:46,281 : 1678295673.86812 Sent a message to Machine 0; Logical Clock: 23
2023-03-08 12:14:46,620 : 1678295673.86812 Internal Event!; Logical Clock: 24
2023-03-08 12:14:46,956 : 1678295673.86812 Internal Event!; Logical Clock: 25
2023-03-08 12:14:47,293 : 1678295673.86812 Sent a message to Machine 2; Logical Clock: 26
2023-03-08 12:14:47,630 : 1678295673.86812 Internal Event!; Logical Clock: 27
2023-03-08 12:14:47,965 : 1678295673.86812 Received a message; Logical Clock: 28; Queue Length: 0
2023-03-08 12:14:48,300 : 1678295673.86812 Sent a message to Machine 0; Logical Clock: 29
2023-03-08 12:14:48,635 : 1678295673.86812 Internal Event!; Logical Clock: 30
2023-03-08 12:14:48,973 : 1678295673.86812 Sent a message to Machine 0; Logical Clock: 31
2023-03-08 12:14:49,311 : 1678295673.86812 Sent a message to Machine 2; Logical Clock: 32
2023-03-08 12:14:49,647 : 1678295673.86812 Sent a message to Machine 2; Logical Clock: 33
2023-03-08 12:14:49,985 : 1678295673.86812 Sent a message to Machines [2, 0]; Logical Clock: 34
2023-03-08 12:14:50,321 : 1678295673.86812 Internal Event!; Logical Clock: 35
2023-03-08 12:14:50,659 : 1678295673.86812 Received a message; Logical Clock: 36; Queue Length: 0
2023-03-08 12:14:50,997 : 1678295673.86812 Sent a message to Machine 2; Logical Clock: 37
2023-03-08 12:14:51,332 : 1678295673.86812 Sent a message to Machine 2; Logical Clock: 38
2023-03-08 12:14:51,665 : 1678295673.86812 Sent a message to Machine 2; Logical Clock: 39
2023-03-08 12:14:52,002 : 1678295673.86812 Received a message; Logical Clock: 40; Queue Length: 0
2023-03-08 12:14:52,336 : 1678295673.86812 Sent a message to Machines [2, 0]; Logical Clock: 41
2023-03-08 12:14:52,674 : 1678295673.86812 Sent a message to Machines [2, 0]; Logical Clock: 42
2023-03-08 12:14:53,012 : 1678295673.86812 Sent a message to Machine 0; Logical Clock: 43
2023-03-08 12:14:53,351 : 1678295673.86812 Internal Event!; Logical Clock: 44
2023-03-08 12:14:53,686 : 1678295673.86812 Sent a message to Machine 2; Logical Clock: 45
2023-03-08 12:14:54,022 : 1678295673.86812 Internal Event!; Logical Clock: 46
2023-03-08 12:14:54,360 : 1678295673.86812 Sent a message to Machine 2; Logical Clock: 47
2023-03-08 12:14:54,697 : 1678295673.86812 Sent a message to Machine 0; Logical Clock: 48
2023-03-08 12:14:55,034 : 1678295673.86812 Internal Event!; Logical Clock: 49
2023-03-08 12:14:55,368 : 1678295673.86812 Internal Event!; Logical Clock: 50
2023-03-08 12:14:55,705 : 1678295673.86812 Received a message; Logical Clock: 51; Queue Length: 1
2023-03-08 12:14:56,039 : 1678295673.86812 Received a message; Logical Clock: 52; Queue Length: 0
2023-03-08 12:14:56,373 : 1678295673.86812 Internal Event!; Logical Clock: 53
2023-03-08 12:14:56,708 : 1678295673.86812 Internal Event!; Logical Clock: 54
2023-03-08 12:14:57,046 : 1678295673.86812 Received a message; Logical Clock: 55; Queue Length: 0
2023-03-08 12:14:57,382 : 1678295673.86812 Sent a message to Machine 0; Logical Clock: 56
2023-03-08 12:14:57,719 : 1678295673.86812 Sent a message to Machine 2; Logical Clock: 57
2023-03-08 12:14:58,053 : 1678295673.86812 Sent a message to Machines [2, 0]; Logical Clock: 58
2023-03-08 12:14:58,387 : 1678295673.86812 Sent a message to Machines [2, 0]; Logical Clock: 59
2023-03-08 12:14:58,721 : 1678295673.86812 Sent a message to Machines [2, 0]; Logical Clock: 60
2023-03-08 12:14:59,058 : 1678295673.86812 Internal Event!; Logical Clock: 61
2023-03-08 12:14:59,396 : 1678295673.86812 Received a message; Logical Clock: 62; Queue Length: 0
2023-03-08 12:14:59,734 : 1678295673.86812 Received a message; Logical Clock: 63; Queue Length: 0
2023-03-08 12:15:00,068 : 1678295673.86812 Internal Event!; Logical Clock: 64
2023-03-08 12:15:00,404 : 1678295673.86812 Internal Event!; Logical Clock: 65
2023-03-08 12:15:00,738 : 1678295673.86812 Internal Event!; Logical Clock: 66
2023-03-08 12:15:01,072 : 1678295673.86812 Sent a message to Machines [2, 0]; Logical Clock: 67
2023-03-08 12:15:01,409 : 1678295673.86812 Internal Event!; Logical Clock: 68
2023-03-08 12:15:01,747 : 1678295673.86812 Sent a message to Machines [2, 0]; Logical Clock: 69
2023-03-08 12:15:02,088 : 1678295673.86812 Sent a message to Machine 2; Logical Clock: 70
2023-03-08 12:15:02,426 : 1678295673.86812 Internal Event!; Logical Clock: 71
2023-03-08 12:15:02,763 : 1678295673.86812 Sent a message to Machine 2; Logical Clock: 72
2023-03-08 12:15:03,099 : 1678295673.86812 Internal Event!; Logical Clock: 73
2023-03-08 12:15:03,436 : 1678295673.86812 Sent a message to Machine 0; Logical Clock: 74
2023-03-08 12:15:03,770 : 1678295673.86812 Received a message; Logical Clock: 75; Queue Length: 0
2023-03-08 12:15:04,105 : 1678295673.86812 Sent a message to Machine 0; Logical Clock: 76
2023-03-08 12:15:04,440 : 1678295673.86812 Internal Event!; Logical Clock: 77
2023-03-08 12:15:04,779 : 1678295673.86812 Internal Event!; Logical Clock: 78
2023-03-08 12:15:05,115 : 1678295673.86812 Received a message; Logical Clock: 79; Queue Length: 0
2023-03-08 12:15:05,449 : 1678295673.86812 Sent a message to Machine 2; Logical Clock: 80
2023-03-08 12:15:05,782 : 1678295673.86812 Sent a message to Machines [2, 0]; Logical Clock: 81
2023-03-08 12:15:06,118 : 1678295673.86812 Internal Event!; Logical Clock: 82
2023-03-08 12:15:06,454 : 1678295673.86812 Sent a message to Machine 0; Logical Clock: 83
2023-03-08 12:15:06,788 : 1678295673.86812 Sent a message to Machine 0; Logical Clock: 84
2023-03-08 12:15:07,126 : 1678295673.86812 Sent a message to Machines [2, 0]; Logical Clock: 85
2023-03-08 12:15:07,464 : 1678295673.86812 Internal Event!; Logical Clock: 86
2023-03-08 12:15:07,800 : 1678295673.86812 Sent a message to Machine 0; Logical Clock: 87
2023-03-08 12:15:08,138 : 1678295673.86812 Received a message; Logical Clock: 88; Queue Length: 0
2023-03-08 12:15:08,476 : 1678295673.86812 Internal Event!; Logical Clock: 89
2023-03-08 12:15:08,814 : 1678295673.86812 Sent a message to Machine 2; Logical Clock: 90
2023-03-08 12:15:09,148 : 1678295673.86812 Internal Event!; Logical Clock: 91
2023-03-08 12:15:09,484 : 1678295673.86812 Sent a message to Machines [2, 0]; Logical Clock: 92
2023-03-08 12:15:09,819 : 1678295673.86812 Sent a message to Machine 0; Logical Clock: 93
2023-03-08 12:15:10,156 : 1678295673.86812 Sent a message to Machines [2, 0]; Logical Clock: 94
2023-03-08 12:15:10,494 : 1678295673.86812 Sent a message to Machine 2; Logical Clock: 95
2023-03-08 12:15:10,831 : 1678295673.86812 Received a message; Logical Clock: 96; Queue Length: 0
2023-03-08 12:15:11,168 : 1678295673.86812 Received a message; Logical Clock: 97; Queue Length: 0
2023-03-08 12:15:11,506 : 1678295673.86812 Internal Event!; Logical Clock: 98
2023-03-08 12:15:11,840 : 1678295673.86812 Received a message; Logical Clock: 99; Queue Length: 0
2023-03-08 12:15:12,173 : 1678295673.86812 Received a message; Logical Clock: 100; Queue Length: 0
2023-03-08 12:15:12,509 : 1678295673.86812 Sent a message to Machine 2; Logical Clock: 101
2023-03-08 12:15:12,847 : 1678295673.86812 Received a message; Logical Clock: 102; Queue Length: 0
2023-03-08 12:15:13,184 : 1678295673.86812 Sent a message to Machines [2, 0]; Logical Clock: 103
2023-03-08 12:15:13,523 : 1678295673.86812 Sent a message to Machine 0; Logical Clock: 104
2023-03-08 12:15:13,860 : 1678295673.86812 Received a message; Logical Clock: 105; Queue Length: 0
2023-03-08 12:15:14,197 : 1678295673.86812 Sent a message to Machines [2, 0]; Logical Clock: 106
2023-03-08 12:15:14,533 : 1678295673.86812 Sent a message to Machine 0; Logical Clock: 107
2023-03-08 12:15:14,871 : 1678295673.86812 Sent a message to Machines [2, 0]; Logical Clock: 108
2023-03-08 12:15:15,207 : 1678295673.86812 Received a message; Logical Clock: 109; Queue Length: 0
2023-03-08 12:15:15,543 : 1678295673.86812 Received a message; Logical Clock: 110; Queue Length: 0
2023-03-08 12:15:15,880 : 1678295673.86812 Sent a message to Machine 2; Logical Clock: 111
2023-03-08 12:15:16,216 : 1678295673.86812 Sent a message to Machines [2, 0]; Logical Clock: 112
2023-03-08 12:15:16,551 : 1678295673.86812 Sent a message to Machine 2; Logical Clock: 113
2023-03-08 12:15:16,888 : 1678295673.86812 Received a message; Logical Clock: 114; Queue Length: 0
2023-03-08 12:15:17,222 : 1678295673.86812 Sent a message to Machines [2, 0]; Logical Clock: 115
2023-03-08 12:15:17,559 : 1678295673.86812 Sent a message to Machines [2, 0]; Logical Clock: 116
2023-03-08 12:15:17,897 : 1678295673.86812 Sent a message to Machines [2, 0]; Logical Clock: 117
2023-03-08 12:15:18,232 : 1678295673.86812 Sent a message to Machine 0; Logical Clock: 118
2023-03-08 12:15:18,570 : 1678295673.86812 Sent a message to Machine 2; Logical Clock: 119
2023-03-08 12:15:18,904 : 1678295673.86812 Sent a message to Machines [2, 0]; Logical Clock: 120
2023-03-08 12:15:19,240 : 1678295673.86812 Sent a message to Machine 2; Logical Clock: 121
2023-03-08 12:15:19,578 : 1678295673.86812 Sent a message to Machine 2; Logical Clock: 122
2023-03-08 12:15:19,916 : 1678295673.86812 Sent a message to Machines [2, 0]; Logical Clock: 123
2023-03-08 12:15:20,249 : 1678295673.86812 Received a message; Logical Clock: 124; Queue Length: 0
2023-03-08 12:15:20,584 : 1678295673.86812 Received a message; Logical Clock: 125; Queue Length: 0
2023-03-08 12:15:20,919 : 1678295673.86812 Internal Event!; Logical Clock: 126
2023-03-08 12:15:21,258 : 1678295673.86812 Sent a message to Machines [2, 0]; Logical Clock: 127
2023-03-08 12:15:21,595 : 1678295673.86812 Internal Event!; Logical Clock: 128
2023-03-08 12:15:21,932 : 1678295673.86812 Received a message; Logical Clock: 129; Queue Length: 0
2023-03-08 12:15:22,268 : 1678295673.86812 Sent a message to Machine 2; Logical Clock: 130
2023-03-08 12:15:22,602 : 1678295673.86812 Sent a message to Machine 2; Logical Clock: 131
2023-03-08 12:15:22,936 : 1678295673.86812 Sent a message to Machines [2, 0]; Logical Clock: 132
2023-03-08 12:15:23,273 : 1678295673.86812 Internal Event!; Logical Clock: 133
2023-03-08 12:15:23,609 : 1678295673.86812 Received a message; Logical Clock: 134; Queue Length: 0
2023-03-08 12:15:23,946 : 1678295673.86812 Internal Event!; Logical Clock: 135
2023-03-08 12:15:24,282 : 1678295673.86812 Received a message; Logical Clock: 136; Queue Length: 0
2023-03-08 12:15:24,617 : 1678295673.86812 Sent a message to Machine 0; Logical Clock: 137
2023-03-08 12:15:24,955 : 1678295673.86812 Sent a message to Machines [2, 0]; Logical Clock: 138
2023-03-08 12:15:25,291 : 1678295673.86812 Internal Event!; Logical Clock: 139
2023-03-08 12:15:25,629 : 1678295673.86812 Sent a message to Machine 2; Logical Clock: 140
2023-03-08 12:15:25,963 : 1678295673.86812 Internal Event!; Logical Clock: 141
2023-03-08 12:15:26,296 : 1678295673.86812 Sent a message to Machine 0; Logical Clock: 142
2023-03-08 12:15:26,632 : 1678295673.86812 Sent a message to Machines [2, 0]; Logical Clock: 143
2023-03-08 12:15:26,969 : 1678295673.86812 Internal Event!; Logical Clock: 144
2023-03-08 12:15:27,304 : 1678295673.86812 Sent a message to Machines [2, 0]; Logical Clock: 145
2023-03-08 12:15:27,641 : 1678295673.86812 Sent a message to Machine 0; Logical Clock: 146
2023-03-08 12:15:27,978 : 1678295673.86812 Received a message; Logical Clock: 147; Queue Length: 0
2023-03-08 12:15:28,316 : 1678295673.86812 Sent a message to Machine 2; Logical Clock: 148
2023-03-08 12:15:28,651 : 1678295673.86812 Received a message; Logical Clock: 149; Queue Length: 0
2023-03-08 12:15:28,986 : 1678295673.86812 Sent a message to Machine 0; Logical Clock: 150
2023-03-08 12:15:29,321 : 1678295673.86812 Internal Event!; Logical Clock: 151
2023-03-08 12:15:29,656 : 1678295673.86812 Sent a message to Machines [2, 0]; Logical Clock: 152
2023-03-08 12:15:29,990 : 1678295673.86812 Received a message; Logical Clock: 153; Queue Length: 0
2023-03-08 12:15:30,328 : 1678295673.86812 Internal Event!; Logical Clock: 154
2023-03-08 12:15:30,666 : 1678295673.86812 Sent a message to Machines [2, 0]; Logical Clock: 155
2023-03-08 12:15:31,003 : 1678295673.86812 Internal Event!; Logical Clock: 156
2023-03-08 12:15:31,336 : 1678295673.86812 Internal Event!; Logical Clock: 157
2023-03-08 12:15:31,672 : 1678295673.86812 Received a message; Logical Clock: 158; Queue Length: 0
2023-03-08 12:15:32,010 : 1678295673.86812 Sent a message to Machine 0; Logical Clock: 159
2023-03-08 12:15:32,346 : 1678295673.86812 Received a message; Logical Clock: 160; Queue Length: 0
2023-03-08 12:15:32,684 : 1678295673.86812 Internal Event!; Logical Clock: 161
2023-03-08 12:15:33,019 : 1678295673.86812 Sent a message to Machine 2; Logical Clock: 162
2023-03-08 12:15:33,355 : 1678295673.86812 Internal Event!; Logical Clock: 163
2023-03-08 12:15:33,694 : 1678295673.86812 Sent a message to Machine 2; Logical Clock: 164
2023-03-08 12:15:34,032 : 1678295673.86812 Received a message; Logical Clock: 165; Queue Length: 0
2023-03-08 12:15:34,368 : 1678295673.86812 Internal Event!; Logical Clock: 166
2023-03-08 12:15:34,705 : 1678295673.86812 Sent a message to Machines [2, 0]; Logical Clock: 167
2023-03-08 12:15:35,043 : 1678295673.86812 Sent a message to Machine 0; Logical Clock: 168
2023-03-08 12:15:35,381 : 1678295673.86812 Internal Event!; Logical Clock: 169
2023-03-08 12:15:35,720 : 1678295673.86812 Sent a message to Machine 2; Logical Clock: 170
2023-03-08 12:15:36,055 : 1678295673.86812 Received a message; Logical Clock: 171; Queue Length: 0
2023-03-08 12:15:36,392 : 1678295673.86812 Internal Event!; Logical Clock: 172
2023-03-08 12:15:36,729 : 1678295673.86812 Internal Event!; Logical Clock: 173
2023-03-08 12:15:37,066 : 1678295673.86812 Sent a message to Machine 2; Logical Clock: 174
2023-03-08 12:15:37,404 : 1678295673.86812 Sent a message to Machine 0; Logical Clock: 175
2023-03-08 12:15:37,743 : 1678295673.86812 Sent a message to Machine 0; Logical Clock: 176
2023-03-08 12:15:38,076 : 1678295673.86812 Received a message; Logical Clock: 177; Queue Length: 0
2023-03-08 12:15:38,413 : 1678295673.86812 Internal Event!; Logical Clock: 178
2023-03-08 12:15:38,746 : 1678295673.86812 Internal Event!; Logical Clock: 179
2023-03-08 12:15:39,084 : 1678295673.86812 Received a message; Logical Clock: 180; Queue Length: 0
