2023-03-08 03:38:27,771 : 1678264702.764012 Machine: 1 Clock Rate: 2
2023-03-08 03:38:27,771 : 1678264702.764012 Received a message; Logical Clock: 1; Queue Length: 0
2023-03-08 03:38:28,275 : 1678264702.764012 Received a message; Logical Clock: 2; Queue Length: 0
2023-03-08 03:38:28,780 : 1678264702.764012 Internal Event!; Logical Clock: 3
2023-03-08 03:38:29,281 : 1678264702.764012 Received a message; Logical Clock: 4; Queue Length: 0
2023-03-08 03:38:29,784 : 1678264702.764012 Sent a message to Machine 2; Logical Clock: 5
2023-03-08 03:38:30,289 : 1678264702.764012 Received a message; Logical Clock: 8; Queue Length: 0
2023-03-08 03:38:30,792 : 1678264702.764012 Sent a message to Machine 0; Logical Clock: 9
2023-03-08 03:38:31,293 : 1678264702.764012 Received a message; Logical Clock: 11; Queue Length: 0
2023-03-08 03:38:31,797 : 1678264702.764012 Internal Event!; Logical Clock: 12
2023-03-08 03:38:32,299 : 1678264702.764012 Received a message; Logical Clock: 14; Queue Length: 0
2023-03-08 03:38:32,803 : 1678264702.764012 Internal Event!; Logical Clock: 15
2023-03-08 03:38:33,307 : 1678264702.764012 Received a message; Logical Clock: 17; Queue Length: 0
2023-03-08 03:38:33,812 : 1678264702.764012 Received a message; Logical Clock: 18; Queue Length: 0
2023-03-08 03:38:34,316 : 1678264702.764012 Received a message; Logical Clock: 19; Queue Length: 0
2023-03-08 03:38:34,819 : 1678264702.764012 Sent a message to Machine 2; Logical Clock: 20
2023-03-08 03:38:35,323 : 1678264702.764012 Received a message; Logical Clock: 22; Queue Length: 0
2023-03-08 03:38:35,826 : 1678264702.764012 Internal Event!; Logical Clock: 23
2023-03-08 03:38:36,330 : 1678264702.764012 Received a message; Logical Clock: 25; Queue Length: 1
2023-03-08 03:38:36,834 : 1678264702.764012 Received a message; Logical Clock: 26; Queue Length: 0
2023-03-08 03:38:37,338 : 1678264702.764012 Internal Event!; Logical Clock: 27
2023-03-08 03:38:37,840 : 1678264702.764012 Sent a message to Machine 0; Logical Clock: 28
2023-03-08 03:38:38,345 : 1678264702.764012 Sent a message to Machines [2, 0]; Logical Clock: 29
2023-03-08 03:38:38,849 : 1678264702.764012 Sent a message to Machine 2; Logical Clock: 30
2023-03-08 03:38:39,352 : 1678264702.764012 Received a message; Logical Clock: 35; Queue Length: 0
2023-03-08 03:38:39,857 : 1678264702.764012 Internal Event!; Logical Clock: 36
2023-03-08 03:38:40,359 : 1678264702.764012 Internal Event!; Logical Clock: 37
2023-03-08 03:38:40,862 : 1678264702.764012 Internal Event!; Logical Clock: 38
2023-03-08 03:38:41,365 : 1678264702.764012 Internal Event!; Logical Clock: 39
2023-03-08 03:38:41,869 : 1678264702.764012 Sent a message to Machines [2, 0]; Logical Clock: 40
2023-03-08 03:38:42,373 : 1678264702.764012 Received a message; Logical Clock: 43; Queue Length: 0
2023-03-08 03:38:42,875 : 1678264702.764012 Internal Event!; Logical Clock: 44
2023-03-08 03:38:43,378 : 1678264702.764012 Received a message; Logical Clock: 46; Queue Length: 1
2023-03-08 03:38:43,880 : 1678264702.764012 Received a message; Logical Clock: 47; Queue Length: 0
2023-03-08 03:38:44,383 : 1678264702.764012 Received a message; Logical Clock: 50; Queue Length: 0
2023-03-08 03:38:44,887 : 1678264702.764012 Sent a message to Machine 0; Logical Clock: 51
2023-03-08 03:38:45,390 : 1678264702.764012 Received a message; Logical Clock: 52; Queue Length: 0
2023-03-08 03:38:45,895 : 1678264702.764012 Internal Event!; Logical Clock: 53
2023-03-08 03:38:46,398 : 1678264702.764012 Sent a message to Machine 0; Logical Clock: 54
2023-03-08 03:38:46,902 : 1678264702.764012 Internal Event!; Logical Clock: 55
2023-03-08 03:38:47,406 : 1678264702.764012 Internal Event!; Logical Clock: 56
2023-03-08 03:38:47,909 : 1678264702.764012 Sent a message to Machine 2; Logical Clock: 57
2023-03-08 03:38:48,412 : 1678264702.764012 Received a message; Logical Clock: 62; Queue Length: 1
2023-03-08 03:38:48,917 : 1678264702.764012 Received a message; Logical Clock: 63; Queue Length: 0
2023-03-08 03:38:49,420 : 1678264702.764012 Internal Event!; Logical Clock: 64
2023-03-08 03:38:49,923 : 1678264702.764012 Received a message; Logical Clock: 66; Queue Length: 0
2023-03-08 03:38:50,427 : 1678264702.764012 Internal Event!; Logical Clock: 67
2023-03-08 03:38:50,929 : 1678264702.764012 Received a message; Logical Clock: 69; Queue Length: 0
2023-03-08 03:38:51,430 : 1678264702.764012 Internal Event!; Logical Clock: 70
2023-03-08 03:38:51,933 : 1678264702.764012 Received a message; Logical Clock: 72; Queue Length: 0
2023-03-08 03:38:52,438 : 1678264702.764012 Internal Event!; Logical Clock: 73
2023-03-08 03:38:52,940 : 1678264702.764012 Sent a message to Machine 2; Logical Clock: 74
2023-03-08 03:38:53,440 : 1678264702.764012 Internal Event!; Logical Clock: 75
2023-03-08 03:38:53,941 : 1678264702.764012 Sent a message to Machines [2, 0]; Logical Clock: 76
2023-03-08 03:38:54,445 : 1678264702.764012 Internal Event!; Logical Clock: 77
2023-03-08 03:38:54,949 : 1678264702.764012 Sent a message to Machine 0; Logical Clock: 78
2023-03-08 03:38:55,453 : 1678264702.764012 Sent a message to Machine 0; Logical Clock: 79
2023-03-08 03:38:55,956 : 1678264702.764012 Sent a message to Machine 2; Logical Clock: 80
2023-03-08 03:38:56,456 : 1678264702.764012 Received a message; Logical Clock: 86; Queue Length: 0
2023-03-08 03:38:56,961 : 1678264702.764012 Received a message; Logical Clock: 87; Queue Length: 0
2023-03-08 03:38:57,465 : 1678264702.764012 Received a message; Logical Clock: 88; Queue Length: 0
2023-03-08 03:38:57,967 : 1678264702.764012 Internal Event!; Logical Clock: 89
2023-03-08 03:38:58,472 : 1678264702.764012 Sent a message to Machine 0; Logical Clock: 90
2023-03-08 03:38:58,973 : 1678264702.764012 Sent a message to Machines [2, 0]; Logical Clock: 91
2023-03-08 03:38:59,478 : 1678264702.764012 Sent a message to Machine 0; Logical Clock: 92
2023-03-08 03:38:59,982 : 1678264702.764012 Received a message; Logical Clock: 96; Queue Length: 0
2023-03-08 03:39:00,486 : 1678264702.764012 Sent a message to Machines [2, 0]; Logical Clock: 97
2023-03-08 03:39:00,990 : 1678264702.764012 Sent a message to Machine 2; Logical Clock: 98
2023-03-08 03:39:01,492 : 1678264702.764012 Sent a message to Machine 2; Logical Clock: 99
2023-03-08 03:39:01,992 : 1678264702.764012 Internal Event!; Logical Clock: 100
2023-03-08 03:39:02,494 : 1678264702.764012 Internal Event!; Logical Clock: 101
2023-03-08 03:39:02,995 : 1678264702.764012 Sent a message to Machines [2, 0]; Logical Clock: 102
2023-03-08 03:39:03,498 : 1678264702.764012 Received a message; Logical Clock: 106; Queue Length: 1
2023-03-08 03:39:04,001 : 1678264702.764012 Received a message; Logical Clock: 107; Queue Length: 0
2023-03-08 03:39:04,505 : 1678264702.764012 Received a message; Logical Clock: 110; Queue Length: 0
2023-03-08 03:39:05,010 : 1678264702.764012 Received a message; Logical Clock: 111; Queue Length: 0
2023-03-08 03:39:05,514 : 1678264702.764012 Received a message; Logical Clock: 112; Queue Length: 1
2023-03-08 03:39:06,018 : 1678264702.764012 Received a message; Logical Clock: 113; Queue Length: 2
2023-03-08 03:39:06,522 : 1678264702.764012 Received a message; Logical Clock: 114; Queue Length: 2
2023-03-08 03:39:07,026 : 1678264702.764012 Received a message; Logical Clock: 115; Queue Length: 2
2023-03-08 03:39:07,530 : 1678264702.764012 Received a message; Logical Clock: 116; Queue Length: 3
2023-03-08 03:39:08,031 : 1678264702.764012 Received a message; Logical Clock: 117; Queue Length: 2
2023-03-08 03:39:08,534 : 1678264702.764012 Received a message; Logical Clock: 118; Queue Length: 2
2023-03-08 03:39:09,039 : 1678264702.764012 Received a message; Logical Clock: 119; Queue Length: 1
2023-03-08 03:39:09,543 : 1678264702.764012 Received a message; Logical Clock: 122; Queue Length: 0
2023-03-08 03:39:10,046 : 1678264702.764012 Received a message; Logical Clock: 126; Queue Length: 0
2023-03-08 03:39:10,550 : 1678264702.764012 Sent a message to Machine 0; Logical Clock: 127
2023-03-08 03:39:11,050 : 1678264702.764012 Sent a message to Machines [2, 0]; Logical Clock: 128
2023-03-08 03:39:11,553 : 1678264702.764012 Internal Event!; Logical Clock: 129
2023-03-08 03:39:12,056 : 1678264702.764012 Sent a message to Machines [2, 0]; Logical Clock: 130
2023-03-08 03:39:12,559 : 1678264702.764012 Received a message; Logical Clock: 133; Queue Length: 0
2023-03-08 03:39:13,064 : 1678264702.764012 Received a message; Logical Clock: 135; Queue Length: 0
2023-03-08 03:39:13,568 : 1678264702.764012 Sent a message to Machines [2, 0]; Logical Clock: 136
2023-03-08 03:39:14,068 : 1678264702.764012 Sent a message to Machine 0; Logical Clock: 137
2023-03-08 03:39:14,573 : 1678264702.764012 Sent a message to Machine 0; Logical Clock: 138
2023-03-08 03:39:15,077 : 1678264702.764012 Sent a message to Machine 2; Logical Clock: 139
2023-03-08 03:39:15,580 : 1678264702.764012 Sent a message to Machines [2, 0]; Logical Clock: 140
2023-03-08 03:39:16,083 : 1678264702.764012 Sent a message to Machines [2, 0]; Logical Clock: 141
2023-03-08 03:39:16,584 : 1678264702.764012 Internal Event!; Logical Clock: 142
2023-03-08 03:39:17,086 : 1678264702.764012 Sent a message to Machine 0; Logical Clock: 143
2023-03-08 03:39:17,590 : 1678264702.764012 Internal Event!; Logical Clock: 144
2023-03-08 03:39:18,093 : 1678264702.764012 Sent a message to Machines [2, 0]; Logical Clock: 145
2023-03-08 03:39:18,594 : 1678264702.764012 Received a message; Logical Clock: 152; Queue Length: 0
2023-03-08 03:39:19,097 : 1678264702.764012 Sent a message to Machine 0; Logical Clock: 153
2023-03-08 03:39:19,599 : 1678264702.764012 Sent a message to Machines [2, 0]; Logical Clock: 154
2023-03-08 03:39:20,103 : 1678264702.764012 Sent a message to Machines [2, 0]; Logical Clock: 155
2023-03-08 03:39:20,606 : 1678264702.764012 Sent a message to Machine 0; Logical Clock: 156
2023-03-08 03:39:21,110 : 1678264702.764012 Sent a message to Machine 2; Logical Clock: 157
2023-03-08 03:39:21,614 : 1678264702.764012 Sent a message to Machines [2, 0]; Logical Clock: 158
2023-03-08 03:39:22,118 : 1678264702.764012 Received a message; Logical Clock: 162; Queue Length: 0
2023-03-08 03:39:22,623 : 1678264702.764012 Sent a message to Machine 2; Logical Clock: 163
2023-03-08 03:39:23,127 : 1678264702.764012 Received a message; Logical Clock: 164; Queue Length: 0
2023-03-08 03:39:23,631 : 1678264702.764012 Sent a message to Machine 2; Logical Clock: 165
2023-03-08 03:39:24,133 : 1678264702.764012 Internal Event!; Logical Clock: 166
2023-03-08 03:39:24,634 : 1678264702.764012 Sent a message to Machines [2, 0]; Logical Clock: 167
2023-03-08 03:39:25,137 : 1678264702.764012 Received a message; Logical Clock: 171; Queue Length: 0
2023-03-08 03:39:25,639 : 1678264702.764012 Received a message; Logical Clock: 172; Queue Length: 0
2023-03-08 03:39:26,142 : 1678264702.764012 Received a message; Logical Clock: 173; Queue Length: 1
2023-03-08 03:39:26,643 : 1678264702.764012 Received a message; Logical Clock: 174; Queue Length: 0
2023-03-08 03:39:27,147 : 1678264702.764012 Received a message; Logical Clock: 176; Queue Length: 0
2023-03-08 03:39:27,651 : 1678264702.764012 Received a message; Logical Clock: 178; Queue Length: 0
