2023-03-08 12:14:38,874 : 1678295673.8682618 Machine: 2 Clock Rate: 2
2023-03-08 12:14:38,874 : 1678295673.8682618 Sent a message to Machines [0, 1]; Logical Clock: 1
2023-03-08 12:14:39,378 : 1678295673.8682618 Sent a message to Machine 1; Logical Clock: 2
2023-03-08 12:14:39,882 : 1678295673.8682618 Sent a message to Machine 0; Logical Clock: 3
2023-03-08 12:14:40,386 : 1678295673.8682618 Sent a message to Machine 0; Logical Clock: 4
2023-03-08 12:14:40,891 : 1678295673.8682618 Internal Event!; Logical Clock: 5
2023-03-08 12:14:41,396 : 1678295673.8682618 Received a message; Logical Clock: 7; Queue Length: 1
2023-03-08 12:14:41,900 : 1678295673.8682618 Received a message; Logical Clock: 8; Queue Length: 0
2023-03-08 12:14:42,405 : 1678295673.8682618 Received a message; Logical Clock: 10; Queue Length: 1
2023-03-08 12:14:42,910 : 1678295673.8682618 Received a message; Logical Clock: 11; Queue Length: 0
2023-03-08 12:14:43,414 : 1678295673.8682618 Received a message; Logical Clock: 14; Queue Length: 0
2023-03-08 12:14:43,917 : 1678295673.8682618 Sent a message to Machine 1; Logical Clock: 15
2023-03-08 12:14:44,422 : 1678295673.8682618 Received a message; Logical Clock: 16; Queue Length: 0
2023-03-08 12:14:44,923 : 1678295673.8682618 Internal Event!; Logical Clock: 17
2023-03-08 12:14:45,425 : 1678295673.8682618 Sent a message to Machine 0; Logical Clock: 18
2023-03-08 12:14:45,929 : 1678295673.8682618 Internal Event!; Logical Clock: 19
2023-03-08 12:14:46,431 : 1678295673.8682618 Sent a message to Machines [0, 1]; Logical Clock: 20
2023-03-08 12:14:46,935 : 1678295673.8682618 Internal Event!; Logical Clock: 21
2023-03-08 12:14:47,440 : 1678295673.8682618 Received a message; Logical Clock: 26; Queue Length: 0
2023-03-08 12:14:47,943 : 1678295673.8682618 Sent a message to Machine 1; Logical Clock: 27
2023-03-08 12:14:48,446 : 1678295673.8682618 Received a message; Logical Clock: 29; Queue Length: 0
2023-03-08 12:14:48,947 : 1678295673.8682618 Sent a message to Machine 0; Logical Clock: 30
2023-03-08 12:14:49,451 : 1678295673.8682618 Received a message; Logical Clock: 32; Queue Length: 0
2023-03-08 12:14:49,955 : 1678295673.8682618 Received a message; Logical Clock: 33; Queue Length: 1
2023-03-08 12:14:50,457 : 1678295673.8682618 Received a message; Logical Clock: 34; Queue Length: 0
2023-03-08 12:14:50,961 : 1678295673.8682618 Sent a message to Machine 0; Logical Clock: 35
2023-03-08 12:14:51,464 : 1678295673.8682618 Received a message; Logical Clock: 37; Queue Length: 1
2023-03-08 12:14:51,964 : 1678295673.8682618 Received a message; Logical Clock: 38; Queue Length: 1
2023-03-08 12:14:52,465 : 1678295673.8682618 Received a message; Logical Clock: 39; Queue Length: 0
2023-03-08 12:14:52,966 : 1678295673.8682618 Internal Event!; Logical Clock: 40
2023-03-08 12:14:53,470 : 1678295673.8682618 Internal Event!; Logical Clock: 41
2023-03-08 12:14:53,970 : 1678295673.8682618 Received a message; Logical Clock: 45; Queue Length: 0
2023-03-08 12:14:54,474 : 1678295673.8682618 Received a message; Logical Clock: 46; Queue Length: 1
2023-03-08 12:14:54,978 : 1678295673.8682618 Received a message; Logical Clock: 47; Queue Length: 0
2023-03-08 12:14:55,480 : 1678295673.8682618 Sent a message to Machine 1; Logical Clock: 48
2023-03-08 12:14:55,984 : 1678295673.8682618 Internal Event!; Logical Clock: 49
2023-03-08 12:14:56,489 : 1678295673.8682618 Received a message; Logical Clock: 52; Queue Length: 0
2023-03-08 12:14:56,993 : 1678295673.8682618 Internal Event!; Logical Clock: 53
2023-03-08 12:14:57,497 : 1678295673.8682618 Received a message; Logical Clock: 56; Queue Length: 0
2023-03-08 12:14:58,000 : 1678295673.8682618 Received a message; Logical Clock: 57; Queue Length: 0
2023-03-08 12:14:58,502 : 1678295673.8682618 Sent a message to Machine 0; Logical Clock: 58
2023-03-08 12:14:59,006 : 1678295673.8682618 Internal Event!; Logical Clock: 59
2023-03-08 12:14:59,510 : 1678295673.8682618 Sent a message to Machine 1; Logical Clock: 60
2023-03-08 12:15:00,013 : 1678295673.8682618 Sent a message to Machines [0, 1]; Logical Clock: 61
2023-03-08 12:15:00,516 : 1678295673.8682618 Received a message; Logical Clock: 65; Queue Length: 0
2023-03-08 12:15:01,021 : 1678295673.8682618 Received a message; Logical Clock: 66; Queue Length: 0
2023-03-08 12:15:01,524 : 1678295673.8682618 Internal Event!; Logical Clock: 67
2023-03-08 12:15:02,035 : 1678295673.8682618 Internal Event!; Logical Clock: 68
2023-03-08 12:15:02,539 : 1678295673.8682618 Received a message; Logical Clock: 70; Queue Length: 1
2023-03-08 12:15:03,043 : 1678295673.8682618 Received a message; Logical Clock: 71; Queue Length: 1
2023-03-08 12:15:03,545 : 1678295673.8682618 Received a message; Logical Clock: 72; Queue Length: 0
2023-03-08 12:15:04,048 : 1678295673.8682618 Sent a message to Machines [0, 1]; Logical Clock: 73
2023-03-08 12:15:04,548 : 1678295673.8682618 Received a message; Logical Clock: 76; Queue Length: 0
2023-03-08 12:15:05,051 : 1678295673.8682618 Sent a message to Machine 1; Logical Clock: 77
2023-03-08 12:15:05,554 : 1678295673.8682618 Received a message; Logical Clock: 80; Queue Length: 0
2023-03-08 12:15:06,057 : 1678295673.8682618 Sent a message to Machines [0, 1]; Logical Clock: 81
2023-03-08 12:15:06,558 : 1678295673.8682618 Sent a message to Machines [0, 1]; Logical Clock: 82
2023-03-08 12:15:07,062 : 1678295673.8682618 Internal Event!; Logical Clock: 83
2023-03-08 12:15:07,563 : 1678295673.8682618 Internal Event!; Logical Clock: 84
2023-03-08 12:15:08,066 : 1678295673.8682618 Sent a message to Machine 1; Logical Clock: 85
2023-03-08 12:15:08,571 : 1678295673.8682618 Sent a message to Machines [0, 1]; Logical Clock: 86
2023-03-08 12:15:09,075 : 1678295673.8682618 Received a message; Logical Clock: 90; Queue Length: 0
2023-03-08 12:15:09,579 : 1678295673.8682618 Sent a message to Machines [0, 1]; Logical Clock: 91
2023-03-08 12:15:10,084 : 1678295673.8682618 Sent a message to Machines [0, 1]; Logical Clock: 92
2023-03-08 12:15:10,589 : 1678295673.8682618 Received a message; Logical Clock: 95; Queue Length: 0
2023-03-08 12:15:11,093 : 1678295673.8682618 Sent a message to Machine 1; Logical Clock: 96
2023-03-08 12:15:11,597 : 1678295673.8682618 Internal Event!; Logical Clock: 97
2023-03-08 12:15:12,101 : 1678295673.8682618 Sent a message to Machine 0; Logical Clock: 98
2023-03-08 12:15:12,601 : 1678295673.8682618 Received a message; Logical Clock: 101; Queue Length: 0
2023-03-08 12:15:13,104 : 1678295673.8682618 Internal Event!; Logical Clock: 102
2023-03-08 12:15:13,607 : 1678295673.8682618 Sent a message to Machine 1; Logical Clock: 103
2023-03-08 12:15:14,112 : 1678295673.8682618 Sent a message to Machine 0; Logical Clock: 104
2023-03-08 12:15:14,613 : 1678295673.8682618 Sent a message to Machines [0, 1]; Logical Clock: 105
2023-03-08 12:15:15,116 : 1678295673.8682618 Sent a message to Machine 1; Logical Clock: 106
2023-03-08 12:15:15,618 : 1678295673.8682618 Internal Event!; Logical Clock: 107
2023-03-08 12:15:16,122 : 1678295673.8682618 Received a message; Logical Clock: 111; Queue Length: 0
2023-03-08 12:15:16,626 : 1678295673.8682618 Received a message; Logical Clock: 113; Queue Length: 0
2023-03-08 12:15:17,130 : 1678295673.8682618 Received a message; Logical Clock: 114; Queue Length: 0
2023-03-08 12:15:17,634 : 1678295673.8682618 Sent a message to Machine 0; Logical Clock: 115
2023-03-08 12:15:18,136 : 1678295673.8682618 Internal Event!; Logical Clock: 116
2023-03-08 12:15:18,640 : 1678295673.8682618 Received a message; Logical Clock: 119; Queue Length: 0
2023-03-08 12:15:19,144 : 1678295673.8682618 Sent a message to Machine 0; Logical Clock: 120
2023-03-08 12:15:19,646 : 1678295673.8682618 Received a message; Logical Clock: 121; Queue Length: 1
2023-03-08 12:15:20,151 : 1678295673.8682618 Received a message; Logical Clock: 122; Queue Length: 0
2023-03-08 12:15:20,654 : 1678295673.8682618 Internal Event!; Logical Clock: 123
2023-03-08 12:15:21,156 : 1678295673.8682618 Internal Event!; Logical Clock: 124
2023-03-08 12:15:21,659 : 1678295673.8682618 Sent a message to Machine 1; Logical Clock: 125
2023-03-08 12:15:22,163 : 1678295673.8682618 Received a message; Logical Clock: 129; Queue Length: 0
2023-03-08 12:15:22,663 : 1678295673.8682618 Received a message; Logical Clock: 130; Queue Length: 1
2023-03-08 12:15:23,167 : 1678295673.8682618 Received a message; Logical Clock: 131; Queue Length: 1
2023-03-08 12:15:23,669 : 1678295673.8682618 Received a message; Logical Clock: 132; Queue Length: 0
2023-03-08 12:15:24,171 : 1678295673.8682618 Internal Event!; Logical Clock: 133
2023-03-08 12:15:24,675 : 1678295673.8682618 Received a message; Logical Clock: 137; Queue Length: 0
2023-03-08 12:15:25,175 : 1678295673.8682618 Sent a message to Machines [0, 1]; Logical Clock: 138
2023-03-08 12:15:25,675 : 1678295673.8682618 Received a message; Logical Clock: 139; Queue Length: 2
2023-03-08 12:15:26,180 : 1678295673.8682618 Received a message; Logical Clock: 140; Queue Length: 1
2023-03-08 12:15:26,684 : 1678295673.8682618 Received a message; Logical Clock: 141; Queue Length: 1
2023-03-08 12:15:27,186 : 1678295673.8682618 Received a message; Logical Clock: 143; Queue Length: 0
2023-03-08 12:15:27,686 : 1678295673.8682618 Sent a message to Machine 1; Logical Clock: 144
2023-03-08 12:15:28,190 : 1678295673.8682618 Internal Event!; Logical Clock: 145
2023-03-08 12:15:28,695 : 1678295673.8682618 Received a message; Logical Clock: 148; Queue Length: 0
2023-03-08 12:15:29,199 : 1678295673.8682618 Internal Event!; Logical Clock: 149
2023-03-08 12:15:29,703 : 1678295673.8682618 Sent a message to Machine 1; Logical Clock: 150
2023-03-08 12:15:30,206 : 1678295673.8682618 Internal Event!; Logical Clock: 151
2023-03-08 12:15:30,710 : 1678295673.8682618 Internal Event!; Logical Clock: 152
2023-03-08 12:15:31,215 : 1678295673.8682618 Internal Event!; Logical Clock: 153
2023-03-08 12:15:31,719 : 1678295673.8682618 Sent a message to Machines [0, 1]; Logical Clock: 154
2023-03-08 12:15:32,224 : 1678295673.8682618 Sent a message to Machine 1; Logical Clock: 155
2023-03-08 12:15:32,728 : 1678295673.8682618 Sent a message to Machine 0; Logical Clock: 156
2023-03-08 12:15:33,232 : 1678295673.8682618 Received a message; Logical Clock: 162; Queue Length: 0
2023-03-08 12:15:33,737 : 1678295673.8682618 Received a message; Logical Clock: 164; Queue Length: 0
2023-03-08 12:15:34,240 : 1678295673.8682618 Sent a message to Machine 0; Logical Clock: 165
2023-03-08 12:15:34,745 : 1678295673.8682618 Received a message; Logical Clock: 167; Queue Length: 0
2023-03-08 12:15:35,250 : 1678295673.8682618 Sent a message to Machine 0; Logical Clock: 168
2023-03-08 12:15:35,754 : 1678295673.8682618 Received a message; Logical Clock: 170; Queue Length: 0
2023-03-08 12:15:36,258 : 1678295673.8682618 Internal Event!; Logical Clock: 171
2023-03-08 12:15:36,762 : 1678295673.8682618 Internal Event!; Logical Clock: 172
2023-03-08 12:15:37,264 : 1678295673.8682618 Received a message; Logical Clock: 174; Queue Length: 0
2023-03-08 12:15:37,768 : 1678295673.8682618 Sent a message to Machine 1; Logical Clock: 175
2023-03-08 12:15:38,273 : 1678295673.8682618 Sent a message to Machine 0; Logical Clock: 176
2023-03-08 12:15:38,777 : 1678295673.8682618 Sent a message to Machine 1; Logical Clock: 177
