2023-03-08 03:43:05,226 : 1678264980.2224379 Machine: 2 Clock Rate: 2
2023-03-08 03:43:05,226 : 1678264980.2224379 Sent a message to Machine 0; Logical Clock: 1
2023-03-08 03:43:05,731 : 1678264980.2224379 Sent a message to Machines [0, 1]; Logical Clock: 2
2023-03-08 03:43:06,236 : 1678264980.2224379 Internal Event!; Logical Clock: 3
2023-03-08 03:43:06,737 : 1678264980.2224379 Received a message; Logical Clock: 5; Queue Length: 0
2023-03-08 03:43:07,238 : 1678264980.2224379 Internal Event!; Logical Clock: 6
2023-03-08 03:43:07,739 : 1678264980.2224379 Sent a message to Machine 1; Logical Clock: 7
2023-03-08 03:43:08,244 : 1678264980.2224379 Internal Event!; Logical Clock: 8
2023-03-08 03:43:08,748 : 1678264980.2224379 Internal Event!; Logical Clock: 9
2023-03-08 03:43:09,253 : 1678264980.2224379 Internal Event!; Logical Clock: 10
2023-03-08 03:43:09,757 : 1678264980.2224379 Sent a message to Machines [0, 1]; Logical Clock: 11
2023-03-08 03:43:10,261 : 1678264980.2224379 Sent a message to Machine 0; Logical Clock: 12
2023-03-08 03:43:10,765 : 1678264980.2224379 Sent a message to Machines [0, 1]; Logical Clock: 13
2023-03-08 03:43:11,270 : 1678264980.2224379 Sent a message to Machine 0; Logical Clock: 14
2023-03-08 03:43:11,774 : 1678264980.2224379 Internal Event!; Logical Clock: 15
2023-03-08 03:43:12,277 : 1678264980.2224379 Received a message; Logical Clock: 21; Queue Length: 0
2023-03-08 03:43:12,779 : 1678264980.2224379 Received a message; Logical Clock: 22; Queue Length: 1
2023-03-08 03:43:13,282 : 1678264980.2224379 Received a message; Logical Clock: 23; Queue Length: 1
2023-03-08 03:43:13,786 : 1678264980.2224379 Received a message; Logical Clock: 24; Queue Length: 0
2023-03-08 03:43:14,290 : 1678264980.2224379 Sent a message to Machines [0, 1]; Logical Clock: 25
2023-03-08 03:43:14,794 : 1678264980.2224379 Internal Event!; Logical Clock: 26
2023-03-08 03:43:15,297 : 1678264980.2224379 Internal Event!; Logical Clock: 27
2023-03-08 03:43:15,801 : 1678264980.2224379 Internal Event!; Logical Clock: 28
2023-03-08 03:43:16,306 : 1678264980.2224379 Sent a message to Machines [0, 1]; Logical Clock: 29
2023-03-08 03:43:16,810 : 1678264980.2224379 Received a message; Logical Clock: 34; Queue Length: 0
2023-03-08 03:43:17,315 : 1678264980.2224379 Sent a message to Machine 1; Logical Clock: 35
2023-03-08 03:43:17,819 : 1678264980.2224379 Sent a message to Machine 0; Logical Clock: 36
2023-03-08 03:43:18,321 : 1678264980.2224379 Sent a message to Machine 0; Logical Clock: 37
2023-03-08 03:43:18,821 : 1678264980.2224379 Received a message; Logical Clock: 40; Queue Length: 0
2023-03-08 03:43:19,325 : 1678264980.2224379 Internal Event!; Logical Clock: 41
2023-03-08 03:43:19,828 : 1678264980.2224379 Received a message; Logical Clock: 43; Queue Length: 0
2023-03-08 03:43:20,331 : 1678264980.2224379 Internal Event!; Logical Clock: 44
2023-03-08 03:43:20,836 : 1678264980.2224379 Received a message; Logical Clock: 45; Queue Length: 0
2023-03-08 03:43:21,341 : 1678264980.2224379 Received a message; Logical Clock: 46; Queue Length: 0
2023-03-08 03:43:21,842 : 1678264980.2224379 Sent a message to Machine 1; Logical Clock: 47
2023-03-08 03:43:22,343 : 1678264980.2224379 Sent a message to Machine 0; Logical Clock: 48
2023-03-08 03:43:22,844 : 1678264980.2224379 Received a message; Logical Clock: 50; Queue Length: 0
2023-03-08 03:43:23,348 : 1678264980.2224379 Sent a message to Machine 0; Logical Clock: 51
2023-03-08 03:43:23,851 : 1678264980.2224379 Internal Event!; Logical Clock: 52
2023-03-08 03:43:24,352 : 1678264980.2224379 Internal Event!; Logical Clock: 53
2023-03-08 03:43:24,856 : 1678264980.2224379 Internal Event!; Logical Clock: 54
2023-03-08 03:43:25,358 : 1678264980.2224379 Sent a message to Machine 1; Logical Clock: 55
2023-03-08 03:43:25,863 : 1678264980.2224379 Internal Event!; Logical Clock: 56
2023-03-08 03:43:26,364 : 1678264980.2224379 Internal Event!; Logical Clock: 57
2023-03-08 03:43:26,869 : 1678264980.2224379 Internal Event!; Logical Clock: 58
2023-03-08 03:43:27,369 : 1678264980.2224379 Sent a message to Machines [0, 1]; Logical Clock: 59
2023-03-08 03:43:27,874 : 1678264980.2224379 Received a message; Logical Clock: 68; Queue Length: 0
2023-03-08 03:43:28,378 : 1678264980.2224379 Internal Event!; Logical Clock: 69
2023-03-08 03:43:28,883 : 1678264980.2224379 Sent a message to Machine 1; Logical Clock: 70
2023-03-08 03:43:29,386 : 1678264980.2224379 Sent a message to Machine 0; Logical Clock: 71
2023-03-08 03:43:29,889 : 1678264980.2224379 Received a message; Logical Clock: 73; Queue Length: 1
2023-03-08 03:43:30,394 : 1678264980.2224379 Received a message; Logical Clock: 74; Queue Length: 0
2023-03-08 03:43:30,898 : 1678264980.2224379 Sent a message to Machines [0, 1]; Logical Clock: 75
2023-03-08 03:43:31,402 : 1678264980.2224379 Internal Event!; Logical Clock: 76
2023-03-08 03:43:31,902 : 1678264980.2224379 Received a message; Logical Clock: 77; Queue Length: 0
2023-03-08 03:43:32,407 : 1678264980.2224379 Sent a message to Machine 1; Logical Clock: 78
2023-03-08 03:43:32,906 : 1678264980.2224379 Received a message; Logical Clock: 79; Queue Length: 0
2023-03-08 03:43:33,408 : 1678264980.2224379 Sent a message to Machines [0, 1]; Logical Clock: 80
2023-03-08 03:43:33,911 : 1678264980.2224379 Received a message; Logical Clock: 84; Queue Length: 1
2023-03-08 03:43:34,415 : 1678264980.2224379 Received a message; Logical Clock: 85; Queue Length: 0
2023-03-08 03:43:34,919 : 1678264980.2224379 Internal Event!; Logical Clock: 86
2023-03-08 03:43:35,423 : 1678264980.2224379 Received a message; Logical Clock: 90; Queue Length: 0
2023-03-08 03:43:35,925 : 1678264980.2224379 Received a message; Logical Clock: 91; Queue Length: 0
2023-03-08 03:43:36,426 : 1678264980.2224379 Received a message; Logical Clock: 93; Queue Length: 0
2023-03-08 03:43:36,929 : 1678264980.2224379 Internal Event!; Logical Clock: 94
2023-03-08 03:43:37,432 : 1678264980.2224379 Sent a message to Machine 0; Logical Clock: 95
2023-03-08 03:43:37,936 : 1678264980.2224379 Sent a message to Machine 1; Logical Clock: 96
2023-03-08 03:43:38,441 : 1678264980.2224379 Internal Event!; Logical Clock: 97
2023-03-08 03:43:38,943 : 1678264980.2224379 Received a message; Logical Clock: 98; Queue Length: 1
2023-03-08 03:43:39,446 : 1678264980.2224379 Received a message; Logical Clock: 100; Queue Length: 2
2023-03-08 03:43:39,947 : 1678264980.2224379 Received a message; Logical Clock: 101; Queue Length: 1
2023-03-08 03:43:40,450 : 1678264980.2224379 Received a message; Logical Clock: 102; Queue Length: 0
2023-03-08 03:43:40,950 : 1678264980.2224379 Received a message; Logical Clock: 105; Queue Length: 0
2023-03-08 03:43:41,453 : 1678264980.2224379 Internal Event!; Logical Clock: 106
2023-03-08 03:43:41,954 : 1678264980.2224379 Sent a message to Machine 1; Logical Clock: 107
2023-03-08 03:43:42,455 : 1678264980.2224379 Sent a message to Machine 1; Logical Clock: 108
2023-03-08 03:43:42,960 : 1678264980.2224379 Sent a message to Machine 0; Logical Clock: 109
2023-03-08 03:43:43,465 : 1678264980.2224379 Internal Event!; Logical Clock: 110
2023-03-08 03:43:43,968 : 1678264980.2224379 Received a message; Logical Clock: 113; Queue Length: 0
2023-03-08 03:43:44,473 : 1678264980.2224379 Sent a message to Machine 1; Logical Clock: 114
2023-03-08 03:43:44,975 : 1678264980.2224379 Received a message; Logical Clock: 119; Queue Length: 0
2023-03-08 03:43:45,479 : 1678264980.2224379 Received a message; Logical Clock: 120; Queue Length: 0
2023-03-08 03:43:45,981 : 1678264980.2224379 Sent a message to Machine 1; Logical Clock: 121
2023-03-08 03:43:46,486 : 1678264980.2224379 Internal Event!; Logical Clock: 122
2023-03-08 03:43:46,991 : 1678264980.2224379 Received a message; Logical Clock: 124; Queue Length: 0
2023-03-08 03:43:47,495 : 1678264980.2224379 Internal Event!; Logical Clock: 125
2023-03-08 03:43:47,999 : 1678264980.2224379 Sent a message to Machine 0; Logical Clock: 126
2023-03-08 03:43:48,503 : 1678264980.2224379 Internal Event!; Logical Clock: 127
2023-03-08 03:43:49,005 : 1678264980.2224379 Received a message; Logical Clock: 130; Queue Length: 0
2023-03-08 03:43:49,507 : 1678264980.2224379 Sent a message to Machines [0, 1]; Logical Clock: 131
2023-03-08 03:43:50,011 : 1678264980.2224379 Sent a message to Machine 0; Logical Clock: 132
2023-03-08 03:43:50,514 : 1678264980.2224379 Internal Event!; Logical Clock: 133
2023-03-08 03:43:51,016 : 1678264980.2224379 Sent a message to Machine 0; Logical Clock: 134
2023-03-08 03:43:51,519 : 1678264980.2224379 Internal Event!; Logical Clock: 135
2023-03-08 03:43:52,020 : 1678264980.2224379 Sent a message to Machine 1; Logical Clock: 136
2023-03-08 03:43:52,523 : 1678264980.2224379 Sent a message to Machine 0; Logical Clock: 137
2023-03-08 03:43:53,025 : 1678264980.2224379 Sent a message to Machines [0, 1]; Logical Clock: 138
2023-03-08 03:43:53,527 : 1678264980.2224379 Internal Event!; Logical Clock: 139
2023-03-08 03:43:54,031 : 1678264980.2224379 Received a message; Logical Clock: 146; Queue Length: 0
2023-03-08 03:43:54,535 : 1678264980.2224379 Internal Event!; Logical Clock: 147
2023-03-08 03:43:55,035 : 1678264980.2224379 Received a message; Logical Clock: 148; Queue Length: 1
2023-03-08 03:43:55,537 : 1678264980.2224379 Received a message; Logical Clock: 149; Queue Length: 0
2023-03-08 03:43:56,042 : 1678264980.2224379 Internal Event!; Logical Clock: 150
2023-03-08 03:43:56,546 : 1678264980.2224379 Internal Event!; Logical Clock: 151
2023-03-08 03:43:57,050 : 1678264980.2224379 Internal Event!; Logical Clock: 152
2023-03-08 03:43:57,554 : 1678264980.2224379 Internal Event!; Logical Clock: 153
2023-03-08 03:43:58,055 : 1678264980.2224379 Received a message; Logical Clock: 154; Queue Length: 1
2023-03-08 03:43:58,558 : 1678264980.2224379 Received a message; Logical Clock: 157; Queue Length: 0
2023-03-08 03:43:59,060 : 1678264980.2224379 Internal Event!; Logical Clock: 158
2023-03-08 03:43:59,564 : 1678264980.2224379 Internal Event!; Logical Clock: 159
2023-03-08 03:44:00,068 : 1678264980.2224379 Received a message; Logical Clock: 164; Queue Length: 0
2023-03-08 03:44:00,573 : 1678264980.2224379 Received a message; Logical Clock: 165; Queue Length: 0
2023-03-08 03:44:01,074 : 1678264980.2224379 Received a message; Logical Clock: 166; Queue Length: 0
2023-03-08 03:44:01,578 : 1678264980.2224379 Internal Event!; Logical Clock: 167
2023-03-08 03:44:02,079 : 1678264980.2224379 Received a message; Logical Clock: 168; Queue Length: 1
2023-03-08 03:44:02,581 : 1678264980.2224379 Received a message; Logical Clock: 170; Queue Length: 1
2023-03-08 03:44:03,085 : 1678264980.2224379 Received a message; Logical Clock: 171; Queue Length: 0
2023-03-08 03:44:03,588 : 1678264980.2224379 Received a message; Logical Clock: 172; Queue Length: 0
2023-03-08 03:44:04,091 : 1678264980.2224379 Received a message; Logical Clock: 175; Queue Length: 0
2023-03-08 03:44:04,595 : 1678264980.2224379 Received a message; Logical Clock: 177; Queue Length: 0
2023-03-08 03:44:05,095 : 1678264980.2224379 Sent a message to Machine 1; Logical Clock: 178
