2023-03-08 03:43:05,225 : 1678264980.218455 Machine: 0 Clock Rate: 2
2023-03-08 03:43:05,226 : 1678264980.218455 Sent a message to Machine 1; Logical Clock: 1
2023-03-08 03:43:05,729 : 1678264980.218455 Received a message; Logical Clock: 2; Queue Length: 0
2023-03-08 03:43:06,231 : 1678264980.218455 Internal Event!; Logical Clock: 3
2023-03-08 03:43:06,731 : 1678264980.218455 Received a message; Logical Clock: 4; Queue Length: 0
2023-03-08 03:43:07,236 : 1678264980.218455 Received a message; Logical Clock: 6; Queue Length: 0
2023-03-08 03:43:07,739 : 1678264980.218455 Received a message; Logical Clock: 7; Queue Length: 0
2023-03-08 03:43:08,244 : 1678264980.218455 Internal Event!; Logical Clock: 8
2023-03-08 03:43:08,748 : 1678264980.218455 Received a message; Logical Clock: 10; Queue Length: 0
2023-03-08 03:43:09,253 : 1678264980.218455 Received a message; Logical Clock: 12; Queue Length: 0
2023-03-08 03:43:09,757 : 1678264980.218455 Sent a message to Machines [1, 2]; Logical Clock: 13
2023-03-08 03:43:10,261 : 1678264980.218455 Sent a message to Machines [1, 2]; Logical Clock: 14
2023-03-08 03:43:10,765 : 1678264980.218455 Received a message; Logical Clock: 15; Queue Length: 0
2023-03-08 03:43:11,270 : 1678264980.218455 Internal Event!; Logical Clock: 16
2023-03-08 03:43:11,775 : 1678264980.218455 Received a message; Logical Clock: 17; Queue Length: 0
2023-03-08 03:43:12,277 : 1678264980.218455 Sent a message to Machine 2; Logical Clock: 18
2023-03-08 03:43:12,779 : 1678264980.218455 Internal Event!; Logical Clock: 19
2023-03-08 03:43:13,282 : 1678264980.218455 Sent a message to Machine 1; Logical Clock: 20
2023-03-08 03:43:13,786 : 1678264980.218455 Sent a message to Machine 1; Logical Clock: 21
2023-03-08 03:43:14,290 : 1678264980.218455 Internal Event!; Logical Clock: 22
2023-03-08 03:43:14,794 : 1678264980.218455 Sent a message to Machine 1; Logical Clock: 23
2023-03-08 03:43:15,297 : 1678264980.218455 Sent a message to Machine 1; Logical Clock: 24
2023-03-08 03:43:15,801 : 1678264980.218455 Internal Event!; Logical Clock: 25
2023-03-08 03:43:16,306 : 1678264980.218455 Received a message; Logical Clock: 33; Queue Length: 0
2023-03-08 03:43:16,810 : 1678264980.218455 Sent a message to Machine 1; Logical Clock: 34
2023-03-08 03:43:17,315 : 1678264980.218455 Sent a message to Machines [1, 2]; Logical Clock: 35
2023-03-08 03:43:17,819 : 1678264980.218455 Internal Event!; Logical Clock: 36
2023-03-08 03:43:18,321 : 1678264980.218455 Received a message; Logical Clock: 37; Queue Length: 0
2023-03-08 03:43:18,821 : 1678264980.218455 Received a message; Logical Clock: 38; Queue Length: 1
2023-03-08 03:43:19,325 : 1678264980.218455 Received a message; Logical Clock: 41; Queue Length: 0
2023-03-08 03:43:19,828 : 1678264980.218455 Internal Event!; Logical Clock: 42
2023-03-08 03:43:20,331 : 1678264980.218455 Sent a message to Machine 2; Logical Clock: 43
2023-03-08 03:43:20,836 : 1678264980.218455 Sent a message to Machine 2; Logical Clock: 44
2023-03-08 03:43:21,341 : 1678264980.218455 Received a message; Logical Clock: 48; Queue Length: 0
2023-03-08 03:43:21,842 : 1678264980.218455 Received a message; Logical Clock: 49; Queue Length: 0
2023-03-08 03:43:22,344 : 1678264980.218455 Sent a message to Machine 2; Logical Clock: 50
2023-03-08 03:43:22,844 : 1678264980.218455 Received a message; Logical Clock: 51; Queue Length: 0
2023-03-08 03:43:23,348 : 1678264980.218455 Received a message; Logical Clock: 54; Queue Length: 0
2023-03-08 03:43:23,851 : 1678264980.218455 Received a message; Logical Clock: 55; Queue Length: 0
2023-03-08 03:43:24,352 : 1678264980.218455 Internal Event!; Logical Clock: 56
2023-03-08 03:43:24,856 : 1678264980.218455 Internal Event!; Logical Clock: 57
2023-03-08 03:43:25,358 : 1678264980.218455 Sent a message to Machines [1, 2]; Logical Clock: 58
2023-03-08 03:43:25,863 : 1678264980.218455 Sent a message to Machine 1; Logical Clock: 59
2023-03-08 03:43:26,364 : 1678264980.218455 Internal Event!; Logical Clock: 60
2023-03-08 03:43:26,869 : 1678264980.218455 Internal Event!; Logical Clock: 61
2023-03-08 03:43:27,369 : 1678264980.218455 Received a message; Logical Clock: 66; Queue Length: 0
2023-03-08 03:43:27,874 : 1678264980.218455 Internal Event!; Logical Clock: 67
2023-03-08 03:43:28,378 : 1678264980.218455 Sent a message to Machine 1; Logical Clock: 68
2023-03-08 03:43:28,883 : 1678264980.218455 Internal Event!; Logical Clock: 69
2023-03-08 03:43:29,386 : 1678264980.218455 Sent a message to Machines [1, 2]; Logical Clock: 70
2023-03-08 03:43:29,889 : 1678264980.218455 Received a message; Logical Clock: 71; Queue Length: 0
2023-03-08 03:43:30,394 : 1678264980.218455 Received a message; Logical Clock: 75; Queue Length: 0
2023-03-08 03:43:30,898 : 1678264980.218455 Received a message; Logical Clock: 76; Queue Length: 0
2023-03-08 03:43:31,402 : 1678264980.218455 Sent a message to Machine 2; Logical Clock: 77
2023-03-08 03:43:31,902 : 1678264980.218455 Internal Event!; Logical Clock: 78
2023-03-08 03:43:32,407 : 1678264980.218455 Sent a message to Machine 2; Logical Clock: 79
2023-03-08 03:43:32,911 : 1678264980.218455 Received a message; Logical Clock: 83; Queue Length: 0
2023-03-08 03:43:33,415 : 1678264980.218455 Sent a message to Machine 2; Logical Clock: 84
2023-03-08 03:43:33,920 : 1678264980.218455 Sent a message to Machine 1; Logical Clock: 85
2023-03-08 03:43:34,421 : 1678264980.218455 Sent a message to Machine 1; Logical Clock: 86
2023-03-08 03:43:34,924 : 1678264980.218455 Internal Event!; Logical Clock: 87
2023-03-08 03:43:35,426 : 1678264980.218455 Sent a message to Machine 2; Logical Clock: 88
2023-03-08 03:43:35,928 : 1678264980.218455 Received a message; Logical Clock: 92; Queue Length: 0
2023-03-08 03:43:36,430 : 1678264980.218455 Internal Event!; Logical Clock: 93
2023-03-08 03:43:36,936 : 1678264980.218455 Received a message; Logical Clock: 95; Queue Length: 0
2023-03-08 03:43:37,439 : 1678264980.218455 Received a message; Logical Clock: 96; Queue Length: 0
2023-03-08 03:43:37,942 : 1678264980.218455 Internal Event!; Logical Clock: 97
2023-03-08 03:43:38,444 : 1678264980.218455 Sent a message to Machine 2; Logical Clock: 98
2023-03-08 03:43:38,948 : 1678264980.218455 Sent a message to Machine 2; Logical Clock: 99
2023-03-08 03:43:39,452 : 1678264980.218455 Sent a message to Machine 1; Logical Clock: 100
2023-03-08 03:43:39,953 : 1678264980.218455 Received a message; Logical Clock: 104; Queue Length: 0
2023-03-08 03:43:40,453 : 1678264980.218455 Sent a message to Machine 2; Logical Clock: 105
2023-03-08 03:43:40,956 : 1678264980.218455 Received a message; Logical Clock: 107; Queue Length: 0
2023-03-08 03:43:41,460 : 1678264980.218455 Sent a message to Machine 1; Logical Clock: 108
2023-03-08 03:43:41,965 : 1678264980.218455 Received a message; Logical Clock: 110; Queue Length: 0
2023-03-08 03:43:42,469 : 1678264980.218455 Internal Event!; Logical Clock: 111
2023-03-08 03:43:42,970 : 1678264980.218455 Received a message; Logical Clock: 112; Queue Length: 0
2023-03-08 03:43:43,475 : 1678264980.218455 Sent a message to Machine 2; Logical Clock: 113
2023-03-08 03:43:43,977 : 1678264980.218455 Received a message; Logical Clock: 115; Queue Length: 0
2023-03-08 03:43:44,481 : 1678264980.218455 Internal Event!; Logical Clock: 116
2023-03-08 03:43:44,985 : 1678264980.218455 Internal Event!; Logical Clock: 117
2023-03-08 03:43:45,490 : 1678264980.218455 Sent a message to Machines [1, 2]; Logical Clock: 118
2023-03-08 03:43:45,993 : 1678264980.218455 Received a message; Logical Clock: 121; Queue Length: 1
2023-03-08 03:43:46,497 : 1678264980.218455 Received a message; Logical Clock: 122; Queue Length: 0
2023-03-08 03:43:47,002 : 1678264980.218455 Received a message; Logical Clock: 125; Queue Length: 0
2023-03-08 03:43:47,506 : 1678264980.218455 Sent a message to Machine 1; Logical Clock: 126
2023-03-08 03:43:48,010 : 1678264980.218455 Received a message; Logical Clock: 128; Queue Length: 1
2023-03-08 03:43:48,514 : 1678264980.218455 Received a message; Logical Clock: 129; Queue Length: 0
2023-03-08 03:43:49,019 : 1678264980.218455 Sent a message to Machines [1, 2]; Logical Clock: 130
2023-03-08 03:43:49,521 : 1678264980.218455 Sent a message to Machine 1; Logical Clock: 131
2023-03-08 03:43:50,026 : 1678264980.218455 Received a message; Logical Clock: 134; Queue Length: 1
2023-03-08 03:43:50,530 : 1678264980.218455 Received a message; Logical Clock: 135; Queue Length: 0
2023-03-08 03:43:51,032 : 1678264980.218455 Received a message; Logical Clock: 136; Queue Length: 0
2023-03-08 03:43:51,535 : 1678264980.218455 Received a message; Logical Clock: 138; Queue Length: 0
2023-03-08 03:43:52,039 : 1678264980.218455 Received a message; Logical Clock: 139; Queue Length: 0
2023-03-08 03:43:52,542 : 1678264980.218455 Received a message; Logical Clock: 140; Queue Length: 0
2023-03-08 03:43:53,045 : 1678264980.218455 Sent a message to Machine 1; Logical Clock: 141
2023-03-08 03:43:53,549 : 1678264980.218455 Sent a message to Machines [1, 2]; Logical Clock: 142
2023-03-08 03:43:54,052 : 1678264980.218455 Received a message; Logical Clock: 145; Queue Length: 0
2023-03-08 03:43:54,556 : 1678264980.218455 Sent a message to Machine 2; Logical Clock: 146
2023-03-08 03:43:55,059 : 1678264980.218455 Sent a message to Machine 1; Logical Clock: 147
2023-03-08 03:43:55,562 : 1678264980.218455 Sent a message to Machine 1; Logical Clock: 148
2023-03-08 03:43:56,065 : 1678264980.218455 Internal Event!; Logical Clock: 149
2023-03-08 03:43:56,568 : 1678264980.218455 Internal Event!; Logical Clock: 150
2023-03-08 03:43:57,070 : 1678264980.218455 Sent a message to Machine 1; Logical Clock: 151
2023-03-08 03:43:57,573 : 1678264980.218455 Sent a message to Machine 2; Logical Clock: 152
2023-03-08 03:43:58,073 : 1678264980.218455 Received a message; Logical Clock: 158; Queue Length: 0
2023-03-08 03:43:58,577 : 1678264980.218455 Sent a message to Machine 1; Logical Clock: 159
2023-03-08 03:43:59,078 : 1678264980.218455 Sent a message to Machine 1; Logical Clock: 160
2023-03-08 03:43:59,583 : 1678264980.218455 Internal Event!; Logical Clock: 161
2023-03-08 03:44:00,086 : 1678264980.218455 Sent a message to Machines [1, 2]; Logical Clock: 162
2023-03-08 03:44:00,591 : 1678264980.218455 Sent a message to Machine 2; Logical Clock: 163
2023-03-08 03:44:01,091 : 1678264980.218455 Received a message; Logical Clock: 166; Queue Length: 0
2023-03-08 03:44:01,592 : 1678264980.218455 Sent a message to Machine 2; Logical Clock: 167
2023-03-08 03:44:02,097 : 1678264980.218455 Received a message; Logical Clock: 169; Queue Length: 0
2023-03-08 03:44:02,599 : 1678264980.218455 Sent a message to Machines [1, 2]; Logical Clock: 170
2023-03-08 03:44:03,102 : 1678264980.218455 Sent a message to Machine 2; Logical Clock: 171
2023-03-08 03:44:03,606 : 1678264980.218455 Received a message; Logical Clock: 174; Queue Length: 0
2023-03-08 03:44:04,106 : 1678264980.218455 Sent a message to Machines [1, 2]; Logical Clock: 175
2023-03-08 03:44:04,606 : 1678264980.218455 Sent a message to Machine 1; Logical Clock: 176
2023-03-08 03:44:05,110 : 1678264980.218455 Received a message; Logical Clock: 179; Queue Length: 0
