2023-03-08 12:14:38,868 : 1678295673.864175 Machine: 0 Clock Rate: 3
2023-03-08 12:14:38,868 : 1678295673.864175 Sent a message to Machine 1; Logical Clock: 1
2023-03-08 12:14:39,205 : 1678295673.864175 Sent a message to Machine 1; Logical Clock: 2
2023-03-08 12:14:39,540 : 1678295673.864175 Internal Event!; Logical Clock: 3
2023-03-08 12:14:39,877 : 1678295673.864175 Sent a message to Machines [1, 2]; Logical Clock: 4
2023-03-08 12:14:40,215 : 1678295673.864175 Received a message; Logical Clock: 5; Queue Length: 0
2023-03-08 12:14:40,553 : 1678295673.864175 Received a message; Logical Clock: 6; Queue Length: 0
2023-03-08 12:14:40,891 : 1678295673.864175 Sent a message to Machine 2; Logical Clock: 7
2023-03-08 12:14:41,229 : 1678295673.864175 Sent a message to Machine 1; Logical Clock: 8
2023-03-08 12:14:41,566 : 1678295673.864175 Internal Event!; Logical Clock: 9
2023-03-08 12:14:41,903 : 1678295673.864175 Internal Event!; Logical Clock: 10
2023-03-08 12:14:42,241 : 1678295673.864175 Sent a message to Machine 2; Logical Clock: 11
2023-03-08 12:14:42,579 : 1678295673.864175 Received a message; Logical Clock: 12; Queue Length: 0
2023-03-08 12:14:42,914 : 1678295673.864175 Sent a message to Machines [1, 2]; Logical Clock: 13
2023-03-08 12:14:43,250 : 1678295673.864175 Sent a message to Machine 2; Logical Clock: 14
2023-03-08 12:14:43,587 : 1678295673.864175 Sent a message to Machines [1, 2]; Logical Clock: 15
2023-03-08 12:14:43,925 : 1678295673.864175 Sent a message to Machine 2; Logical Clock: 16
2023-03-08 12:14:44,263 : 1678295673.864175 Internal Event!; Logical Clock: 17
2023-03-08 12:14:44,599 : 1678295673.864175 Received a message; Logical Clock: 18; Queue Length: 0
2023-03-08 12:14:44,933 : 1678295673.864175 Received a message; Logical Clock: 19; Queue Length: 0
2023-03-08 12:14:45,272 : 1678295673.864175 Received a message; Logical Clock: 20; Queue Length: 0
2023-03-08 12:14:45,609 : 1678295673.864175 Received a message; Logical Clock: 21; Queue Length: 1
2023-03-08 12:14:45,947 : 1678295673.864175 Received a message; Logical Clock: 22; Queue Length: 1
2023-03-08 12:14:46,281 : 1678295673.864175 Received a message; Logical Clock: 23; Queue Length: 1
2023-03-08 12:14:46,620 : 1678295673.864175 Received a message; Logical Clock: 24; Queue Length: 1
2023-03-08 12:14:46,956 : 1678295673.864175 Received a message; Logical Clock: 25; Queue Length: 0
2023-03-08 12:14:47,293 : 1678295673.864175 Sent a message to Machines [1, 2]; Logical Clock: 26
2023-03-08 12:14:47,630 : 1678295673.864175 Internal Event!; Logical Clock: 27
2023-03-08 12:14:47,965 : 1678295673.864175 Internal Event!; Logical Clock: 28
2023-03-08 12:14:48,300 : 1678295673.864175 Sent a message to Machine 2; Logical Clock: 29
2023-03-08 12:14:48,635 : 1678295673.864175 Received a message; Logical Clock: 30; Queue Length: 0
2023-03-08 12:14:48,973 : 1678295673.864175 Received a message; Logical Clock: 31; Queue Length: 0
2023-03-08 12:14:49,311 : 1678295673.864175 Received a message; Logical Clock: 32; Queue Length: 0
2023-03-08 12:14:49,647 : 1678295673.864175 Sent a message to Machine 2; Logical Clock: 33
2023-03-08 12:14:49,985 : 1678295673.864175 Sent a message to Machines [1, 2]; Logical Clock: 34
2023-03-08 12:14:50,321 : 1678295673.864175 Sent a message to Machine 1; Logical Clock: 35
2023-03-08 12:14:50,659 : 1678295673.864175 Internal Event!; Logical Clock: 36
2023-03-08 12:14:50,997 : 1678295673.864175 Received a message; Logical Clock: 37; Queue Length: 0
2023-03-08 12:14:51,332 : 1678295673.864175 Sent a message to Machines [1, 2]; Logical Clock: 38
2023-03-08 12:14:51,665 : 1678295673.864175 Sent a message to Machine 1; Logical Clock: 39
2023-03-08 12:14:52,002 : 1678295673.864175 Internal Event!; Logical Clock: 40
2023-03-08 12:14:52,336 : 1678295673.864175 Internal Event!; Logical Clock: 41
2023-03-08 12:14:52,674 : 1678295673.864175 Internal Event!; Logical Clock: 42
2023-03-08 12:14:53,012 : 1678295673.864175 Internal Event!; Logical Clock: 43
2023-03-08 12:14:53,350 : 1678295673.864175 Received a message; Logical Clock: 44; Queue Length: 0
2023-03-08 12:14:53,686 : 1678295673.864175 Sent a message to Machines [1, 2]; Logical Clock: 45
2023-03-08 12:14:54,022 : 1678295673.864175 Sent a message to Machine 2; Logical Clock: 46
2023-03-08 12:14:54,360 : 1678295673.864175 Internal Event!; Logical Clock: 47
2023-03-08 12:14:54,697 : 1678295673.864175 Sent a message to Machines [1, 2]; Logical Clock: 48
2023-03-08 12:14:55,034 : 1678295673.864175 Received a message; Logical Clock: 49; Queue Length: 0
2023-03-08 12:14:55,368 : 1678295673.864175 Sent a message to Machine 1; Logical Clock: 50
2023-03-08 12:14:55,705 : 1678295673.864175 Internal Event!; Logical Clock: 51
2023-03-08 12:14:56,039 : 1678295673.864175 Sent a message to Machine 2; Logical Clock: 52
2023-03-08 12:14:56,373 : 1678295673.864175 Internal Event!; Logical Clock: 53
2023-03-08 12:14:56,708 : 1678295673.864175 Sent a message to Machine 1; Logical Clock: 54
2023-03-08 12:14:57,046 : 1678295673.864175 Internal Event!; Logical Clock: 55
2023-03-08 12:14:57,382 : 1678295673.864175 Sent a message to Machine 2; Logical Clock: 56
2023-03-08 12:14:57,719 : 1678295673.864175 Received a message; Logical Clock: 57; Queue Length: 0
2023-03-08 12:14:58,053 : 1678295673.864175 Internal Event!; Logical Clock: 58
2023-03-08 12:14:58,387 : 1678295673.864175 Internal Event!; Logical Clock: 59
2023-03-08 12:14:58,721 : 1678295673.864175 Received a message; Logical Clock: 60; Queue Length: 0
2023-03-08 12:14:59,058 : 1678295673.864175 Sent a message to Machine 1; Logical Clock: 61
2023-03-08 12:14:59,396 : 1678295673.864175 Sent a message to Machines [1, 2]; Logical Clock: 62
2023-03-08 12:14:59,734 : 1678295673.864175 Internal Event!; Logical Clock: 63
2023-03-08 12:15:00,068 : 1678295673.864175 Sent a message to Machines [1, 2]; Logical Clock: 64
2023-03-08 12:15:00,404 : 1678295673.864175 Sent a message to Machine 2; Logical Clock: 65
2023-03-08 12:15:00,738 : 1678295673.864175 Sent a message to Machine 2; Logical Clock: 66
2023-03-08 12:15:01,072 : 1678295673.864175 Internal Event!; Logical Clock: 67
2023-03-08 12:15:01,409 : 1678295673.864175 Sent a message to Machines [1, 2]; Logical Clock: 68
2023-03-08 12:15:01,747 : 1678295673.864175 Internal Event!; Logical Clock: 69
2023-03-08 12:15:02,088 : 1678295673.864175 Sent a message to Machines [1, 2]; Logical Clock: 70
2023-03-08 12:15:02,426 : 1678295673.864175 Sent a message to Machine 2; Logical Clock: 71
2023-03-08 12:15:02,763 : 1678295673.864175 Internal Event!; Logical Clock: 72
2023-03-08 12:15:03,099 : 1678295673.864175 Internal Event!; Logical Clock: 73
2023-03-08 12:15:03,436 : 1678295673.864175 Sent a message to Machine 1; Logical Clock: 74
2023-03-08 12:15:03,770 : 1678295673.864175 Received a message; Logical Clock: 75; Queue Length: 0
2023-03-08 12:15:04,105 : 1678295673.864175 Sent a message to Machine 2; Logical Clock: 76
2023-03-08 12:15:04,440 : 1678295673.864175 Received a message; Logical Clock: 77; Queue Length: 0
2023-03-08 12:15:04,779 : 1678295673.864175 Internal Event!; Logical Clock: 78
2023-03-08 12:15:05,115 : 1678295673.864175 Sent a message to Machines [1, 2]; Logical Clock: 79
2023-03-08 12:15:05,449 : 1678295673.864175 Sent a message to Machines [1, 2]; Logical Clock: 80
2023-03-08 12:15:05,782 : 1678295673.864175 Internal Event!; Logical Clock: 81
2023-03-08 12:15:06,118 : 1678295673.864175 Sent a message to Machines [1, 2]; Logical Clock: 82
2023-03-08 12:15:06,454 : 1678295673.864175 Internal Event!; Logical Clock: 83
2023-03-08 12:15:06,788 : 1678295673.864175 Received a message; Logical Clock: 84; Queue Length: 0
2023-03-08 12:15:07,126 : 1678295673.864175 Received a message; Logical Clock: 85; Queue Length: 0
2023-03-08 12:15:07,464 : 1678295673.864175 Internal Event!; Logical Clock: 86
2023-03-08 12:15:07,800 : 1678295673.864175 Sent a message to Machines [1, 2]; Logical Clock: 87
2023-03-08 12:15:08,138 : 1678295673.864175 Received a message; Logical Clock: 88; Queue Length: 0
2023-03-08 12:15:08,476 : 1678295673.864175 Internal Event!; Logical Clock: 89
2023-03-08 12:15:08,814 : 1678295673.864175 Internal Event!; Logical Clock: 90
2023-03-08 12:15:09,148 : 1678295673.864175 Sent a message to Machines [1, 2]; Logical Clock: 91
2023-03-08 12:15:09,484 : 1678295673.864175 Internal Event!; Logical Clock: 92
2023-03-08 12:15:09,819 : 1678295673.864175 Internal Event!; Logical Clock: 93
2023-03-08 12:15:10,156 : 1678295673.864175 Received a message; Logical Clock: 94; Queue Length: 0
2023-03-08 12:15:10,494 : 1678295673.864175 Sent a message to Machine 1; Logical Clock: 95
2023-03-08 12:15:10,831 : 1678295673.864175 Sent a message to Machines [1, 2]; Logical Clock: 96
2023-03-08 12:15:11,168 : 1678295673.864175 Internal Event!; Logical Clock: 97
2023-03-08 12:15:11,506 : 1678295673.864175 Sent a message to Machine 1; Logical Clock: 98
2023-03-08 12:15:11,840 : 1678295673.864175 Sent a message to Machine 1; Logical Clock: 99
2023-03-08 12:15:12,173 : 1678295673.864175 Received a message; Logical Clock: 100; Queue Length: 0
2023-03-08 12:15:12,509 : 1678295673.864175 Sent a message to Machine 1; Logical Clock: 101
2023-03-08 12:15:12,847 : 1678295673.864175 Sent a message to Machines [1, 2]; Logical Clock: 102
2023-03-08 12:15:13,184 : 1678295673.864175 Internal Event!; Logical Clock: 103
2023-03-08 12:15:13,522 : 1678295673.864175 Internal Event!; Logical Clock: 104
2023-03-08 12:15:13,860 : 1678295673.864175 Received a message; Logical Clock: 105; Queue Length: 0
2023-03-08 12:15:14,197 : 1678295673.864175 Received a message; Logical Clock: 106; Queue Length: 0
2023-03-08 12:15:14,533 : 1678295673.864175 Internal Event!; Logical Clock: 107
2023-03-08 12:15:14,871 : 1678295673.864175 Received a message; Logical Clock: 108; Queue Length: 0
2023-03-08 12:15:15,207 : 1678295673.864175 Sent a message to Machine 1; Logical Clock: 109
2023-03-08 12:15:15,543 : 1678295673.864175 Internal Event!; Logical Clock: 110
2023-03-08 12:15:15,880 : 1678295673.864175 Internal Event!; Logical Clock: 111
2023-03-08 12:15:16,216 : 1678295673.864175 Internal Event!; Logical Clock: 112
2023-03-08 12:15:16,551 : 1678295673.864175 Sent a message to Machine 1; Logical Clock: 113
2023-03-08 12:15:16,889 : 1678295673.864175 Sent a message to Machine 2; Logical Clock: 114
2023-03-08 12:15:17,222 : 1678295673.864175 Internal Event!; Logical Clock: 115
2023-03-08 12:15:17,559 : 1678295673.864175 Sent a message to Machines [1, 2]; Logical Clock: 116
2023-03-08 12:15:17,897 : 1678295673.864175 Received a message; Logical Clock: 117; Queue Length: 0
2023-03-08 12:15:18,232 : 1678295673.864175 Sent a message to Machines [1, 2]; Logical Clock: 118
2023-03-08 12:15:18,570 : 1678295673.864175 Received a message; Logical Clock: 119; Queue Length: 0
2023-03-08 12:15:18,904 : 1678295673.864175 Internal Event!; Logical Clock: 120
2023-03-08 12:15:19,240 : 1678295673.864175 Received a message; Logical Clock: 121; Queue Length: 0
2023-03-08 12:15:19,578 : 1678295673.864175 Internal Event!; Logical Clock: 122
2023-03-08 12:15:19,916 : 1678295673.864175 Sent a message to Machine 1; Logical Clock: 123
2023-03-08 12:15:20,249 : 1678295673.864175 Sent a message to Machine 1; Logical Clock: 124
2023-03-08 12:15:20,584 : 1678295673.864175 Sent a message to Machines [1, 2]; Logical Clock: 125
2023-03-08 12:15:20,919 : 1678295673.864175 Internal Event!; Logical Clock: 126
2023-03-08 12:15:21,257 : 1678295673.864175 Internal Event!; Logical Clock: 127
2023-03-08 12:15:21,595 : 1678295673.864175 Internal Event!; Logical Clock: 128
2023-03-08 12:15:21,932 : 1678295673.864175 Sent a message to Machine 2; Logical Clock: 129
2023-03-08 12:15:22,267 : 1678295673.864175 Internal Event!; Logical Clock: 130
2023-03-08 12:15:22,602 : 1678295673.864175 Internal Event!; Logical Clock: 131
2023-03-08 12:15:22,936 : 1678295673.864175 Sent a message to Machine 2; Logical Clock: 132
2023-03-08 12:15:23,273 : 1678295673.864175 Sent a message to Machine 1; Logical Clock: 133
2023-03-08 12:15:23,609 : 1678295673.864175 Sent a message to Machines [1, 2]; Logical Clock: 134
2023-03-08 12:15:23,946 : 1678295673.864175 Sent a message to Machine 1; Logical Clock: 135
2023-03-08 12:15:24,282 : 1678295673.864175 Internal Event!; Logical Clock: 136
2023-03-08 12:15:24,617 : 1678295673.864175 Sent a message to Machine 2; Logical Clock: 137
2023-03-08 12:15:24,955 : 1678295673.864175 Received a message; Logical Clock: 138; Queue Length: 0
2023-03-08 12:15:25,293 : 1678295673.864175 Sent a message to Machine 2; Logical Clock: 139
2023-03-08 12:15:25,631 : 1678295673.864175 Sent a message to Machine 2; Logical Clock: 140
2023-03-08 12:15:25,968 : 1678295673.864175 Sent a message to Machines [1, 2]; Logical Clock: 141
2023-03-08 12:15:26,304 : 1678295673.864175 Received a message; Logical Clock: 142; Queue Length: 0
2023-03-08 12:15:26,642 : 1678295673.864175 Sent a message to Machine 2; Logical Clock: 143
2023-03-08 12:15:26,980 : 1678295673.864175 Sent a message to Machines [1, 2]; Logical Clock: 144
2023-03-08 12:15:27,315 : 1678295673.864175 Internal Event!; Logical Clock: 145
2023-03-08 12:15:27,649 : 1678295673.864175 Received a message; Logical Clock: 146; Queue Length: 0
2023-03-08 12:15:27,983 : 1678295673.864175 Internal Event!; Logical Clock: 147
2023-03-08 12:15:28,320 : 1678295673.864175 Sent a message to Machine 1; Logical Clock: 148
2023-03-08 12:15:28,654 : 1678295673.864175 Internal Event!; Logical Clock: 149
2023-03-08 12:15:28,991 : 1678295673.864175 Received a message; Logical Clock: 150; Queue Length: 0
2023-03-08 12:15:29,328 : 1678295673.864175 Sent a message to Machines [1, 2]; Logical Clock: 151
2023-03-08 12:15:29,664 : 1678295673.864175 Sent a message to Machines [1, 2]; Logical Clock: 152
2023-03-08 12:15:30,000 : 1678295673.864175 Sent a message to Machines [1, 2]; Logical Clock: 153
2023-03-08 12:15:30,336 : 1678295673.864175 Internal Event!; Logical Clock: 154
2023-03-08 12:15:30,672 : 1678295673.864175 Internal Event!; Logical Clock: 155
2023-03-08 12:15:31,009 : 1678295673.864175 Internal Event!; Logical Clock: 156
2023-03-08 12:15:31,347 : 1678295673.864175 Sent a message to Machine 1; Logical Clock: 157
2023-03-08 12:15:31,684 : 1678295673.864175 Internal Event!; Logical Clock: 158
2023-03-08 12:15:32,018 : 1678295673.864175 Received a message; Logical Clock: 159; Queue Length: 0
2023-03-08 12:15:32,356 : 1678295673.864175 Internal Event!; Logical Clock: 160
2023-03-08 12:15:32,694 : 1678295673.864175 Sent a message to Machines [1, 2]; Logical Clock: 161
2023-03-08 12:15:33,032 : 1678295673.864175 Received a message; Logical Clock: 162; Queue Length: 0
2023-03-08 12:15:33,370 : 1678295673.864175 Sent a message to Machines [1, 2]; Logical Clock: 163
2023-03-08 12:15:33,705 : 1678295673.864175 Sent a message to Machine 1; Logical Clock: 164
2023-03-08 12:15:34,042 : 1678295673.864175 Sent a message to Machines [1, 2]; Logical Clock: 165
2023-03-08 12:15:34,380 : 1678295673.864175 Received a message; Logical Clock: 166; Queue Length: 0
2023-03-08 12:15:34,713 : 1678295673.864175 Sent a message to Machine 2; Logical Clock: 167
2023-03-08 12:15:35,048 : 1678295673.864175 Received a message; Logical Clock: 168; Queue Length: 0
2023-03-08 12:15:35,385 : 1678295673.864175 Received a message; Logical Clock: 169; Queue Length: 0
2023-03-08 12:15:35,720 : 1678295673.864175 Sent a message to Machine 1; Logical Clock: 170
2023-03-08 12:15:36,055 : 1678295673.864175 Internal Event!; Logical Clock: 171
2023-03-08 12:15:36,392 : 1678295673.864175 Internal Event!; Logical Clock: 172
2023-03-08 12:15:36,729 : 1678295673.864175 Internal Event!; Logical Clock: 173
2023-03-08 12:15:37,066 : 1678295673.864175 Internal Event!; Logical Clock: 174
2023-03-08 12:15:37,404 : 1678295673.864175 Sent a message to Machines [1, 2]; Logical Clock: 175
2023-03-08 12:15:37,743 : 1678295673.864175 Received a message; Logical Clock: 176; Queue Length: 0
2023-03-08 12:15:38,076 : 1678295673.864175 Received a message; Logical Clock: 177; Queue Length: 0
2023-03-08 12:15:38,413 : 1678295673.864175 Received a message; Logical Clock: 178; Queue Length: 0
2023-03-08 12:15:38,746 : 1678295673.864175 Sent a message to Machines [1, 2]; Logical Clock: 179
2023-03-08 12:15:39,084 : 1678295673.864175 Sent a message to Machine 1; Logical Clock: 180
