2023-03-08 00:20:29,259 : 1678252824.251724 Machine: 2 Clock Rate: 5
2023-03-08 00:20:29,259 : 1678252824.251724 Sent a message to Machine 1; Logical Clock: 1
2023-03-08 00:20:29,461 : 1678252824.251724 Sent a message to Machine 1; Logical Clock: 2
2023-03-08 00:20:29,664 : 1678252824.251724 Internal Event!; Logical Clock: 3
2023-03-08 00:20:29,869 : 1678252824.251724 Internal Event!; Logical Clock: 4
2023-03-08 00:20:30,072 : 1678252824.251724 Internal Event!; Logical Clock: 5
2023-03-08 00:20:30,275 : 1678252824.251724 Internal Event!; Logical Clock: 6
2023-03-08 00:20:30,475 : 1678252824.251724 Received a message; Logical Clock: 8; Queue Length: 0
2023-03-08 00:20:30,675 : 1678252824.251724 Sent a message to Machines [0, 1]; Logical Clock: 9
2023-03-08 00:20:30,880 : 1678252824.251724 Internal Event!; Logical Clock: 10
2023-03-08 00:20:31,084 : 1678252824.251724 Received a message; Logical Clock: 11; Queue Length: 0
2023-03-08 00:20:31,288 : 1678252824.251724 Sent a message to Machines [0, 1]; Logical Clock: 12
2023-03-08 00:20:31,493 : 1678252824.251724 Internal Event!; Logical Clock: 13
2023-03-08 00:20:31,693 : 1678252824.251724 Internal Event!; Logical Clock: 14
2023-03-08 00:20:31,895 : 1678252824.251724 Received a message; Logical Clock: 16; Queue Length: 0
2023-03-08 00:20:32,096 : 1678252824.251724 Sent a message to Machines [0, 1]; Logical Clock: 17
2023-03-08 00:20:32,300 : 1678252824.251724 Internal Event!; Logical Clock: 18
2023-03-08 00:20:32,501 : 1678252824.251724 Sent a message to Machines [0, 1]; Logical Clock: 19
2023-03-08 00:20:32,704 : 1678252824.251724 Sent a message to Machine 1; Logical Clock: 20
2023-03-08 00:20:32,908 : 1678252824.251724 Received a message; Logical Clock: 22; Queue Length: 0
2023-03-08 00:20:33,110 : 1678252824.251724 Internal Event!; Logical Clock: 23
2023-03-08 00:20:33,311 : 1678252824.251724 Received a message; Logical Clock: 24; Queue Length: 0
2023-03-08 00:20:33,512 : 1678252824.251724 Internal Event!; Logical Clock: 25
2023-03-08 00:20:33,717 : 1678252824.251724 Internal Event!; Logical Clock: 26
2023-03-08 00:20:33,918 : 1678252824.251724 Sent a message to Machine 1; Logical Clock: 27
2023-03-08 00:20:34,122 : 1678252824.251724 Internal Event!; Logical Clock: 28
2023-03-08 00:20:34,326 : 1678252824.251724 Internal Event!; Logical Clock: 29
2023-03-08 00:20:34,527 : 1678252824.251724 Internal Event!; Logical Clock: 30
2023-03-08 00:20:34,729 : 1678252824.251724 Sent a message to Machine 1; Logical Clock: 31
2023-03-08 00:20:34,934 : 1678252824.251724 Sent a message to Machine 0; Logical Clock: 32
2023-03-08 00:20:35,136 : 1678252824.251724 Internal Event!; Logical Clock: 33
2023-03-08 00:20:35,341 : 1678252824.251724 Sent a message to Machines [0, 1]; Logical Clock: 34
2023-03-08 00:20:35,543 : 1678252824.251724 Received a message; Logical Clock: 38; Queue Length: 0
2023-03-08 00:20:35,745 : 1678252824.251724 Sent a message to Machine 0; Logical Clock: 39
2023-03-08 00:20:35,948 : 1678252824.251724 Sent a message to Machine 1; Logical Clock: 40
2023-03-08 00:20:36,151 : 1678252824.251724 Sent a message to Machine 0; Logical Clock: 41
2023-03-08 00:20:36,355 : 1678252824.251724 Sent a message to Machines [0, 1]; Logical Clock: 42
2023-03-08 00:20:36,558 : 1678252824.251724 Internal Event!; Logical Clock: 43
2023-03-08 00:20:36,761 : 1678252824.251724 Sent a message to Machine 0; Logical Clock: 44
2023-03-08 00:20:36,961 : 1678252824.251724 Internal Event!; Logical Clock: 45
2023-03-08 00:20:37,165 : 1678252824.251724 Internal Event!; Logical Clock: 46
2023-03-08 00:20:37,369 : 1678252824.251724 Internal Event!; Logical Clock: 47
2023-03-08 00:20:37,571 : 1678252824.251724 Sent a message to Machine 1; Logical Clock: 48
2023-03-08 00:20:37,775 : 1678252824.251724 Internal Event!; Logical Clock: 49
2023-03-08 00:20:37,979 : 1678252824.251724 Internal Event!; Logical Clock: 50
2023-03-08 00:20:38,183 : 1678252824.251724 Received a message; Logical Clock: 53; Queue Length: 0
2023-03-08 00:20:38,386 : 1678252824.251724 Internal Event!; Logical Clock: 54
2023-03-08 00:20:38,588 : 1678252824.251724 Internal Event!; Logical Clock: 55
2023-03-08 00:20:38,791 : 1678252824.251724 Received a message; Logical Clock: 57; Queue Length: 0
2023-03-08 00:20:38,993 : 1678252824.251724 Internal Event!; Logical Clock: 58
2023-03-08 00:20:39,198 : 1678252824.251724 Sent a message to Machine 0; Logical Clock: 59
2023-03-08 00:20:39,399 : 1678252824.251724 Sent a message to Machines [0, 1]; Logical Clock: 60
2023-03-08 00:20:39,604 : 1678252824.251724 Internal Event!; Logical Clock: 61
2023-03-08 00:20:39,808 : 1678252824.251724 Internal Event!; Logical Clock: 62
2023-03-08 00:20:40,010 : 1678252824.251724 Internal Event!; Logical Clock: 63
2023-03-08 00:20:40,214 : 1678252824.251724 Sent a message to Machine 1; Logical Clock: 64
2023-03-08 00:20:40,419 : 1678252824.251724 Sent a message to Machine 0; Logical Clock: 65
2023-03-08 00:20:40,622 : 1678252824.251724 Sent a message to Machine 0; Logical Clock: 66
2023-03-08 00:20:40,824 : 1678252824.251724 Internal Event!; Logical Clock: 67
2023-03-08 00:20:41,028 : 1678252824.251724 Received a message; Logical Clock: 70; Queue Length: 0
2023-03-08 00:20:41,231 : 1678252824.251724 Internal Event!; Logical Clock: 71
2023-03-08 00:20:41,435 : 1678252824.251724 Sent a message to Machine 1; Logical Clock: 72
2023-03-08 00:20:41,638 : 1678252824.251724 Internal Event!; Logical Clock: 73
2023-03-08 00:20:41,839 : 1678252824.251724 Received a message; Logical Clock: 74; Queue Length: 0
2023-03-08 00:20:42,042 : 1678252824.251724 Internal Event!; Logical Clock: 75
2023-03-08 00:20:42,247 : 1678252824.251724 Sent a message to Machines [0, 1]; Logical Clock: 76
2023-03-08 00:20:42,451 : 1678252824.251724 Internal Event!; Logical Clock: 77
2023-03-08 00:20:42,655 : 1678252824.251724 Sent a message to Machines [0, 1]; Logical Clock: 78
2023-03-08 00:20:42,858 : 1678252824.251724 Received a message; Logical Clock: 81; Queue Length: 0
2023-03-08 00:20:43,058 : 1678252824.251724 Sent a message to Machine 1; Logical Clock: 82
2023-03-08 00:20:43,263 : 1678252824.251724 Internal Event!; Logical Clock: 83
2023-03-08 00:20:43,464 : 1678252824.251724 Received a message; Logical Clock: 84; Queue Length: 0
2023-03-08 00:20:43,664 : 1678252824.251724 Internal Event!; Logical Clock: 85
2023-03-08 00:20:43,869 : 1678252824.251724 Internal Event!; Logical Clock: 86
2023-03-08 00:20:44,073 : 1678252824.251724 Internal Event!; Logical Clock: 87
2023-03-08 00:20:44,276 : 1678252824.251724 Sent a message to Machine 0; Logical Clock: 88
2023-03-08 00:20:44,479 : 1678252824.251724 Internal Event!; Logical Clock: 89
2023-03-08 00:20:44,683 : 1678252824.251724 Sent a message to Machines [0, 1]; Logical Clock: 90
2023-03-08 00:20:44,885 : 1678252824.251724 Received a message; Logical Clock: 92; Queue Length: 0
2023-03-08 00:20:45,088 : 1678252824.251724 Sent a message to Machine 0; Logical Clock: 93
2023-03-08 00:20:45,291 : 1678252824.251724 Internal Event!; Logical Clock: 94
2023-03-08 00:20:45,491 : 1678252824.251724 Sent a message to Machine 0; Logical Clock: 95
2023-03-08 00:20:45,692 : 1678252824.251724 Internal Event!; Logical Clock: 96
2023-03-08 00:20:45,892 : 1678252824.251724 Internal Event!; Logical Clock: 97
2023-03-08 00:20:46,094 : 1678252824.251724 Internal Event!; Logical Clock: 98
2023-03-08 00:20:46,296 : 1678252824.251724 Internal Event!; Logical Clock: 99
2023-03-08 00:20:46,497 : 1678252824.251724 Sent a message to Machine 1; Logical Clock: 100
2023-03-08 00:20:46,700 : 1678252824.251724 Internal Event!; Logical Clock: 101
2023-03-08 00:20:46,904 : 1678252824.251724 Internal Event!; Logical Clock: 102
2023-03-08 00:20:47,108 : 1678252824.251724 Received a message; Logical Clock: 106; Queue Length: 0
2023-03-08 00:20:47,311 : 1678252824.251724 Internal Event!; Logical Clock: 107
2023-03-08 00:20:47,515 : 1678252824.251724 Internal Event!; Logical Clock: 108
2023-03-08 00:20:47,715 : 1678252824.251724 Internal Event!; Logical Clock: 109
2023-03-08 00:20:47,919 : 1678252824.251724 Internal Event!; Logical Clock: 110
2023-03-08 00:20:48,123 : 1678252824.251724 Received a message; Logical Clock: 112; Queue Length: 0
2023-03-08 00:20:48,324 : 1678252824.251724 Internal Event!; Logical Clock: 113
2023-03-08 00:20:48,528 : 1678252824.251724 Sent a message to Machines [0, 1]; Logical Clock: 114
2023-03-08 00:20:48,731 : 1678252824.251724 Internal Event!; Logical Clock: 115
2023-03-08 00:20:48,936 : 1678252824.251724 Sent a message to Machine 0; Logical Clock: 116
2023-03-08 00:20:49,140 : 1678252824.251724 Received a message; Logical Clock: 118; Queue Length: 1
2023-03-08 00:20:49,342 : 1678252824.251724 Received a message; Logical Clock: 119; Queue Length: 0
2023-03-08 00:20:49,546 : 1678252824.251724 Internal Event!; Logical Clock: 120
2023-03-08 00:20:49,751 : 1678252824.251724 Internal Event!; Logical Clock: 121
2023-03-08 00:20:49,953 : 1678252824.251724 Internal Event!; Logical Clock: 122
2023-03-08 00:20:50,155 : 1678252824.251724 Sent a message to Machine 1; Logical Clock: 123
2023-03-08 00:20:50,360 : 1678252824.251724 Sent a message to Machine 1; Logical Clock: 124
2023-03-08 00:20:50,564 : 1678252824.251724 Internal Event!; Logical Clock: 125
2023-03-08 00:20:50,769 : 1678252824.251724 Internal Event!; Logical Clock: 126
2023-03-08 00:20:50,972 : 1678252824.251724 Internal Event!; Logical Clock: 127
2023-03-08 00:20:51,175 : 1678252824.251724 Internal Event!; Logical Clock: 128
2023-03-08 00:20:51,375 : 1678252824.251724 Sent a message to Machines [0, 1]; Logical Clock: 129
2023-03-08 00:20:51,578 : 1678252824.251724 Sent a message to Machine 1; Logical Clock: 130
2023-03-08 00:20:51,782 : 1678252824.251724 Sent a message to Machine 1; Logical Clock: 131
2023-03-08 00:20:51,985 : 1678252824.251724 Internal Event!; Logical Clock: 132
2023-03-08 00:20:52,187 : 1678252824.251724 Received a message; Logical Clock: 135; Queue Length: 0
2023-03-08 00:20:52,391 : 1678252824.251724 Internal Event!; Logical Clock: 136
2023-03-08 00:20:52,592 : 1678252824.251724 Internal Event!; Logical Clock: 137
2023-03-08 00:20:52,796 : 1678252824.251724 Received a message; Logical Clock: 139; Queue Length: 0
2023-03-08 00:20:53,000 : 1678252824.251724 Received a message; Logical Clock: 140; Queue Length: 0
2023-03-08 00:20:53,204 : 1678252824.251724 Internal Event!; Logical Clock: 141
2023-03-08 00:20:53,408 : 1678252824.251724 Internal Event!; Logical Clock: 142
2023-03-08 00:20:53,612 : 1678252824.251724 Internal Event!; Logical Clock: 143
2023-03-08 00:20:53,816 : 1678252824.251724 Internal Event!; Logical Clock: 144
2023-03-08 00:20:54,021 : 1678252824.251724 Received a message; Logical Clock: 146; Queue Length: 0
2023-03-08 00:20:54,224 : 1678252824.251724 Received a message; Logical Clock: 147; Queue Length: 0
2023-03-08 00:20:54,428 : 1678252824.251724 Received a message; Logical Clock: 149; Queue Length: 0
2023-03-08 00:20:54,631 : 1678252824.251724 Internal Event!; Logical Clock: 150
2023-03-08 00:20:54,832 : 1678252824.251724 Internal Event!; Logical Clock: 151
2023-03-08 00:20:55,037 : 1678252824.251724 Internal Event!; Logical Clock: 152
2023-03-08 00:20:55,241 : 1678252824.251724 Internal Event!; Logical Clock: 153
2023-03-08 00:20:55,441 : 1678252824.251724 Internal Event!; Logical Clock: 154
2023-03-08 00:20:55,646 : 1678252824.251724 Sent a message to Machines [0, 1]; Logical Clock: 155
2023-03-08 00:20:55,849 : 1678252824.251724 Internal Event!; Logical Clock: 156
2023-03-08 00:20:56,053 : 1678252824.251724 Internal Event!; Logical Clock: 157
2023-03-08 00:20:56,258 : 1678252824.251724 Internal Event!; Logical Clock: 158
2023-03-08 00:20:56,461 : 1678252824.251724 Internal Event!; Logical Clock: 159
2023-03-08 00:20:56,663 : 1678252824.251724 Internal Event!; Logical Clock: 160
2023-03-08 00:20:56,866 : 1678252824.251724 Sent a message to Machine 1; Logical Clock: 161
2023-03-08 00:20:57,071 : 1678252824.251724 Sent a message to Machine 1; Logical Clock: 162
2023-03-08 00:20:57,274 : 1678252824.251724 Internal Event!; Logical Clock: 163
2023-03-08 00:20:57,479 : 1678252824.251724 Internal Event!; Logical Clock: 164
2023-03-08 00:20:57,680 : 1678252824.251724 Internal Event!; Logical Clock: 165
2023-03-08 00:20:57,881 : 1678252824.251724 Internal Event!; Logical Clock: 166
2023-03-08 00:20:58,084 : 1678252824.251724 Internal Event!; Logical Clock: 167
2023-03-08 00:20:58,287 : 1678252824.251724 Received a message; Logical Clock: 171; Queue Length: 0
2023-03-08 00:20:58,491 : 1678252824.251724 Internal Event!; Logical Clock: 172
2023-03-08 00:20:58,691 : 1678252824.251724 Internal Event!; Logical Clock: 173
2023-03-08 00:20:58,893 : 1678252824.251724 Internal Event!; Logical Clock: 174
2023-03-08 00:20:59,094 : 1678252824.251724 Received a message; Logical Clock: 176; Queue Length: 0
2023-03-08 00:20:59,295 : 1678252824.251724 Received a message; Logical Clock: 177; Queue Length: 0
2023-03-08 00:20:59,496 : 1678252824.251724 Internal Event!; Logical Clock: 178
2023-03-08 00:20:59,701 : 1678252824.251724 Internal Event!; Logical Clock: 179
2023-03-08 00:20:59,904 : 1678252824.251724 Internal Event!; Logical Clock: 180
2023-03-08 00:21:00,108 : 1678252824.251724 Internal Event!; Logical Clock: 181
2023-03-08 00:21:00,308 : 1678252824.251724 Internal Event!; Logical Clock: 182
2023-03-08 00:21:00,512 : 1678252824.251724 Internal Event!; Logical Clock: 183
2023-03-08 00:21:00,712 : 1678252824.251724 Received a message; Logical Clock: 186; Queue Length: 0
2023-03-08 00:21:00,916 : 1678252824.251724 Internal Event!; Logical Clock: 187
2023-03-08 00:21:01,120 : 1678252824.251724 Internal Event!; Logical Clock: 188
2023-03-08 00:21:01,324 : 1678252824.251724 Received a message; Logical Clock: 189; Queue Length: 0
2023-03-08 00:21:01,529 : 1678252824.251724 Sent a message to Machines [0, 1]; Logical Clock: 190
2023-03-08 00:21:01,731 : 1678252824.251724 Sent a message to Machines [0, 1]; Logical Clock: 191
2023-03-08 00:21:01,936 : 1678252824.251724 Internal Event!; Logical Clock: 192
2023-03-08 00:21:02,138 : 1678252824.251724 Sent a message to Machines [0, 1]; Logical Clock: 193
2023-03-08 00:21:02,341 : 1678252824.251724 Sent a message to Machine 0; Logical Clock: 194
2023-03-08 00:21:02,545 : 1678252824.251724 Sent a message to Machine 1; Logical Clock: 195
2023-03-08 00:21:02,745 : 1678252824.251724 Internal Event!; Logical Clock: 196
2023-03-08 00:21:02,950 : 1678252824.251724 Internal Event!; Logical Clock: 197
2023-03-08 00:21:03,152 : 1678252824.251724 Received a message; Logical Clock: 200; Queue Length: 0
2023-03-08 00:21:03,357 : 1678252824.251724 Sent a message to Machines [0, 1]; Logical Clock: 201
2023-03-08 00:21:03,560 : 1678252824.251724 Internal Event!; Logical Clock: 202
2023-03-08 00:21:03,762 : 1678252824.251724 Sent a message to Machine 0; Logical Clock: 203
2023-03-08 00:21:03,966 : 1678252824.251724 Sent a message to Machine 1; Logical Clock: 204
2023-03-08 00:21:04,170 : 1678252824.251724 Received a message; Logical Clock: 206; Queue Length: 0
2023-03-08 00:21:04,374 : 1678252824.251724 Internal Event!; Logical Clock: 207
2023-03-08 00:21:04,578 : 1678252824.251724 Internal Event!; Logical Clock: 208
2023-03-08 00:21:04,783 : 1678252824.251724 Internal Event!; Logical Clock: 209
2023-03-08 00:21:04,988 : 1678252824.251724 Sent a message to Machines [0, 1]; Logical Clock: 210
2023-03-08 00:21:05,191 : 1678252824.251724 Internal Event!; Logical Clock: 211
2023-03-08 00:21:05,393 : 1678252824.251724 Internal Event!; Logical Clock: 212
2023-03-08 00:21:05,593 : 1678252824.251724 Internal Event!; Logical Clock: 213
2023-03-08 00:21:05,795 : 1678252824.251724 Internal Event!; Logical Clock: 214
2023-03-08 00:21:05,996 : 1678252824.251724 Internal Event!; Logical Clock: 215
2023-03-08 00:21:06,201 : 1678252824.251724 Internal Event!; Logical Clock: 216
2023-03-08 00:21:06,405 : 1678252824.251724 Internal Event!; Logical Clock: 217
2023-03-08 00:21:06,607 : 1678252824.251724 Received a message; Logical Clock: 220; Queue Length: 0
2023-03-08 00:21:06,810 : 1678252824.251724 Internal Event!; Logical Clock: 221
2023-03-08 00:21:07,014 : 1678252824.251724 Received a message; Logical Clock: 223; Queue Length: 0
2023-03-08 00:21:07,215 : 1678252824.251724 Internal Event!; Logical Clock: 224
2023-03-08 00:21:07,417 : 1678252824.251724 Sent a message to Machine 1; Logical Clock: 225
2023-03-08 00:21:07,622 : 1678252824.251724 Internal Event!; Logical Clock: 226
2023-03-08 00:21:07,825 : 1678252824.251724 Sent a message to Machines [0, 1]; Logical Clock: 227
2023-03-08 00:21:08,027 : 1678252824.251724 Internal Event!; Logical Clock: 228
2023-03-08 00:21:08,229 : 1678252824.251724 Internal Event!; Logical Clock: 229
2023-03-08 00:21:08,431 : 1678252824.251724 Sent a message to Machine 1; Logical Clock: 230
2023-03-08 00:21:08,634 : 1678252824.251724 Internal Event!; Logical Clock: 231
2023-03-08 00:21:08,839 : 1678252824.251724 Sent a message to Machine 0; Logical Clock: 232
2023-03-08 00:21:09,042 : 1678252824.251724 Internal Event!; Logical Clock: 233
2023-03-08 00:21:09,244 : 1678252824.251724 Received a message; Logical Clock: 236; Queue Length: 0
2023-03-08 00:21:09,445 : 1678252824.251724 Sent a message to Machines [0, 1]; Logical Clock: 237
2023-03-08 00:21:09,645 : 1678252824.251724 Internal Event!; Logical Clock: 238
2023-03-08 00:21:09,847 : 1678252824.251724 Internal Event!; Logical Clock: 239
2023-03-08 00:21:10,050 : 1678252824.251724 Received a message; Logical Clock: 241; Queue Length: 0
2023-03-08 00:21:10,255 : 1678252824.251724 Received a message; Logical Clock: 242; Queue Length: 0
2023-03-08 00:21:10,460 : 1678252824.251724 Internal Event!; Logical Clock: 243
2023-03-08 00:21:10,664 : 1678252824.251724 Internal Event!; Logical Clock: 244
2023-03-08 00:21:10,865 : 1678252824.251724 Received a message; Logical Clock: 245; Queue Length: 0
2023-03-08 00:21:11,067 : 1678252824.251724 Internal Event!; Logical Clock: 246
2023-03-08 00:21:11,269 : 1678252824.251724 Internal Event!; Logical Clock: 247
2023-03-08 00:21:11,471 : 1678252824.251724 Received a message; Logical Clock: 249; Queue Length: 0
2023-03-08 00:21:11,676 : 1678252824.251724 Sent a message to Machine 1; Logical Clock: 250
2023-03-08 00:21:11,880 : 1678252824.251724 Received a message; Logical Clock: 252; Queue Length: 0
2023-03-08 00:21:12,082 : 1678252824.251724 Internal Event!; Logical Clock: 253
2023-03-08 00:21:12,282 : 1678252824.251724 Internal Event!; Logical Clock: 254
2023-03-08 00:21:12,483 : 1678252824.251724 Internal Event!; Logical Clock: 255
2023-03-08 00:21:12,685 : 1678252824.251724 Internal Event!; Logical Clock: 256
2023-03-08 00:21:12,885 : 1678252824.251724 Internal Event!; Logical Clock: 257
2023-03-08 00:21:13,090 : 1678252824.251724 Sent a message to Machine 0; Logical Clock: 258
2023-03-08 00:21:13,291 : 1678252824.251724 Sent a message to Machine 0; Logical Clock: 259
2023-03-08 00:21:13,495 : 1678252824.251724 Internal Event!; Logical Clock: 260
2023-03-08 00:21:13,699 : 1678252824.251724 Internal Event!; Logical Clock: 261
2023-03-08 00:21:13,901 : 1678252824.251724 Internal Event!; Logical Clock: 262
2023-03-08 00:21:14,104 : 1678252824.251724 Sent a message to Machine 0; Logical Clock: 263
2023-03-08 00:21:14,308 : 1678252824.251724 Internal Event!; Logical Clock: 264
2023-03-08 00:21:14,508 : 1678252824.251724 Internal Event!; Logical Clock: 265
2023-03-08 00:21:14,712 : 1678252824.251724 Internal Event!; Logical Clock: 266
2023-03-08 00:21:14,912 : 1678252824.251724 Internal Event!; Logical Clock: 267
2023-03-08 00:21:15,117 : 1678252824.251724 Internal Event!; Logical Clock: 268
2023-03-08 00:21:15,321 : 1678252824.251724 Internal Event!; Logical Clock: 269
2023-03-08 00:21:15,525 : 1678252824.251724 Sent a message to Machines [0, 1]; Logical Clock: 270
2023-03-08 00:21:15,730 : 1678252824.251724 Internal Event!; Logical Clock: 271
2023-03-08 00:21:15,945 : 1678252824.251724 Internal Event!; Logical Clock: 272
2023-03-08 00:21:16,148 : 1678252824.251724 Received a message; Logical Clock: 277; Queue Length: 0
2023-03-08 00:21:16,353 : 1678252824.251724 Internal Event!; Logical Clock: 278
2023-03-08 00:21:16,558 : 1678252824.251724 Received a message; Logical Clock: 279; Queue Length: 0
2023-03-08 00:21:16,759 : 1678252824.251724 Internal Event!; Logical Clock: 280
2023-03-08 00:21:16,960 : 1678252824.251724 Received a message; Logical Clock: 281; Queue Length: 0
2023-03-08 00:21:17,162 : 1678252824.251724 Sent a message to Machines [0, 1]; Logical Clock: 282
2023-03-08 00:21:17,367 : 1678252824.251724 Internal Event!; Logical Clock: 283
2023-03-08 00:21:17,570 : 1678252824.251724 Received a message; Logical Clock: 285; Queue Length: 0
2023-03-08 00:21:17,774 : 1678252824.251724 Internal Event!; Logical Clock: 286
2023-03-08 00:21:17,976 : 1678252824.251724 Internal Event!; Logical Clock: 287
2023-03-08 00:21:18,177 : 1678252824.251724 Received a message; Logical Clock: 288; Queue Length: 0
2023-03-08 00:21:18,378 : 1678252824.251724 Received a message; Logical Clock: 290; Queue Length: 0
2023-03-08 00:21:18,580 : 1678252824.251724 Internal Event!; Logical Clock: 291
2023-03-08 00:21:18,783 : 1678252824.251724 Sent a message to Machine 0; Logical Clock: 292
2023-03-08 00:21:18,984 : 1678252824.251724 Internal Event!; Logical Clock: 293
2023-03-08 00:21:19,184 : 1678252824.251724 Sent a message to Machines [0, 1]; Logical Clock: 294
2023-03-08 00:21:19,390 : 1678252824.251724 Internal Event!; Logical Clock: 295
2023-03-08 00:21:19,594 : 1678252824.251724 Received a message; Logical Clock: 297; Queue Length: 0
2023-03-08 00:21:19,796 : 1678252824.251724 Internal Event!; Logical Clock: 298
2023-03-08 00:21:20,009 : 1678252824.251724 Internal Event!; Logical Clock: 299
2023-03-08 00:21:20,212 : 1678252824.251724 Sent a message to Machine 1; Logical Clock: 300
2023-03-08 00:21:20,415 : 1678252824.251724 Internal Event!; Logical Clock: 301
2023-03-08 00:21:20,617 : 1678252824.251724 Received a message; Logical Clock: 303; Queue Length: 0
2023-03-08 00:21:20,822 : 1678252824.251724 Internal Event!; Logical Clock: 304
2023-03-08 00:21:21,025 : 1678252824.251724 Received a message; Logical Clock: 305; Queue Length: 0
2023-03-08 00:21:21,230 : 1678252824.251724 Received a message; Logical Clock: 306; Queue Length: 0
2023-03-08 00:21:21,434 : 1678252824.251724 Received a message; Logical Clock: 308; Queue Length: 0
2023-03-08 00:21:21,639 : 1678252824.251724 Internal Event!; Logical Clock: 309
2023-03-08 00:21:21,841 : 1678252824.251724 Sent a message to Machine 0; Logical Clock: 310
2023-03-08 00:21:22,045 : 1678252824.251724 Internal Event!; Logical Clock: 311
2023-03-08 00:21:22,248 : 1678252824.251724 Internal Event!; Logical Clock: 312
2023-03-08 00:21:22,453 : 1678252824.251724 Received a message; Logical Clock: 314; Queue Length: 0
2023-03-08 00:21:22,658 : 1678252824.251724 Received a message; Logical Clock: 315; Queue Length: 0
2023-03-08 00:21:22,862 : 1678252824.251724 Received a message; Logical Clock: 316; Queue Length: 0
2023-03-08 00:21:23,064 : 1678252824.251724 Received a message; Logical Clock: 317; Queue Length: 0
2023-03-08 00:21:23,268 : 1678252824.251724 Received a message; Logical Clock: 318; Queue Length: 1
2023-03-08 00:21:23,472 : 1678252824.251724 Received a message; Logical Clock: 319; Queue Length: 0
2023-03-08 00:21:23,674 : 1678252824.251724 Received a message; Logical Clock: 321; Queue Length: 0
2023-03-08 00:21:23,879 : 1678252824.251724 Internal Event!; Logical Clock: 322
2023-03-08 00:21:24,084 : 1678252824.251724 Received a message; Logical Clock: 323; Queue Length: 0
2023-03-08 00:21:24,288 : 1678252824.251724 Internal Event!; Logical Clock: 324
2023-03-08 00:21:24,489 : 1678252824.251724 Sent a message to Machines [0, 1]; Logical Clock: 325
2023-03-08 00:21:24,691 : 1678252824.251724 Internal Event!; Logical Clock: 326
2023-03-08 00:21:24,894 : 1678252824.251724 Internal Event!; Logical Clock: 327
2023-03-08 00:21:25,095 : 1678252824.251724 Internal Event!; Logical Clock: 328
2023-03-08 00:21:25,296 : 1678252824.251724 Internal Event!; Logical Clock: 329
2023-03-08 00:21:25,499 : 1678252824.251724 Internal Event!; Logical Clock: 330
2023-03-08 00:21:25,703 : 1678252824.251724 Sent a message to Machine 0; Logical Clock: 331
2023-03-08 00:21:25,905 : 1678252824.251724 Sent a message to Machine 0; Logical Clock: 332
2023-03-08 00:21:26,106 : 1678252824.251724 Sent a message to Machines [0, 1]; Logical Clock: 333
2023-03-08 00:21:26,311 : 1678252824.251724 Internal Event!; Logical Clock: 334
2023-03-08 00:21:26,516 : 1678252824.251724 Internal Event!; Logical Clock: 335
2023-03-08 00:21:26,719 : 1678252824.251724 Internal Event!; Logical Clock: 336
2023-03-08 00:21:26,924 : 1678252824.251724 Internal Event!; Logical Clock: 337
2023-03-08 00:21:27,128 : 1678252824.251724 Internal Event!; Logical Clock: 338
2023-03-08 00:21:27,329 : 1678252824.251724 Internal Event!; Logical Clock: 339
2023-03-08 00:21:27,531 : 1678252824.251724 Received a message; Logical Clock: 344; Queue Length: 0
2023-03-08 00:21:27,733 : 1678252824.251724 Received a message; Logical Clock: 345; Queue Length: 0
2023-03-08 00:21:27,937 : 1678252824.251724 Internal Event!; Logical Clock: 346
2023-03-08 00:21:28,141 : 1678252824.251724 Internal Event!; Logical Clock: 347
2023-03-08 00:21:28,341 : 1678252824.251724 Internal Event!; Logical Clock: 348
2023-03-08 00:21:28,545 : 1678252824.251724 Received a message; Logical Clock: 349; Queue Length: 0
2023-03-08 00:21:28,747 : 1678252824.251724 Internal Event!; Logical Clock: 350
2023-03-08 00:21:28,950 : 1678252824.251724 Sent a message to Machine 1; Logical Clock: 351
2023-03-08 00:21:29,151 : 1678252824.251724 Sent a message to Machine 0; Logical Clock: 352
2023-03-08 00:21:29,356 : 1678252824.251724 Sent a message to Machine 1; Logical Clock: 353
2023-03-08 00:21:29,559 : 1678252824.251724 Received a message; Logical Clock: 356; Queue Length: 0
2023-03-08 00:21:29,761 : 1678252824.251724 Internal Event!; Logical Clock: 357
2023-03-08 00:21:29,965 : 1678252824.251724 Internal Event!; Logical Clock: 358
