2023-03-08 02:56:08,806 : 1678262163.798412 Machine: 2 Clock Rate: 6
2023-03-08 02:56:08,806 : 1678262163.798412 Sent a message to Machines [0, 1]; Logical Clock: 1
2023-03-08 02:56:08,975 : 1678262163.798412 Internal Event!; Logical Clock: 2
2023-03-08 02:56:09,145 : 1678262163.798412 Internal Event!; Logical Clock: 3
2023-03-08 02:56:09,316 : 1678262163.798412 Sent a message to Machines [0, 1]; Logical Clock: 4
2023-03-08 02:56:09,486 : 1678262163.798412 Internal Event!; Logical Clock: 5
2023-03-08 02:56:09,653 : 1678262163.798412 Sent a message to Machines [0, 1]; Logical Clock: 6
2023-03-08 02:56:09,824 : 1678262163.798412 Internal Event!; Logical Clock: 7
2023-03-08 02:56:09,993 : 1678262163.798412 Internal Event!; Logical Clock: 8
2023-03-08 02:56:10,164 : 1678262163.798412 Internal Event!; Logical Clock: 9
2023-03-08 02:56:10,334 : 1678262163.798412 Internal Event!; Logical Clock: 10
2023-03-08 02:56:10,503 : 1678262163.798412 Sent a message to Machine 1; Logical Clock: 11
2023-03-08 02:56:10,673 : 1678262163.798412 Internal Event!; Logical Clock: 12
2023-03-08 02:56:10,844 : 1678262163.798412 Received a message; Logical Clock: 13; Queue Length: 0
2023-03-08 02:56:11,016 : 1678262163.798412 Sent a message to Machine 1; Logical Clock: 14
2023-03-08 02:56:11,186 : 1678262163.798412 Internal Event!; Logical Clock: 15
2023-03-08 02:56:11,352 : 1678262163.798412 Internal Event!; Logical Clock: 16
2023-03-08 02:56:11,523 : 1678262163.798412 Sent a message to Machines [0, 1]; Logical Clock: 17
2023-03-08 02:56:11,693 : 1678262163.798412 Received a message; Logical Clock: 18; Queue Length: 0
2023-03-08 02:56:11,864 : 1678262163.798412 Sent a message to Machines [0, 1]; Logical Clock: 19
2023-03-08 02:56:12,030 : 1678262163.798412 Internal Event!; Logical Clock: 20
2023-03-08 02:56:12,202 : 1678262163.798412 Sent a message to Machine 1; Logical Clock: 21
2023-03-08 02:56:12,371 : 1678262163.798412 Internal Event!; Logical Clock: 22
2023-03-08 02:56:12,540 : 1678262163.798412 Internal Event!; Logical Clock: 23
2023-03-08 02:56:12,708 : 1678262163.798412 Internal Event!; Logical Clock: 24
2023-03-08 02:56:12,876 : 1678262163.798412 Sent a message to Machines [0, 1]; Logical Clock: 25
2023-03-08 02:56:13,047 : 1678262163.798412 Internal Event!; Logical Clock: 26
2023-03-08 02:56:13,217 : 1678262163.798412 Internal Event!; Logical Clock: 27
2023-03-08 02:56:13,389 : 1678262163.798412 Sent a message to Machines [0, 1]; Logical Clock: 28
2023-03-08 02:56:13,560 : 1678262163.798412 Sent a message to Machine 1; Logical Clock: 29
2023-03-08 02:56:13,730 : 1678262163.798412 Internal Event!; Logical Clock: 30
2023-03-08 02:56:13,901 : 1678262163.798412 Internal Event!; Logical Clock: 31
2023-03-08 02:56:14,071 : 1678262163.798412 Internal Event!; Logical Clock: 32
2023-03-08 02:56:14,242 : 1678262163.798412 Received a message; Logical Clock: 33; Queue Length: 0
2023-03-08 02:56:14,414 : 1678262163.798412 Received a message; Logical Clock: 34; Queue Length: 0
2023-03-08 02:56:14,585 : 1678262163.798412 Sent a message to Machines [0, 1]; Logical Clock: 35
2023-03-08 02:56:14,757 : 1678262163.798412 Sent a message to Machine 0; Logical Clock: 36
2023-03-08 02:56:14,927 : 1678262163.798412 Internal Event!; Logical Clock: 37
2023-03-08 02:56:15,097 : 1678262163.798412 Sent a message to Machine 1; Logical Clock: 38
2023-03-08 02:56:15,268 : 1678262163.798412 Sent a message to Machines [0, 1]; Logical Clock: 39
2023-03-08 02:56:15,438 : 1678262163.798412 Internal Event!; Logical Clock: 40
2023-03-08 02:56:15,609 : 1678262163.798412 Sent a message to Machines [0, 1]; Logical Clock: 41
2023-03-08 02:56:15,780 : 1678262163.798412 Internal Event!; Logical Clock: 42
2023-03-08 02:56:15,951 : 1678262163.798412 Internal Event!; Logical Clock: 43
2023-03-08 02:56:16,120 : 1678262163.798412 Internal Event!; Logical Clock: 44
2023-03-08 02:56:16,288 : 1678262163.798412 Internal Event!; Logical Clock: 45
2023-03-08 02:56:16,459 : 1678262163.798412 Internal Event!; Logical Clock: 46
2023-03-08 02:56:16,639 : 1678262163.798412 Internal Event!; Logical Clock: 47
2023-03-08 02:56:16,808 : 1678262163.798412 Internal Event!; Logical Clock: 48
2023-03-08 02:56:16,975 : 1678262163.798412 Received a message; Logical Clock: 49; Queue Length: 0
2023-03-08 02:56:17,147 : 1678262163.798412 Internal Event!; Logical Clock: 50
2023-03-08 02:56:17,317 : 1678262163.798412 Internal Event!; Logical Clock: 51
2023-03-08 02:56:17,486 : 1678262163.798412 Received a message; Logical Clock: 52; Queue Length: 0
2023-03-08 02:56:17,655 : 1678262163.798412 Sent a message to Machines [0, 1]; Logical Clock: 53
2023-03-08 02:56:17,822 : 1678262163.798412 Received a message; Logical Clock: 54; Queue Length: 0
2023-03-08 02:56:17,991 : 1678262163.798412 Internal Event!; Logical Clock: 55
2023-03-08 02:56:18,159 : 1678262163.798412 Internal Event!; Logical Clock: 56
2023-03-08 02:56:18,330 : 1678262163.798412 Internal Event!; Logical Clock: 57
2023-03-08 02:56:18,500 : 1678262163.798412 Internal Event!; Logical Clock: 58
2023-03-08 02:56:18,667 : 1678262163.798412 Internal Event!; Logical Clock: 59
2023-03-08 02:56:18,837 : 1678262163.798412 Sent a message to Machine 1; Logical Clock: 60
2023-03-08 02:56:19,007 : 1678262163.798412 Sent a message to Machines [0, 1]; Logical Clock: 61
2023-03-08 02:56:19,177 : 1678262163.798412 Internal Event!; Logical Clock: 62
2023-03-08 02:56:19,350 : 1678262163.798412 Sent a message to Machines [0, 1]; Logical Clock: 63
2023-03-08 02:56:19,519 : 1678262163.798412 Internal Event!; Logical Clock: 64
2023-03-08 02:56:19,690 : 1678262163.798412 Internal Event!; Logical Clock: 65
2023-03-08 02:56:19,861 : 1678262163.798412 Internal Event!; Logical Clock: 66
2023-03-08 02:56:20,030 : 1678262163.798412 Internal Event!; Logical Clock: 67
2023-03-08 02:56:20,199 : 1678262163.798412 Received a message; Logical Clock: 68; Queue Length: 0
2023-03-08 02:56:20,370 : 1678262163.798412 Received a message; Logical Clock: 69; Queue Length: 0
2023-03-08 02:56:20,541 : 1678262163.798412 Internal Event!; Logical Clock: 70
2023-03-08 02:56:20,711 : 1678262163.798412 Internal Event!; Logical Clock: 71
2023-03-08 02:56:20,882 : 1678262163.798412 Received a message; Logical Clock: 72; Queue Length: 0
2023-03-08 02:56:21,053 : 1678262163.798412 Received a message; Logical Clock: 73; Queue Length: 0
2023-03-08 02:56:21,224 : 1678262163.798412 Sent a message to Machine 1; Logical Clock: 74
2023-03-08 02:56:21,392 : 1678262163.798412 Sent a message to Machine 1; Logical Clock: 75
2023-03-08 02:56:21,562 : 1678262163.798412 Internal Event!; Logical Clock: 76
2023-03-08 02:56:21,734 : 1678262163.798412 Received a message; Logical Clock: 77; Queue Length: 0
2023-03-08 02:56:21,904 : 1678262163.798412 Internal Event!; Logical Clock: 78
2023-03-08 02:56:22,075 : 1678262163.798412 Internal Event!; Logical Clock: 79
2023-03-08 02:56:22,247 : 1678262163.798412 Sent a message to Machine 1; Logical Clock: 80
2023-03-08 02:56:22,417 : 1678262163.798412 Internal Event!; Logical Clock: 81
2023-03-08 02:56:22,587 : 1678262163.798412 Sent a message to Machines [0, 1]; Logical Clock: 82
2023-03-08 02:56:22,759 : 1678262163.798412 Internal Event!; Logical Clock: 83
2023-03-08 02:56:22,930 : 1678262163.798412 Internal Event!; Logical Clock: 84
2023-03-08 02:56:23,101 : 1678262163.798412 Sent a message to Machine 0; Logical Clock: 85
2023-03-08 02:56:23,271 : 1678262163.798412 Internal Event!; Logical Clock: 86
2023-03-08 02:56:23,442 : 1678262163.798412 Received a message; Logical Clock: 87; Queue Length: 0
2023-03-08 02:56:23,608 : 1678262163.798412 Received a message; Logical Clock: 88; Queue Length: 0
2023-03-08 02:56:23,780 : 1678262163.798412 Sent a message to Machine 1; Logical Clock: 89
2023-03-08 02:56:23,952 : 1678262163.798412 Internal Event!; Logical Clock: 90
2023-03-08 02:56:24,121 : 1678262163.798412 Sent a message to Machine 0; Logical Clock: 91
2023-03-08 02:56:24,289 : 1678262163.798412 Sent a message to Machine 1; Logical Clock: 92
2023-03-08 02:56:24,459 : 1678262163.798412 Internal Event!; Logical Clock: 93
2023-03-08 02:56:24,630 : 1678262163.798412 Internal Event!; Logical Clock: 94
2023-03-08 02:56:24,801 : 1678262163.798412 Received a message; Logical Clock: 95; Queue Length: 0
2023-03-08 02:56:24,969 : 1678262163.798412 Received a message; Logical Clock: 96; Queue Length: 1
2023-03-08 02:56:25,139 : 1678262163.798412 Received a message; Logical Clock: 97; Queue Length: 0
2023-03-08 02:56:25,308 : 1678262163.798412 Internal Event!; Logical Clock: 98
2023-03-08 02:56:25,476 : 1678262163.798412 Sent a message to Machines [0, 1]; Logical Clock: 99
2023-03-08 02:56:25,647 : 1678262163.798412 Internal Event!; Logical Clock: 100
2023-03-08 02:56:25,814 : 1678262163.798412 Sent a message to Machine 1; Logical Clock: 101
2023-03-08 02:56:25,984 : 1678262163.798412 Internal Event!; Logical Clock: 102
2023-03-08 02:56:26,153 : 1678262163.798412 Internal Event!; Logical Clock: 103
2023-03-08 02:56:26,323 : 1678262163.798412 Internal Event!; Logical Clock: 104
2023-03-08 02:56:26,490 : 1678262163.798412 Sent a message to Machines [0, 1]; Logical Clock: 105
2023-03-08 02:56:26,661 : 1678262163.798412 Sent a message to Machine 0; Logical Clock: 106
2023-03-08 02:56:26,832 : 1678262163.798412 Sent a message to Machine 0; Logical Clock: 107
2023-03-08 02:56:27,003 : 1678262163.798412 Internal Event!; Logical Clock: 108
2023-03-08 02:56:27,173 : 1678262163.798412 Sent a message to Machine 1; Logical Clock: 109
2023-03-08 02:56:27,343 : 1678262163.798412 Sent a message to Machine 1; Logical Clock: 110
2023-03-08 02:56:27,514 : 1678262163.798412 Internal Event!; Logical Clock: 111
2023-03-08 02:56:27,685 : 1678262163.798412 Internal Event!; Logical Clock: 112
2023-03-08 02:56:27,855 : 1678262163.798412 Internal Event!; Logical Clock: 113
2023-03-08 02:56:28,027 : 1678262163.798412 Sent a message to Machine 1; Logical Clock: 114
2023-03-08 02:56:28,197 : 1678262163.798412 Internal Event!; Logical Clock: 115
2023-03-08 02:56:28,368 : 1678262163.798412 Internal Event!; Logical Clock: 116
2023-03-08 02:56:28,540 : 1678262163.798412 Internal Event!; Logical Clock: 117
2023-03-08 02:56:28,711 : 1678262163.798412 Sent a message to Machine 0; Logical Clock: 118
2023-03-08 02:56:28,881 : 1678262163.798412 Internal Event!; Logical Clock: 119
2023-03-08 02:56:29,049 : 1678262163.798412 Received a message; Logical Clock: 120; Queue Length: 0
2023-03-08 02:56:29,216 : 1678262163.798412 Sent a message to Machines [0, 1]; Logical Clock: 121
2023-03-08 02:56:29,385 : 1678262163.798412 Sent a message to Machine 0; Logical Clock: 122
2023-03-08 02:56:29,554 : 1678262163.798412 Sent a message to Machine 0; Logical Clock: 123
2023-03-08 02:56:29,721 : 1678262163.798412 Internal Event!; Logical Clock: 124
2023-03-08 02:56:29,893 : 1678262163.798412 Internal Event!; Logical Clock: 125
2023-03-08 02:56:30,064 : 1678262163.798412 Sent a message to Machine 0; Logical Clock: 126
2023-03-08 02:56:30,231 : 1678262163.798412 Internal Event!; Logical Clock: 127
2023-03-08 02:56:30,402 : 1678262163.798412 Internal Event!; Logical Clock: 128
2023-03-08 02:56:30,570 : 1678262163.798412 Internal Event!; Logical Clock: 129
2023-03-08 02:56:30,741 : 1678262163.798412 Sent a message to Machine 1; Logical Clock: 130
2023-03-08 02:56:30,911 : 1678262163.798412 Sent a message to Machine 1; Logical Clock: 131
2023-03-08 02:56:31,081 : 1678262163.798412 Internal Event!; Logical Clock: 132
2023-03-08 02:56:31,250 : 1678262163.798412 Received a message; Logical Clock: 133; Queue Length: 0
2023-03-08 02:56:31,420 : 1678262163.798412 Internal Event!; Logical Clock: 134
2023-03-08 02:56:31,587 : 1678262163.798412 Internal Event!; Logical Clock: 135
2023-03-08 02:56:31,757 : 1678262163.798412 Sent a message to Machines [0, 1]; Logical Clock: 136
2023-03-08 02:56:31,928 : 1678262163.798412 Internal Event!; Logical Clock: 137
2023-03-08 02:56:32,099 : 1678262163.798412 Internal Event!; Logical Clock: 138
2023-03-08 02:56:32,270 : 1678262163.798412 Internal Event!; Logical Clock: 139
2023-03-08 02:56:32,441 : 1678262163.798412 Internal Event!; Logical Clock: 140
2023-03-08 02:56:32,612 : 1678262163.798412 Sent a message to Machines [0, 1]; Logical Clock: 141
2023-03-08 02:56:32,781 : 1678262163.798412 Internal Event!; Logical Clock: 142
2023-03-08 02:56:32,952 : 1678262163.798412 Received a message; Logical Clock: 143; Queue Length: 0
2023-03-08 02:56:33,123 : 1678262163.798412 Internal Event!; Logical Clock: 144
2023-03-08 02:56:33,292 : 1678262163.798412 Internal Event!; Logical Clock: 145
2023-03-08 02:56:33,463 : 1678262163.798412 Sent a message to Machines [0, 1]; Logical Clock: 146
2023-03-08 02:56:33,633 : 1678262163.798412 Sent a message to Machines [0, 1]; Logical Clock: 147
2023-03-08 02:56:33,803 : 1678262163.798412 Internal Event!; Logical Clock: 148
2023-03-08 02:56:33,973 : 1678262163.798412 Internal Event!; Logical Clock: 149
2023-03-08 02:56:34,144 : 1678262163.798412 Internal Event!; Logical Clock: 150
2023-03-08 02:56:34,315 : 1678262163.798412 Sent a message to Machine 1; Logical Clock: 151
2023-03-08 02:56:34,487 : 1678262163.798412 Sent a message to Machine 1; Logical Clock: 152
2023-03-08 02:56:34,658 : 1678262163.798412 Sent a message to Machine 0; Logical Clock: 153
2023-03-08 02:56:34,829 : 1678262163.798412 Internal Event!; Logical Clock: 154
2023-03-08 02:56:35,000 : 1678262163.798412 Internal Event!; Logical Clock: 155
2023-03-08 02:56:35,171 : 1678262163.798412 Internal Event!; Logical Clock: 156
2023-03-08 02:56:35,342 : 1678262163.798412 Sent a message to Machine 1; Logical Clock: 157
2023-03-08 02:56:35,514 : 1678262163.798412 Sent a message to Machine 1; Logical Clock: 158
2023-03-08 02:56:35,683 : 1678262163.798412 Sent a message to Machine 1; Logical Clock: 159
2023-03-08 02:56:35,851 : 1678262163.798412 Internal Event!; Logical Clock: 160
2023-03-08 02:56:36,019 : 1678262163.798412 Received a message; Logical Clock: 161; Queue Length: 0
2023-03-08 02:56:36,187 : 1678262163.798412 Received a message; Logical Clock: 162; Queue Length: 0
2023-03-08 02:56:36,354 : 1678262163.798412 Internal Event!; Logical Clock: 163
2023-03-08 02:56:36,521 : 1678262163.798412 Internal Event!; Logical Clock: 164
2023-03-08 02:56:36,690 : 1678262163.798412 Internal Event!; Logical Clock: 165
2023-03-08 02:56:36,862 : 1678262163.798412 Received a message; Logical Clock: 166; Queue Length: 0
2023-03-08 02:56:37,030 : 1678262163.798412 Sent a message to Machine 0; Logical Clock: 167
2023-03-08 02:56:37,201 : 1678262163.798412 Internal Event!; Logical Clock: 168
2023-03-08 02:56:37,371 : 1678262163.798412 Sent a message to Machine 1; Logical Clock: 169
2023-03-08 02:56:37,541 : 1678262163.798412 Sent a message to Machine 0; Logical Clock: 170
2023-03-08 02:56:37,712 : 1678262163.798412 Sent a message to Machine 1; Logical Clock: 171
2023-03-08 02:56:37,880 : 1678262163.798412 Internal Event!; Logical Clock: 172
2023-03-08 02:56:38,051 : 1678262163.798412 Internal Event!; Logical Clock: 173
2023-03-08 02:56:38,219 : 1678262163.798412 Internal Event!; Logical Clock: 174
2023-03-08 02:56:38,390 : 1678262163.798412 Received a message; Logical Clock: 175; Queue Length: 0
2023-03-08 02:56:38,557 : 1678262163.798412 Internal Event!; Logical Clock: 176
2023-03-08 02:56:38,727 : 1678262163.798412 Internal Event!; Logical Clock: 177
2023-03-08 02:56:38,897 : 1678262163.798412 Sent a message to Machine 1; Logical Clock: 178
2023-03-08 02:56:39,068 : 1678262163.798412 Internal Event!; Logical Clock: 179
2023-03-08 02:56:39,236 : 1678262163.798412 Internal Event!; Logical Clock: 180
2023-03-08 02:56:39,405 : 1678262163.798412 Internal Event!; Logical Clock: 181
2023-03-08 02:56:39,576 : 1678262163.798412 Sent a message to Machines [0, 1]; Logical Clock: 182
2023-03-08 02:56:39,747 : 1678262163.798412 Internal Event!; Logical Clock: 183
2023-03-08 02:56:39,915 : 1678262163.798412 Internal Event!; Logical Clock: 184
2023-03-08 02:56:40,086 : 1678262163.798412 Internal Event!; Logical Clock: 185
2023-03-08 02:56:40,257 : 1678262163.798412 Internal Event!; Logical Clock: 186
2023-03-08 02:56:40,424 : 1678262163.798412 Internal Event!; Logical Clock: 187
2023-03-08 02:56:40,592 : 1678262163.798412 Internal Event!; Logical Clock: 188
2023-03-08 02:56:40,763 : 1678262163.798412 Sent a message to Machine 0; Logical Clock: 189
2023-03-08 02:56:40,932 : 1678262163.798412 Internal Event!; Logical Clock: 190
2023-03-08 02:56:41,102 : 1678262163.798412 Sent a message to Machines [0, 1]; Logical Clock: 191
2023-03-08 02:56:41,270 : 1678262163.798412 Received a message; Logical Clock: 192; Queue Length: 0
2023-03-08 02:56:41,440 : 1678262163.798412 Sent a message to Machine 1; Logical Clock: 193
2023-03-08 02:56:41,607 : 1678262163.798412 Sent a message to Machines [0, 1]; Logical Clock: 194
2023-03-08 02:56:41,776 : 1678262163.798412 Received a message; Logical Clock: 195; Queue Length: 0
2023-03-08 02:56:41,947 : 1678262163.798412 Sent a message to Machines [0, 1]; Logical Clock: 196
2023-03-08 02:56:42,118 : 1678262163.798412 Internal Event!; Logical Clock: 197
2023-03-08 02:56:42,287 : 1678262163.798412 Sent a message to Machine 1; Logical Clock: 198
2023-03-08 02:56:42,456 : 1678262163.798412 Sent a message to Machine 0; Logical Clock: 199
2023-03-08 02:56:42,627 : 1678262163.798412 Sent a message to Machines [0, 1]; Logical Clock: 200
2023-03-08 02:56:42,797 : 1678262163.798412 Internal Event!; Logical Clock: 201
2023-03-08 02:56:42,967 : 1678262163.798412 Sent a message to Machine 0; Logical Clock: 202
2023-03-08 02:56:43,139 : 1678262163.798412 Received a message; Logical Clock: 203; Queue Length: 0
2023-03-08 02:56:43,310 : 1678262163.798412 Internal Event!; Logical Clock: 204
2023-03-08 02:56:43,480 : 1678262163.798412 Internal Event!; Logical Clock: 205
2023-03-08 02:56:43,651 : 1678262163.798412 Sent a message to Machine 0; Logical Clock: 206
2023-03-08 02:56:43,822 : 1678262163.798412 Internal Event!; Logical Clock: 207
2023-03-08 02:56:43,992 : 1678262163.798412 Internal Event!; Logical Clock: 208
2023-03-08 02:56:44,163 : 1678262163.798412 Internal Event!; Logical Clock: 209
2023-03-08 02:56:44,331 : 1678262163.798412 Sent a message to Machine 0; Logical Clock: 210
2023-03-08 02:56:44,501 : 1678262163.798412 Sent a message to Machines [0, 1]; Logical Clock: 211
2023-03-08 02:56:44,671 : 1678262163.798412 Internal Event!; Logical Clock: 212
2023-03-08 02:56:44,841 : 1678262163.798412 Internal Event!; Logical Clock: 213
2023-03-08 02:56:45,012 : 1678262163.798412 Internal Event!; Logical Clock: 214
2023-03-08 02:56:45,183 : 1678262163.798412 Internal Event!; Logical Clock: 215
2023-03-08 02:56:45,351 : 1678262163.798412 Internal Event!; Logical Clock: 216
2023-03-08 02:56:45,521 : 1678262163.798412 Internal Event!; Logical Clock: 217
2023-03-08 02:56:45,691 : 1678262163.798412 Internal Event!; Logical Clock: 218
2023-03-08 02:56:45,862 : 1678262163.798412 Sent a message to Machine 1; Logical Clock: 219
2023-03-08 02:56:46,031 : 1678262163.798412 Internal Event!; Logical Clock: 220
2023-03-08 02:56:46,200 : 1678262163.798412 Internal Event!; Logical Clock: 221
2023-03-08 02:56:46,372 : 1678262163.798412 Internal Event!; Logical Clock: 222
2023-03-08 02:56:46,540 : 1678262163.798412 Internal Event!; Logical Clock: 223
2023-03-08 02:56:46,709 : 1678262163.798412 Internal Event!; Logical Clock: 224
2023-03-08 02:56:46,880 : 1678262163.798412 Internal Event!; Logical Clock: 225
2023-03-08 02:56:47,051 : 1678262163.798412 Sent a message to Machine 1; Logical Clock: 226
2023-03-08 02:56:47,222 : 1678262163.798412 Internal Event!; Logical Clock: 227
2023-03-08 02:56:47,390 : 1678262163.798412 Internal Event!; Logical Clock: 228
2023-03-08 02:56:47,559 : 1678262163.798412 Internal Event!; Logical Clock: 229
2023-03-08 02:56:47,730 : 1678262163.798412 Internal Event!; Logical Clock: 230
2023-03-08 02:56:47,901 : 1678262163.798412 Internal Event!; Logical Clock: 231
2023-03-08 02:56:48,072 : 1678262163.798412 Internal Event!; Logical Clock: 232
2023-03-08 02:56:48,243 : 1678262163.798412 Internal Event!; Logical Clock: 233
2023-03-08 02:56:48,414 : 1678262163.798412 Received a message; Logical Clock: 234; Queue Length: 0
2023-03-08 02:56:48,585 : 1678262163.798412 Internal Event!; Logical Clock: 235
2023-03-08 02:56:48,755 : 1678262163.798412 Sent a message to Machine 1; Logical Clock: 236
2023-03-08 02:56:48,924 : 1678262163.798412 Sent a message to Machines [0, 1]; Logical Clock: 237
2023-03-08 02:56:49,096 : 1678262163.798412 Internal Event!; Logical Clock: 238
2023-03-08 02:56:49,264 : 1678262163.798412 Internal Event!; Logical Clock: 239
2023-03-08 02:56:49,432 : 1678262163.798412 Internal Event!; Logical Clock: 240
2023-03-08 02:56:49,600 : 1678262163.798412 Sent a message to Machine 1; Logical Clock: 241
2023-03-08 02:56:49,771 : 1678262163.798412 Received a message; Logical Clock: 242; Queue Length: 0
2023-03-08 02:56:49,942 : 1678262163.798412 Internal Event!; Logical Clock: 243
2023-03-08 02:56:50,113 : 1678262163.798412 Internal Event!; Logical Clock: 244
2023-03-08 02:56:50,283 : 1678262163.798412 Internal Event!; Logical Clock: 245
2023-03-08 02:56:50,453 : 1678262163.798412 Received a message; Logical Clock: 246; Queue Length: 0
2023-03-08 02:56:50,623 : 1678262163.798412 Received a message; Logical Clock: 247; Queue Length: 0
2023-03-08 02:56:50,790 : 1678262163.798412 Internal Event!; Logical Clock: 248
2023-03-08 02:56:50,962 : 1678262163.798412 Sent a message to Machines [0, 1]; Logical Clock: 249
2023-03-08 02:56:51,132 : 1678262163.798412 Internal Event!; Logical Clock: 250
2023-03-08 02:56:51,304 : 1678262163.798412 Sent a message to Machine 0; Logical Clock: 251
2023-03-08 02:56:51,473 : 1678262163.798412 Internal Event!; Logical Clock: 252
2023-03-08 02:56:51,641 : 1678262163.798412 Internal Event!; Logical Clock: 253
2023-03-08 02:56:51,812 : 1678262163.798412 Sent a message to Machines [0, 1]; Logical Clock: 254
2023-03-08 02:56:51,983 : 1678262163.798412 Received a message; Logical Clock: 255; Queue Length: 1
2023-03-08 02:56:52,152 : 1678262163.798412 Received a message; Logical Clock: 256; Queue Length: 0
2023-03-08 02:56:52,319 : 1678262163.798412 Internal Event!; Logical Clock: 257
2023-03-08 02:56:52,490 : 1678262163.798412 Internal Event!; Logical Clock: 258
2023-03-08 02:56:52,658 : 1678262163.798412 Sent a message to Machines [0, 1]; Logical Clock: 259
2023-03-08 02:56:52,830 : 1678262163.798412 Internal Event!; Logical Clock: 260
2023-03-08 02:56:53,001 : 1678262163.798412 Sent a message to Machines [0, 1]; Logical Clock: 261
2023-03-08 02:56:53,171 : 1678262163.798412 Received a message; Logical Clock: 262; Queue Length: 0
2023-03-08 02:56:53,338 : 1678262163.798412 Internal Event!; Logical Clock: 263
2023-03-08 02:56:53,507 : 1678262163.798412 Sent a message to Machine 1; Logical Clock: 264
2023-03-08 02:56:53,678 : 1678262163.798412 Internal Event!; Logical Clock: 265
2023-03-08 02:56:53,848 : 1678262163.798412 Internal Event!; Logical Clock: 266
2023-03-08 02:56:54,017 : 1678262163.798412 Internal Event!; Logical Clock: 267
2023-03-08 02:56:54,188 : 1678262163.798412 Sent a message to Machine 1; Logical Clock: 268
2023-03-08 02:56:54,359 : 1678262163.798412 Internal Event!; Logical Clock: 269
2023-03-08 02:56:54,530 : 1678262163.798412 Sent a message to Machine 0; Logical Clock: 270
2023-03-08 02:56:54,700 : 1678262163.798412 Sent a message to Machine 0; Logical Clock: 271
2023-03-08 02:56:54,871 : 1678262163.798412 Internal Event!; Logical Clock: 272
2023-03-08 02:56:55,043 : 1678262163.798412 Internal Event!; Logical Clock: 273
2023-03-08 02:56:55,213 : 1678262163.798412 Internal Event!; Logical Clock: 274
2023-03-08 02:56:55,383 : 1678262163.798412 Received a message; Logical Clock: 275; Queue Length: 0
2023-03-08 02:56:55,551 : 1678262163.798412 Internal Event!; Logical Clock: 276
2023-03-08 02:56:55,719 : 1678262163.798412 Internal Event!; Logical Clock: 277
2023-03-08 02:56:55,889 : 1678262163.798412 Sent a message to Machines [0, 1]; Logical Clock: 278
2023-03-08 02:56:56,060 : 1678262163.798412 Internal Event!; Logical Clock: 279
2023-03-08 02:56:56,231 : 1678262163.798412 Sent a message to Machine 1; Logical Clock: 280
2023-03-08 02:56:56,400 : 1678262163.798412 Received a message; Logical Clock: 281; Queue Length: 0
2023-03-08 02:56:56,570 : 1678262163.798412 Sent a message to Machine 0; Logical Clock: 282
2023-03-08 02:56:56,739 : 1678262163.798412 Internal Event!; Logical Clock: 283
2023-03-08 02:56:56,910 : 1678262163.798412 Sent a message to Machines [0, 1]; Logical Clock: 284
2023-03-08 02:56:57,082 : 1678262163.798412 Internal Event!; Logical Clock: 285
2023-03-08 02:56:57,253 : 1678262163.798412 Internal Event!; Logical Clock: 286
2023-03-08 02:56:57,425 : 1678262163.798412 Internal Event!; Logical Clock: 287
2023-03-08 02:56:57,594 : 1678262163.798412 Internal Event!; Logical Clock: 288
2023-03-08 02:56:57,765 : 1678262163.798412 Internal Event!; Logical Clock: 289
2023-03-08 02:56:57,935 : 1678262163.798412 Internal Event!; Logical Clock: 290
2023-03-08 02:56:58,105 : 1678262163.798412 Sent a message to Machine 0; Logical Clock: 291
2023-03-08 02:56:58,276 : 1678262163.798412 Internal Event!; Logical Clock: 292
2023-03-08 02:56:58,447 : 1678262163.798412 Internal Event!; Logical Clock: 293
2023-03-08 02:56:58,615 : 1678262163.798412 Internal Event!; Logical Clock: 294
2023-03-08 02:56:58,782 : 1678262163.798412 Internal Event!; Logical Clock: 295
2023-03-08 02:56:58,951 : 1678262163.798412 Internal Event!; Logical Clock: 296
2023-03-08 02:56:59,118 : 1678262163.798412 Sent a message to Machine 1; Logical Clock: 297
2023-03-08 02:56:59,288 : 1678262163.798412 Internal Event!; Logical Clock: 298
2023-03-08 02:56:59,456 : 1678262163.798412 Sent a message to Machine 1; Logical Clock: 299
2023-03-08 02:56:59,626 : 1678262163.798412 Internal Event!; Logical Clock: 300
2023-03-08 02:56:59,798 : 1678262163.798412 Internal Event!; Logical Clock: 301
2023-03-08 02:56:59,968 : 1678262163.798412 Sent a message to Machine 0; Logical Clock: 302
2023-03-08 02:57:00,137 : 1678262163.798412 Sent a message to Machine 1; Logical Clock: 303
2023-03-08 02:57:00,305 : 1678262163.798412 Sent a message to Machines [0, 1]; Logical Clock: 304
2023-03-08 02:57:00,474 : 1678262163.798412 Internal Event!; Logical Clock: 305
2023-03-08 02:57:00,644 : 1678262163.798412 Received a message; Logical Clock: 306; Queue Length: 0
2023-03-08 02:57:00,813 : 1678262163.798412 Internal Event!; Logical Clock: 307
2023-03-08 02:57:00,984 : 1678262163.798412 Internal Event!; Logical Clock: 308
2023-03-08 02:57:01,154 : 1678262163.798412 Received a message; Logical Clock: 309; Queue Length: 0
2023-03-08 02:57:01,325 : 1678262163.798412 Internal Event!; Logical Clock: 310
2023-03-08 02:57:01,495 : 1678262163.798412 Internal Event!; Logical Clock: 311
2023-03-08 02:57:01,666 : 1678262163.798412 Received a message; Logical Clock: 312; Queue Length: 0
2023-03-08 02:57:01,836 : 1678262163.798412 Internal Event!; Logical Clock: 313
2023-03-08 02:57:02,007 : 1678262163.798412 Internal Event!; Logical Clock: 314
2023-03-08 02:57:02,175 : 1678262163.798412 Internal Event!; Logical Clock: 315
2023-03-08 02:57:02,347 : 1678262163.798412 Internal Event!; Logical Clock: 316
2023-03-08 02:57:02,518 : 1678262163.798412 Sent a message to Machine 0; Logical Clock: 317
2023-03-08 02:57:02,689 : 1678262163.798412 Internal Event!; Logical Clock: 318
2023-03-08 02:57:02,859 : 1678262163.798412 Internal Event!; Logical Clock: 319
2023-03-08 02:57:03,030 : 1678262163.798412 Sent a message to Machine 0; Logical Clock: 320
2023-03-08 02:57:03,200 : 1678262163.798412 Internal Event!; Logical Clock: 321
2023-03-08 02:57:03,367 : 1678262163.798412 Internal Event!; Logical Clock: 322
2023-03-08 02:57:03,536 : 1678262163.798412 Sent a message to Machines [0, 1]; Logical Clock: 323
2023-03-08 02:57:03,705 : 1678262163.798412 Internal Event!; Logical Clock: 324
2023-03-08 02:57:03,875 : 1678262163.798412 Received a message; Logical Clock: 325; Queue Length: 0
2023-03-08 02:57:04,046 : 1678262163.798412 Internal Event!; Logical Clock: 326
2023-03-08 02:57:04,215 : 1678262163.798412 Internal Event!; Logical Clock: 327
2023-03-08 02:57:04,385 : 1678262163.798412 Sent a message to Machines [0, 1]; Logical Clock: 328
2023-03-08 02:57:04,557 : 1678262163.798412 Sent a message to Machine 1; Logical Clock: 329
2023-03-08 02:57:04,728 : 1678262163.798412 Internal Event!; Logical Clock: 330
2023-03-08 02:57:04,899 : 1678262163.798412 Internal Event!; Logical Clock: 331
2023-03-08 02:57:05,069 : 1678262163.798412 Internal Event!; Logical Clock: 332
2023-03-08 02:57:05,240 : 1678262163.798412 Internal Event!; Logical Clock: 333
2023-03-08 02:57:05,410 : 1678262163.798412 Sent a message to Machine 0; Logical Clock: 334
2023-03-08 02:57:05,580 : 1678262163.798412 Internal Event!; Logical Clock: 335
2023-03-08 02:57:05,752 : 1678262163.798412 Received a message; Logical Clock: 336; Queue Length: 0
2023-03-08 02:57:05,923 : 1678262163.798412 Sent a message to Machine 1; Logical Clock: 337
2023-03-08 02:57:06,094 : 1678262163.798412 Sent a message to Machines [0, 1]; Logical Clock: 338
2023-03-08 02:57:06,264 : 1678262163.798412 Internal Event!; Logical Clock: 339
2023-03-08 02:57:06,436 : 1678262163.798412 Internal Event!; Logical Clock: 340
2023-03-08 02:57:06,605 : 1678262163.798412 Received a message; Logical Clock: 341; Queue Length: 0
2023-03-08 02:57:06,776 : 1678262163.798412 Sent a message to Machines [0, 1]; Logical Clock: 342
2023-03-08 02:57:06,947 : 1678262163.798412 Sent a message to Machine 0; Logical Clock: 343
2023-03-08 02:57:07,114 : 1678262163.798412 Sent a message to Machine 0; Logical Clock: 344
2023-03-08 02:57:07,283 : 1678262163.798412 Internal Event!; Logical Clock: 345
2023-03-08 02:57:07,451 : 1678262163.798412 Sent a message to Machine 0; Logical Clock: 346
2023-03-08 02:57:07,619 : 1678262163.798412 Internal Event!; Logical Clock: 347
2023-03-08 02:57:07,788 : 1678262163.798412 Internal Event!; Logical Clock: 348
2023-03-08 02:57:07,958 : 1678262163.798412 Internal Event!; Logical Clock: 349
2023-03-08 02:57:08,126 : 1678262163.798412 Internal Event!; Logical Clock: 350
2023-03-08 02:57:08,293 : 1678262163.798412 Internal Event!; Logical Clock: 351
2023-03-08 02:57:08,463 : 1678262163.798412 Sent a message to Machine 1; Logical Clock: 352
2023-03-08 02:57:08,634 : 1678262163.798412 Internal Event!; Logical Clock: 353
2023-03-08 02:57:08,801 : 1678262163.798412 Received a message; Logical Clock: 354; Queue Length: 0
2023-03-08 02:57:08,968 : 1678262163.798412 Internal Event!; Logical Clock: 355
2023-03-08 02:57:09,140 : 1678262163.798412 Sent a message to Machines [0, 1]; Logical Clock: 356
2023-03-08 02:57:09,310 : 1678262163.798412 Sent a message to Machine 0; Logical Clock: 357
2023-03-08 02:57:09,481 : 1678262163.798412 Internal Event!; Logical Clock: 358
2023-03-08 02:57:09,650 : 1678262163.798412 Internal Event!; Logical Clock: 359
2023-03-08 02:57:09,820 : 1678262163.798412 Sent a message to Machine 1; Logical Clock: 360
