2023-03-08 00:22:28,715 : 1678252943.711873 Machine: 2 Clock Rate: 1
2023-03-08 00:22:28,716 : 1678252943.711873 Sent a message to Machine 0; Logical Clock: 1
2023-03-08 00:22:29,716 : 1678252943.711873 Received a message; Logical Clock: 2; Queue Length: 0
2023-03-08 00:22:30,719 : 1678252943.711873 Sent a message to Machine 0; Logical Clock: 3
2023-03-08 00:22:31,724 : 1678252943.711873 Internal Event!; Logical Clock: 4
2023-03-08 00:22:32,726 : 1678252943.711873 Internal Event!; Logical Clock: 5
2023-03-08 00:22:33,728 : 1678252943.711873 Received a message; Logical Clock: 20; Queue Length: 0
2023-03-08 00:22:34,729 : 1678252943.711873 Received a message; Logical Clock: 21; Queue Length: 0
2023-03-08 00:22:35,731 : 1678252943.711873 Internal Event!; Logical Clock: 22
2023-03-08 00:22:36,735 : 1678252943.711873 Sent a message to Machine 1; Logical Clock: 23
2023-03-08 00:22:37,739 : 1678252943.711873 Received a message; Logical Clock: 36; Queue Length: 0
2023-03-08 00:22:38,743 : 1678252943.711873 Received a message; Logical Clock: 39; Queue Length: 0
2023-03-08 00:22:39,747 : 1678252943.711873 Received a message; Logical Clock: 40; Queue Length: 1
2023-03-08 00:22:40,749 : 1678252943.711873 Received a message; Logical Clock: 41; Queue Length: 1
2023-03-08 00:22:41,749 : 1678252943.711873 Received a message; Logical Clock: 45; Queue Length: 1
2023-03-08 00:22:42,750 : 1678252943.711873 Received a message; Logical Clock: 52; Queue Length: 0
2023-03-08 00:22:43,754 : 1678252943.711873 Received a message; Logical Clock: 58; Queue Length: 0
2023-03-08 00:22:44,758 : 1678252943.711873 Internal Event!; Logical Clock: 59
2023-03-08 00:22:45,762 : 1678252943.711873 Received a message; Logical Clock: 66; Queue Length: 0
2023-03-08 00:22:46,766 : 1678252943.711873 Internal Event!; Logical Clock: 67
2023-03-08 00:22:47,770 : 1678252943.711873 Sent a message to Machines [0, 1]; Logical Clock: 68
2023-03-08 00:22:48,774 : 1678252943.711873 Received a message; Logical Clock: 77; Queue Length: 0
2023-03-08 00:22:49,778 : 1678252943.711873 Sent a message to Machines [0, 1]; Logical Clock: 78
2023-03-08 00:22:50,779 : 1678252943.711873 Internal Event!; Logical Clock: 79
2023-03-08 00:22:51,785 : 1678252943.711873 Received a message; Logical Clock: 89; Queue Length: 0
2023-03-08 00:22:52,788 : 1678252943.711873 Sent a message to Machine 0; Logical Clock: 90
2023-03-08 00:22:53,791 : 1678252943.711873 Received a message; Logical Clock: 100; Queue Length: 0
2023-03-08 00:22:54,791 : 1678252943.711873 Received a message; Logical Clock: 103; Queue Length: 0
2023-03-08 00:22:55,795 : 1678252943.711873 Internal Event!; Logical Clock: 104
2023-03-08 00:22:56,800 : 1678252943.711873 Internal Event!; Logical Clock: 105
2023-03-08 00:22:57,801 : 1678252943.711873 Internal Event!; Logical Clock: 106
2023-03-08 00:22:58,803 : 1678252943.711873 Received a message; Logical Clock: 117; Queue Length: 0
2023-03-08 00:22:59,807 : 1678252943.711873 Internal Event!; Logical Clock: 118
2023-03-08 00:23:00,808 : 1678252943.711873 Received a message; Logical Clock: 123; Queue Length: 0
2023-03-08 00:23:01,813 : 1678252943.711873 Sent a message to Machine 1; Logical Clock: 124
2023-03-08 00:23:02,815 : 1678252943.711873 Received a message; Logical Clock: 131; Queue Length: 0
2023-03-08 00:23:03,816 : 1678252943.711873 Internal Event!; Logical Clock: 132
2023-03-08 00:23:04,818 : 1678252943.711873 Internal Event!; Logical Clock: 133
2023-03-08 00:23:05,822 : 1678252943.711873 Received a message; Logical Clock: 144; Queue Length: 0
2023-03-08 00:23:06,825 : 1678252943.711873 Sent a message to Machine 0; Logical Clock: 145
2023-03-08 00:23:07,830 : 1678252943.711873 Sent a message to Machine 0; Logical Clock: 146
2023-03-08 00:23:08,835 : 1678252943.711873 Received a message; Logical Clock: 147; Queue Length: 0
2023-03-08 00:23:09,838 : 1678252943.711873 Sent a message to Machine 0; Logical Clock: 148
2023-03-08 00:23:10,841 : 1678252943.711873 Received a message; Logical Clock: 164; Queue Length: 0
2023-03-08 00:23:11,846 : 1678252943.711873 Received a message; Logical Clock: 165; Queue Length: 1
2023-03-08 00:23:12,848 : 1678252943.711873 Received a message; Logical Clock: 166; Queue Length: 0
2023-03-08 00:23:13,849 : 1678252943.711873 Received a message; Logical Clock: 176; Queue Length: 0
2023-03-08 00:23:14,853 : 1678252943.711873 Received a message; Logical Clock: 181; Queue Length: 0
2023-03-08 00:23:15,857 : 1678252943.711873 Sent a message to Machine 1; Logical Clock: 182
2023-03-08 00:23:16,857 : 1678252943.711873 Internal Event!; Logical Clock: 183
2023-03-08 00:23:17,857 : 1678252943.711873 Received a message; Logical Clock: 191; Queue Length: 1
2023-03-08 00:23:18,862 : 1678252943.711873 Received a message; Logical Clock: 195; Queue Length: 0
2023-03-08 00:23:19,865 : 1678252943.711873 Received a message; Logical Clock: 196; Queue Length: 0
2023-03-08 00:23:20,868 : 1678252943.711873 Internal Event!; Logical Clock: 197
2023-03-08 00:23:21,873 : 1678252943.711873 Internal Event!; Logical Clock: 198
2023-03-08 00:23:22,876 : 1678252943.711873 Internal Event!; Logical Clock: 199
2023-03-08 00:23:23,880 : 1678252943.711873 Received a message; Logical Clock: 215; Queue Length: 0
2023-03-08 00:23:24,883 : 1678252943.711873 Internal Event!; Logical Clock: 216
2023-03-08 00:23:25,884 : 1678252943.711873 Sent a message to Machines [0, 1]; Logical Clock: 217
2023-03-08 00:23:26,889 : 1678252943.711873 Received a message; Logical Clock: 224; Queue Length: 0
2023-03-08 00:23:27,894 : 1678252943.711873 Sent a message to Machine 0; Logical Clock: 225
