2023-03-08 00:20:29,259 : 1678252824.251704 Machine: 1 Clock Rate: 6
2023-03-08 00:20:29,259 : 1678252824.251704 Internal Event!; Logical Clock: 1
2023-03-08 00:20:29,430 : 1678252824.251704 Received a message; Logical Clock: 2; Queue Length: 0
2023-03-08 00:20:29,600 : 1678252824.251704 Received a message; Logical Clock: 3; Queue Length: 0
2023-03-08 00:20:29,772 : 1678252824.251704 Sent a message to Machine 0; Logical Clock: 4
2023-03-08 00:20:29,941 : 1678252824.251704 Received a message; Logical Clock: 5; Queue Length: 0
2023-03-08 00:20:30,112 : 1678252824.251704 Internal Event!; Logical Clock: 6
2023-03-08 00:20:30,282 : 1678252824.251704 Internal Event!; Logical Clock: 7
2023-03-08 00:20:30,451 : 1678252824.251704 Internal Event!; Logical Clock: 8
2023-03-08 00:20:30,621 : 1678252824.251704 Sent a message to Machine 0; Logical Clock: 9
2023-03-08 00:20:30,793 : 1678252824.251704 Sent a message to Machine 0; Logical Clock: 10
2023-03-08 00:20:30,961 : 1678252824.251704 Sent a message to Machine 2; Logical Clock: 11
2023-03-08 00:20:31,132 : 1678252824.251704 Internal Event!; Logical Clock: 12
2023-03-08 00:20:31,302 : 1678252824.251704 Received a message; Logical Clock: 13; Queue Length: 0
2023-03-08 00:20:31,471 : 1678252824.251704 Internal Event!; Logical Clock: 14
2023-03-08 00:20:31,641 : 1678252824.251704 Received a message; Logical Clock: 15; Queue Length: 0
2023-03-08 00:20:31,810 : 1678252824.251704 Sent a message to Machine 2; Logical Clock: 16
2023-03-08 00:20:31,980 : 1678252824.251704 Internal Event!; Logical Clock: 17
2023-03-08 00:20:32,148 : 1678252824.251704 Internal Event!; Logical Clock: 18
2023-03-08 00:20:32,317 : 1678252824.251704 Internal Event!; Logical Clock: 19
2023-03-08 00:20:32,488 : 1678252824.251704 Sent a message to Machines [2, 0]; Logical Clock: 20
2023-03-08 00:20:32,658 : 1678252824.251704 Internal Event!; Logical Clock: 21
2023-03-08 00:20:32,825 : 1678252824.251704 Received a message; Logical Clock: 22; Queue Length: 0
2023-03-08 00:20:32,996 : 1678252824.251704 Internal Event!; Logical Clock: 23
2023-03-08 00:20:33,165 : 1678252824.251704 Internal Event!; Logical Clock: 24
2023-03-08 00:20:33,335 : 1678252824.251704 Internal Event!; Logical Clock: 25
2023-03-08 00:20:33,502 : 1678252824.251704 Internal Event!; Logical Clock: 26
2023-03-08 00:20:33,673 : 1678252824.251704 Internal Event!; Logical Clock: 27
2023-03-08 00:20:33,842 : 1678252824.251704 Sent a message to Machine 0; Logical Clock: 28
2023-03-08 00:20:34,013 : 1678252824.251704 Received a message; Logical Clock: 29; Queue Length: 1
2023-03-08 00:20:34,181 : 1678252824.251704 Received a message; Logical Clock: 30; Queue Length: 0
2023-03-08 00:20:34,348 : 1678252824.251704 Internal Event!; Logical Clock: 31
2023-03-08 00:20:34,517 : 1678252824.251704 Internal Event!; Logical Clock: 32
2023-03-08 00:20:34,688 : 1678252824.251704 Internal Event!; Logical Clock: 33
2023-03-08 00:20:34,858 : 1678252824.251704 Received a message; Logical Clock: 34; Queue Length: 0
2023-03-08 00:20:35,027 : 1678252824.251704 Internal Event!; Logical Clock: 35
2023-03-08 00:20:35,196 : 1678252824.251704 Sent a message to Machine 0; Logical Clock: 36
2023-03-08 00:20:35,366 : 1678252824.251704 Internal Event!; Logical Clock: 37
2023-03-08 00:20:35,536 : 1678252824.251704 Sent a message to Machines [2, 0]; Logical Clock: 38
2023-03-08 00:20:35,708 : 1678252824.251704 Sent a message to Machines [2, 0]; Logical Clock: 39
2023-03-08 00:20:35,878 : 1678252824.251704 Sent a message to Machine 0; Logical Clock: 40
2023-03-08 00:20:36,049 : 1678252824.251704 Received a message; Logical Clock: 41; Queue Length: 0
2023-03-08 00:20:36,219 : 1678252824.251704 Internal Event!; Logical Clock: 42
2023-03-08 00:20:36,390 : 1678252824.251704 Internal Event!; Logical Clock: 43
2023-03-08 00:20:36,558 : 1678252824.251704 Sent a message to Machines [2, 0]; Logical Clock: 44
2023-03-08 00:20:36,726 : 1678252824.251704 Internal Event!; Logical Clock: 45
2023-03-08 00:20:36,894 : 1678252824.251704 Sent a message to Machine 0; Logical Clock: 46
2023-03-08 00:20:37,065 : 1678252824.251704 Internal Event!; Logical Clock: 47
2023-03-08 00:20:37,236 : 1678252824.251704 Internal Event!; Logical Clock: 48
2023-03-08 00:20:37,408 : 1678252824.251704 Received a message; Logical Clock: 49; Queue Length: 0
2023-03-08 00:20:37,578 : 1678252824.251704 Received a message; Logical Clock: 50; Queue Length: 0
2023-03-08 00:20:37,745 : 1678252824.251704 Internal Event!; Logical Clock: 51
2023-03-08 00:20:37,917 : 1678252824.251704 Sent a message to Machines [2, 0]; Logical Clock: 52
2023-03-08 00:20:38,085 : 1678252824.251704 Internal Event!; Logical Clock: 53
2023-03-08 00:20:38,255 : 1678252824.251704 Internal Event!; Logical Clock: 54
2023-03-08 00:20:38,425 : 1678252824.251704 Internal Event!; Logical Clock: 55
2023-03-08 00:20:38,596 : 1678252824.251704 Internal Event!; Logical Clock: 56
2023-03-08 00:20:38,767 : 1678252824.251704 Internal Event!; Logical Clock: 57
2023-03-08 00:20:38,938 : 1678252824.251704 Internal Event!; Logical Clock: 58
2023-03-08 00:20:39,108 : 1678252824.251704 Sent a message to Machines [2, 0]; Logical Clock: 59
2023-03-08 00:20:39,278 : 1678252824.251704 Internal Event!; Logical Clock: 60
2023-03-08 00:20:39,450 : 1678252824.251704 Sent a message to Machines [2, 0]; Logical Clock: 61
2023-03-08 00:20:39,621 : 1678252824.251704 Internal Event!; Logical Clock: 62
2023-03-08 00:20:39,791 : 1678252824.251704 Internal Event!; Logical Clock: 63
2023-03-08 00:20:39,960 : 1678252824.251704 Internal Event!; Logical Clock: 64
2023-03-08 00:20:40,127 : 1678252824.251704 Received a message; Logical Clock: 65; Queue Length: 0
2023-03-08 00:20:40,294 : 1678252824.251704 Received a message; Logical Clock: 66; Queue Length: 0
2023-03-08 00:20:40,463 : 1678252824.251704 Internal Event!; Logical Clock: 67
2023-03-08 00:20:40,633 : 1678252824.251704 Internal Event!; Logical Clock: 68
2023-03-08 00:20:40,804 : 1678252824.251704 Sent a message to Machine 0; Logical Clock: 69
2023-03-08 00:20:40,975 : 1678252824.251704 Sent a message to Machine 2; Logical Clock: 70
2023-03-08 00:20:41,141 : 1678252824.251704 Internal Event!; Logical Clock: 71
2023-03-08 00:20:41,312 : 1678252824.251704 Received a message; Logical Clock: 72; Queue Length: 0
2023-03-08 00:20:41,482 : 1678252824.251704 Received a message; Logical Clock: 73; Queue Length: 0
2023-03-08 00:20:41,654 : 1678252824.251704 Internal Event!; Logical Clock: 74
2023-03-08 00:20:41,825 : 1678252824.251704 Internal Event!; Logical Clock: 75
2023-03-08 00:20:41,997 : 1678252824.251704 Internal Event!; Logical Clock: 76
2023-03-08 00:20:42,167 : 1678252824.251704 Received a message; Logical Clock: 77; Queue Length: 0
2023-03-08 00:20:42,339 : 1678252824.251704 Sent a message to Machine 0; Logical Clock: 78
2023-03-08 00:20:42,509 : 1678252824.251704 Sent a message to Machine 0; Logical Clock: 79
2023-03-08 00:20:42,680 : 1678252824.251704 Internal Event!; Logical Clock: 80
2023-03-08 00:20:42,849 : 1678252824.251704 Internal Event!; Logical Clock: 81
2023-03-08 00:20:43,018 : 1678252824.251704 Internal Event!; Logical Clock: 82
2023-03-08 00:20:43,188 : 1678252824.251704 Received a message; Logical Clock: 83; Queue Length: 0
2023-03-08 00:20:43,359 : 1678252824.251704 Sent a message to Machine 2; Logical Clock: 84
2023-03-08 00:20:43,528 : 1678252824.251704 Internal Event!; Logical Clock: 85
2023-03-08 00:20:43,699 : 1678252824.251704 Received a message; Logical Clock: 86; Queue Length: 0
2023-03-08 00:20:43,869 : 1678252824.251704 Internal Event!; Logical Clock: 87
2023-03-08 00:20:44,037 : 1678252824.251704 Internal Event!; Logical Clock: 88
2023-03-08 00:20:44,208 : 1678252824.251704 Internal Event!; Logical Clock: 89
2023-03-08 00:20:44,378 : 1678252824.251704 Internal Event!; Logical Clock: 90
2023-03-08 00:20:44,547 : 1678252824.251704 Internal Event!; Logical Clock: 91
2023-03-08 00:20:44,718 : 1678252824.251704 Sent a message to Machines [2, 0]; Logical Clock: 92
2023-03-08 00:20:44,889 : 1678252824.251704 Sent a message to Machines [2, 0]; Logical Clock: 93
2023-03-08 00:20:45,058 : 1678252824.251704 Internal Event!; Logical Clock: 94
2023-03-08 00:20:45,225 : 1678252824.251704 Sent a message to Machine 0; Logical Clock: 95
2023-03-08 00:20:45,394 : 1678252824.251704 Internal Event!; Logical Clock: 96
2023-03-08 00:20:45,564 : 1678252824.251704 Sent a message to Machine 0; Logical Clock: 97
2023-03-08 00:20:45,732 : 1678252824.251704 Sent a message to Machine 0; Logical Clock: 98
2023-03-08 00:20:45,900 : 1678252824.251704 Internal Event!; Logical Clock: 99
2023-03-08 00:20:46,069 : 1678252824.251704 Internal Event!; Logical Clock: 100
2023-03-08 00:20:46,239 : 1678252824.251704 Sent a message to Machines [2, 0]; Logical Clock: 101
2023-03-08 00:20:46,410 : 1678252824.251704 Internal Event!; Logical Clock: 102
2023-03-08 00:20:46,577 : 1678252824.251704 Received a message; Logical Clock: 103; Queue Length: 0
2023-03-08 00:20:46,744 : 1678252824.251704 Sent a message to Machine 0; Logical Clock: 104
2023-03-08 00:20:46,912 : 1678252824.251704 Sent a message to Machines [2, 0]; Logical Clock: 105
2023-03-08 00:20:47,083 : 1678252824.251704 Internal Event!; Logical Clock: 106
2023-03-08 00:20:47,253 : 1678252824.251704 Internal Event!; Logical Clock: 107
2023-03-08 00:20:47,424 : 1678252824.251704 Internal Event!; Logical Clock: 108
2023-03-08 00:20:47,593 : 1678252824.251704 Sent a message to Machines [2, 0]; Logical Clock: 109
2023-03-08 00:20:47,764 : 1678252824.251704 Internal Event!; Logical Clock: 110
2023-03-08 00:20:47,934 : 1678252824.251704 Internal Event!; Logical Clock: 111
2023-03-08 00:20:48,103 : 1678252824.251704 Sent a message to Machine 2; Logical Clock: 112
2023-03-08 00:20:48,274 : 1678252824.251704 Internal Event!; Logical Clock: 113
2023-03-08 00:20:48,443 : 1678252824.251704 Internal Event!; Logical Clock: 114
2023-03-08 00:20:48,612 : 1678252824.251704 Internal Event!; Logical Clock: 115
2023-03-08 00:20:48,782 : 1678252824.251704 Internal Event!; Logical Clock: 116
2023-03-08 00:20:48,950 : 1678252824.251704 Internal Event!; Logical Clock: 117
2023-03-08 00:20:49,121 : 1678252824.251704 Sent a message to Machine 2; Logical Clock: 118
2023-03-08 00:20:49,291 : 1678252824.251704 Internal Event!; Logical Clock: 119
2023-03-08 00:20:49,462 : 1678252824.251704 Internal Event!; Logical Clock: 120
2023-03-08 00:20:49,632 : 1678252824.251704 Internal Event!; Logical Clock: 121
2023-03-08 00:20:49,801 : 1678252824.251704 Internal Event!; Logical Clock: 122
2023-03-08 00:20:49,970 : 1678252824.251704 Internal Event!; Logical Clock: 123
2023-03-08 00:20:50,141 : 1678252824.251704 Sent a message to Machines [2, 0]; Logical Clock: 124
2023-03-08 00:20:50,311 : 1678252824.251704 Received a message; Logical Clock: 125; Queue Length: 0
2023-03-08 00:20:50,479 : 1678252824.251704 Received a message; Logical Clock: 126; Queue Length: 0
2023-03-08 00:20:50,648 : 1678252824.251704 Internal Event!; Logical Clock: 127
2023-03-08 00:20:50,815 : 1678252824.251704 Received a message; Logical Clock: 128; Queue Length: 0
2023-03-08 00:20:50,986 : 1678252824.251704 Internal Event!; Logical Clock: 129
2023-03-08 00:20:51,158 : 1678252824.251704 Internal Event!; Logical Clock: 130
2023-03-08 00:20:51,328 : 1678252824.251704 Internal Event!; Logical Clock: 131
2023-03-08 00:20:51,499 : 1678252824.251704 Internal Event!; Logical Clock: 132
2023-03-08 00:20:51,669 : 1678252824.251704 Received a message; Logical Clock: 133; Queue Length: 0
2023-03-08 00:20:51,840 : 1678252824.251704 Received a message; Logical Clock: 134; Queue Length: 0
2023-03-08 00:20:52,008 : 1678252824.251704 Sent a message to Machine 2; Logical Clock: 135
2023-03-08 00:20:52,176 : 1678252824.251704 Received a message; Logical Clock: 136; Queue Length: 0
2023-03-08 00:20:52,347 : 1678252824.251704 Received a message; Logical Clock: 137; Queue Length: 0
2023-03-08 00:20:52,518 : 1678252824.251704 Sent a message to Machine 0; Logical Clock: 138
2023-03-08 00:20:52,689 : 1678252824.251704 Sent a message to Machines [2, 0]; Logical Clock: 139
2023-03-08 00:20:52,858 : 1678252824.251704 Sent a message to Machine 2; Logical Clock: 140
2023-03-08 00:20:53,024 : 1678252824.251704 Sent a message to Machine 0; Logical Clock: 141
2023-03-08 00:20:53,193 : 1678252824.251704 Internal Event!; Logical Clock: 142
2023-03-08 00:20:53,364 : 1678252824.251704 Internal Event!; Logical Clock: 143
2023-03-08 00:20:53,535 : 1678252824.251704 Sent a message to Machines [2, 0]; Logical Clock: 144
2023-03-08 00:20:53,706 : 1678252824.251704 Internal Event!; Logical Clock: 145
2023-03-08 00:20:53,874 : 1678252824.251704 Internal Event!; Logical Clock: 146
2023-03-08 00:20:54,044 : 1678252824.251704 Sent a message to Machine 2; Logical Clock: 147
2023-03-08 00:20:54,215 : 1678252824.251704 Internal Event!; Logical Clock: 148
2023-03-08 00:20:54,384 : 1678252824.251704 Sent a message to Machine 2; Logical Clock: 149
2023-03-08 00:20:54,555 : 1678252824.251704 Internal Event!; Logical Clock: 150
2023-03-08 00:20:54,722 : 1678252824.251704 Internal Event!; Logical Clock: 151
2023-03-08 00:20:54,893 : 1678252824.251704 Internal Event!; Logical Clock: 152
2023-03-08 00:20:55,060 : 1678252824.251704 Internal Event!; Logical Clock: 153
2023-03-08 00:20:55,232 : 1678252824.251704 Internal Event!; Logical Clock: 154
2023-03-08 00:20:55,399 : 1678252824.251704 Sent a message to Machine 0; Logical Clock: 155
2023-03-08 00:20:55,571 : 1678252824.251704 Internal Event!; Logical Clock: 156
2023-03-08 00:20:55,742 : 1678252824.251704 Received a message; Logical Clock: 157; Queue Length: 0
2023-03-08 00:20:55,908 : 1678252824.251704 Internal Event!; Logical Clock: 158
2023-03-08 00:20:56,080 : 1678252824.251704 Internal Event!; Logical Clock: 159
2023-03-08 00:20:56,249 : 1678252824.251704 Sent a message to Machine 0; Logical Clock: 160
2023-03-08 00:20:56,417 : 1678252824.251704 Sent a message to Machine 0; Logical Clock: 161
2023-03-08 00:20:56,583 : 1678252824.251704 Sent a message to Machine 0; Logical Clock: 162
2023-03-08 00:20:56,754 : 1678252824.251704 Sent a message to Machine 0; Logical Clock: 163
2023-03-08 00:20:56,926 : 1678252824.251704 Received a message; Logical Clock: 164; Queue Length: 0
2023-03-08 00:20:57,097 : 1678252824.251704 Received a message; Logical Clock: 165; Queue Length: 0
2023-03-08 00:20:57,269 : 1678252824.251704 Received a message; Logical Clock: 166; Queue Length: 0
2023-03-08 00:20:57,436 : 1678252824.251704 Internal Event!; Logical Clock: 167
2023-03-08 00:20:57,608 : 1678252824.251704 Sent a message to Machines [2, 0]; Logical Clock: 168
2023-03-08 00:20:57,777 : 1678252824.251704 Internal Event!; Logical Clock: 169
2023-03-08 00:20:57,945 : 1678252824.251704 Internal Event!; Logical Clock: 170
2023-03-08 00:20:58,114 : 1678252824.251704 Sent a message to Machine 2; Logical Clock: 171
2023-03-08 00:20:58,284 : 1678252824.251704 Sent a message to Machines [2, 0]; Logical Clock: 172
2023-03-08 00:20:58,453 : 1678252824.251704 Received a message; Logical Clock: 173; Queue Length: 0
2023-03-08 00:20:58,625 : 1678252824.251704 Internal Event!; Logical Clock: 174
2023-03-08 00:20:58,793 : 1678252824.251704 Sent a message to Machines [2, 0]; Logical Clock: 175
2023-03-08 00:20:58,960 : 1678252824.251704 Sent a message to Machines [2, 0]; Logical Clock: 176
2023-03-08 00:20:59,130 : 1678252824.251704 Sent a message to Machine 2; Logical Clock: 177
2023-03-08 00:20:59,301 : 1678252824.251704 Internal Event!; Logical Clock: 178
2023-03-08 00:20:59,473 : 1678252824.251704 Internal Event!; Logical Clock: 179
2023-03-08 00:20:59,644 : 1678252824.251704 Internal Event!; Logical Clock: 180
2023-03-08 00:20:59,814 : 1678252824.251704 Internal Event!; Logical Clock: 181
2023-03-08 00:20:59,985 : 1678252824.251704 Received a message; Logical Clock: 182; Queue Length: 0
2023-03-08 00:21:00,156 : 1678252824.251704 Received a message; Logical Clock: 183; Queue Length: 0
2023-03-08 00:21:00,324 : 1678252824.251704 Internal Event!; Logical Clock: 184
2023-03-08 00:21:00,494 : 1678252824.251704 Sent a message to Machine 0; Logical Clock: 185
2023-03-08 00:21:00,662 : 1678252824.251704 Sent a message to Machine 2; Logical Clock: 186
2023-03-08 00:21:00,832 : 1678252824.251704 Internal Event!; Logical Clock: 187
2023-03-08 00:21:01,001 : 1678252824.251704 Received a message; Logical Clock: 188; Queue Length: 0
2023-03-08 00:21:01,172 : 1678252824.251704 Internal Event!; Logical Clock: 189
2023-03-08 00:21:01,342 : 1678252824.251704 Internal Event!; Logical Clock: 190
2023-03-08 00:21:01,509 : 1678252824.251704 Internal Event!; Logical Clock: 191
2023-03-08 00:21:01,677 : 1678252824.251704 Internal Event!; Logical Clock: 192
2023-03-08 00:21:01,847 : 1678252824.251704 Received a message; Logical Clock: 193; Queue Length: 0
2023-03-08 00:21:02,014 : 1678252824.251704 Sent a message to Machine 0; Logical Clock: 194
2023-03-08 00:21:02,184 : 1678252824.251704 Sent a message to Machines [2, 0]; Logical Clock: 195
2023-03-08 00:21:02,355 : 1678252824.251704 Received a message; Logical Clock: 196; Queue Length: 0
2023-03-08 00:21:02,527 : 1678252824.251704 Internal Event!; Logical Clock: 197
2023-03-08 00:21:02,698 : 1678252824.251704 Received a message; Logical Clock: 198; Queue Length: 0
2023-03-08 00:21:02,869 : 1678252824.251704 Internal Event!; Logical Clock: 199
2023-03-08 00:21:03,039 : 1678252824.251704 Sent a message to Machine 2; Logical Clock: 200
2023-03-08 00:21:03,209 : 1678252824.251704 Internal Event!; Logical Clock: 201
2023-03-08 00:21:03,379 : 1678252824.251704 Internal Event!; Logical Clock: 202
2023-03-08 00:21:03,549 : 1678252824.251704 Internal Event!; Logical Clock: 203
2023-03-08 00:21:03,718 : 1678252824.251704 Internal Event!; Logical Clock: 204
2023-03-08 00:21:03,888 : 1678252824.251704 Internal Event!; Logical Clock: 205
2023-03-08 00:21:04,059 : 1678252824.251704 Received a message; Logical Clock: 206; Queue Length: 0
2023-03-08 00:21:04,230 : 1678252824.251704 Internal Event!; Logical Clock: 207
2023-03-08 00:21:04,401 : 1678252824.251704 Internal Event!; Logical Clock: 208
2023-03-08 00:21:04,573 : 1678252824.251704 Sent a message to Machine 0; Logical Clock: 209
2023-03-08 00:21:04,744 : 1678252824.251704 Internal Event!; Logical Clock: 210
2023-03-08 00:21:04,912 : 1678252824.251704 Internal Event!; Logical Clock: 211
2023-03-08 00:21:05,083 : 1678252824.251704 Received a message; Logical Clock: 212; Queue Length: 0
2023-03-08 00:21:05,254 : 1678252824.251704 Received a message; Logical Clock: 213; Queue Length: 0
2023-03-08 00:21:05,426 : 1678252824.251704 Internal Event!; Logical Clock: 214
2023-03-08 00:21:05,593 : 1678252824.251704 Internal Event!; Logical Clock: 215
2023-03-08 00:21:05,763 : 1678252824.251704 Internal Event!; Logical Clock: 216
2023-03-08 00:21:05,934 : 1678252824.251704 Internal Event!; Logical Clock: 217
2023-03-08 00:21:06,106 : 1678252824.251704 Internal Event!; Logical Clock: 218
2023-03-08 00:21:06,275 : 1678252824.251704 Internal Event!; Logical Clock: 219
2023-03-08 00:21:06,445 : 1678252824.251704 Sent a message to Machine 2; Logical Clock: 220
2023-03-08 00:21:06,615 : 1678252824.251704 Internal Event!; Logical Clock: 221
2023-03-08 00:21:06,785 : 1678252824.251704 Internal Event!; Logical Clock: 222
2023-03-08 00:21:06,952 : 1678252824.251704 Sent a message to Machine 2; Logical Clock: 223
2023-03-08 00:21:07,122 : 1678252824.251704 Internal Event!; Logical Clock: 224
2023-03-08 00:21:07,290 : 1678252824.251704 Sent a message to Machine 0; Logical Clock: 225
2023-03-08 00:21:07,459 : 1678252824.251704 Received a message; Logical Clock: 226; Queue Length: 0
2023-03-08 00:21:07,630 : 1678252824.251704 Received a message; Logical Clock: 227; Queue Length: 0
2023-03-08 00:21:07,801 : 1678252824.251704 Internal Event!; Logical Clock: 228
2023-03-08 00:21:07,972 : 1678252824.251704 Internal Event!; Logical Clock: 229
2023-03-08 00:21:08,141 : 1678252824.251704 Sent a message to Machines [2, 0]; Logical Clock: 230
2023-03-08 00:21:08,308 : 1678252824.251704 Received a message; Logical Clock: 231; Queue Length: 0
2023-03-08 00:21:08,476 : 1678252824.251704 Received a message; Logical Clock: 232; Queue Length: 1
2023-03-08 00:21:08,643 : 1678252824.251704 Received a message; Logical Clock: 233; Queue Length: 0
2023-03-08 00:21:08,811 : 1678252824.251704 Sent a message to Machine 0; Logical Clock: 234
2023-03-08 00:21:08,980 : 1678252824.251704 Internal Event!; Logical Clock: 235
2023-03-08 00:21:09,150 : 1678252824.251704 Sent a message to Machines [2, 0]; Logical Clock: 236
2023-03-08 00:21:09,321 : 1678252824.251704 Internal Event!; Logical Clock: 237
2023-03-08 00:21:09,491 : 1678252824.251704 Internal Event!; Logical Clock: 238
2023-03-08 00:21:09,662 : 1678252824.251704 Sent a message to Machines [2, 0]; Logical Clock: 239
2023-03-08 00:21:09,829 : 1678252824.251704 Internal Event!; Logical Clock: 240
2023-03-08 00:21:09,998 : 1678252824.251704 Internal Event!; Logical Clock: 241
2023-03-08 00:21:10,167 : 1678252824.251704 Sent a message to Machines [2, 0]; Logical Clock: 242
2023-03-08 00:21:10,339 : 1678252824.251704 Sent a message to Machines [2, 0]; Logical Clock: 243
2023-03-08 00:21:10,508 : 1678252824.251704 Internal Event!; Logical Clock: 244
2023-03-08 00:21:10,679 : 1678252824.251704 Sent a message to Machine 2; Logical Clock: 245
2023-03-08 00:21:10,848 : 1678252824.251704 Sent a message to Machine 0; Logical Clock: 246
2023-03-08 00:21:11,015 : 1678252824.251704 Sent a message to Machine 0; Logical Clock: 247
2023-03-08 00:21:11,186 : 1678252824.251704 Internal Event!; Logical Clock: 248
2023-03-08 00:21:11,358 : 1678252824.251704 Internal Event!; Logical Clock: 249
2023-03-08 00:21:11,529 : 1678252824.251704 Internal Event!; Logical Clock: 250
2023-03-08 00:21:11,699 : 1678252824.251704 Received a message; Logical Clock: 251; Queue Length: 0
2023-03-08 00:21:11,870 : 1678252824.251704 Sent a message to Machine 2; Logical Clock: 252
2023-03-08 00:21:12,041 : 1678252824.251704 Sent a message to Machine 0; Logical Clock: 253
2023-03-08 00:21:12,211 : 1678252824.251704 Sent a message to Machine 0; Logical Clock: 254
2023-03-08 00:21:12,378 : 1678252824.251704 Internal Event!; Logical Clock: 255
2023-03-08 00:21:12,547 : 1678252824.251704 Internal Event!; Logical Clock: 256
2023-03-08 00:21:12,718 : 1678252824.251704 Internal Event!; Logical Clock: 257
2023-03-08 00:21:12,885 : 1678252824.251704 Internal Event!; Logical Clock: 258
2023-03-08 00:21:13,057 : 1678252824.251704 Received a message; Logical Clock: 259; Queue Length: 0
2023-03-08 00:21:13,224 : 1678252824.251704 Sent a message to Machines [2, 0]; Logical Clock: 260
2023-03-08 00:21:13,392 : 1678252824.251704 Internal Event!; Logical Clock: 261
2023-03-08 00:21:13,563 : 1678252824.251704 Sent a message to Machines [2, 0]; Logical Clock: 262
2023-03-08 00:21:13,734 : 1678252824.251704 Sent a message to Machines [2, 0]; Logical Clock: 263
2023-03-08 00:21:13,902 : 1678252824.251704 Internal Event!; Logical Clock: 264
2023-03-08 00:21:14,071 : 1678252824.251704 Internal Event!; Logical Clock: 265
2023-03-08 00:21:14,240 : 1678252824.251704 Internal Event!; Logical Clock: 266
2023-03-08 00:21:14,411 : 1678252824.251704 Internal Event!; Logical Clock: 267
2023-03-08 00:21:14,582 : 1678252824.251704 Internal Event!; Logical Clock: 268
2023-03-08 00:21:14,749 : 1678252824.251704 Internal Event!; Logical Clock: 269
2023-03-08 00:21:14,917 : 1678252824.251704 Sent a message to Machine 0; Logical Clock: 270
2023-03-08 00:21:15,087 : 1678252824.251704 Internal Event!; Logical Clock: 271
2023-03-08 00:21:15,259 : 1678252824.251704 Sent a message to Machines [2, 0]; Logical Clock: 272
2023-03-08 00:21:15,429 : 1678252824.251704 Sent a message to Machines [2, 0]; Logical Clock: 273
2023-03-08 00:21:15,597 : 1678252824.251704 Internal Event!; Logical Clock: 274
2023-03-08 00:21:15,766 : 1678252824.251704 Internal Event!; Logical Clock: 275
2023-03-08 00:21:15,949 : 1678252824.251704 Internal Event!; Logical Clock: 276
2023-03-08 00:21:16,118 : 1678252824.251704 Internal Event!; Logical Clock: 277
2023-03-08 00:21:16,286 : 1678252824.251704 Internal Event!; Logical Clock: 278
2023-03-08 00:21:16,456 : 1678252824.251704 Sent a message to Machine 2; Logical Clock: 279
2023-03-08 00:21:16,624 : 1678252824.251704 Sent a message to Machines [2, 0]; Logical Clock: 280
2023-03-08 00:21:16,796 : 1678252824.251704 Sent a message to Machines [2, 0]; Logical Clock: 281
2023-03-08 00:21:16,964 : 1678252824.251704 Sent a message to Machine 0; Logical Clock: 282
2023-03-08 00:21:17,136 : 1678252824.251704 Internal Event!; Logical Clock: 283
2023-03-08 00:21:17,305 : 1678252824.251704 Internal Event!; Logical Clock: 284
2023-03-08 00:21:17,475 : 1678252824.251704 Internal Event!; Logical Clock: 285
2023-03-08 00:21:17,646 : 1678252824.251704 Internal Event!; Logical Clock: 286
2023-03-08 00:21:17,814 : 1678252824.251704 Sent a message to Machine 0; Logical Clock: 287
2023-03-08 00:21:17,982 : 1678252824.251704 Sent a message to Machine 2; Logical Clock: 288
2023-03-08 00:21:18,151 : 1678252824.251704 Internal Event!; Logical Clock: 289
2023-03-08 00:21:18,322 : 1678252824.251704 Internal Event!; Logical Clock: 290
2023-03-08 00:21:18,493 : 1678252824.251704 Sent a message to Machines [2, 0]; Logical Clock: 291
2023-03-08 00:21:18,663 : 1678252824.251704 Internal Event!; Logical Clock: 292
2023-03-08 00:21:18,830 : 1678252824.251704 Sent a message to Machines [2, 0]; Logical Clock: 293
2023-03-08 00:21:19,001 : 1678252824.251704 Internal Event!; Logical Clock: 294
2023-03-08 00:21:19,171 : 1678252824.251704 Received a message; Logical Clock: 295; Queue Length: 0
2023-03-08 00:21:19,341 : 1678252824.251704 Internal Event!; Logical Clock: 296
2023-03-08 00:21:19,508 : 1678252824.251704 Sent a message to Machine 2; Logical Clock: 297
2023-03-08 00:21:19,675 : 1678252824.251704 Internal Event!; Logical Clock: 298
2023-03-08 00:21:19,846 : 1678252824.251704 Internal Event!; Logical Clock: 299
2023-03-08 00:21:20,020 : 1678252824.251704 Internal Event!; Logical Clock: 300
2023-03-08 00:21:20,191 : 1678252824.251704 Internal Event!; Logical Clock: 301
2023-03-08 00:21:20,358 : 1678252824.251704 Received a message; Logical Clock: 302; Queue Length: 0
2023-03-08 00:21:20,529 : 1678252824.251704 Internal Event!; Logical Clock: 303
2023-03-08 00:21:20,699 : 1678252824.251704 Internal Event!; Logical Clock: 304
2023-03-08 00:21:20,867 : 1678252824.251704 Sent a message to Machine 2; Logical Clock: 305
2023-03-08 00:21:21,038 : 1678252824.251704 Internal Event!; Logical Clock: 306
2023-03-08 00:21:21,210 : 1678252824.251704 Internal Event!; Logical Clock: 307
2023-03-08 00:21:21,378 : 1678252824.251704 Sent a message to Machine 2; Logical Clock: 308
2023-03-08 00:21:21,547 : 1678252824.251704 Sent a message to Machine 0; Logical Clock: 309
2023-03-08 00:21:21,719 : 1678252824.251704 Sent a message to Machine 0; Logical Clock: 310
2023-03-08 00:21:21,890 : 1678252824.251704 Sent a message to Machines [2, 0]; Logical Clock: 311
2023-03-08 00:21:22,062 : 1678252824.251704 Internal Event!; Logical Clock: 312
2023-03-08 00:21:22,229 : 1678252824.251704 Internal Event!; Logical Clock: 313
2023-03-08 00:21:22,397 : 1678252824.251704 Sent a message to Machines [2, 0]; Logical Clock: 314
2023-03-08 00:21:22,564 : 1678252824.251704 Internal Event!; Logical Clock: 315
2023-03-08 00:21:22,734 : 1678252824.251704 Internal Event!; Logical Clock: 316
2023-03-08 00:21:22,905 : 1678252824.251704 Sent a message to Machine 2; Logical Clock: 317
2023-03-08 00:21:23,074 : 1678252824.251704 Sent a message to Machine 2; Logical Clock: 318
2023-03-08 00:21:23,241 : 1678252824.251704 Internal Event!; Logical Clock: 319
2023-03-08 00:21:23,410 : 1678252824.251704 Internal Event!; Logical Clock: 320
2023-03-08 00:21:23,580 : 1678252824.251704 Sent a message to Machine 2; Logical Clock: 321
2023-03-08 00:21:23,752 : 1678252824.251704 Sent a message to Machines [2, 0]; Logical Clock: 322
2023-03-08 00:21:23,922 : 1678252824.251704 Sent a message to Machine 2; Logical Clock: 323
2023-03-08 00:21:24,091 : 1678252824.251704 Internal Event!; Logical Clock: 324
2023-03-08 00:21:24,263 : 1678252824.251704 Internal Event!; Logical Clock: 325
2023-03-08 00:21:24,431 : 1678252824.251704 Internal Event!; Logical Clock: 326
2023-03-08 00:21:24,603 : 1678252824.251704 Received a message; Logical Clock: 327; Queue Length: 0
2023-03-08 00:21:24,774 : 1678252824.251704 Internal Event!; Logical Clock: 328
2023-03-08 00:21:24,941 : 1678252824.251704 Internal Event!; Logical Clock: 329
2023-03-08 00:21:25,112 : 1678252824.251704 Internal Event!; Logical Clock: 330
2023-03-08 00:21:25,282 : 1678252824.251704 Received a message; Logical Clock: 331; Queue Length: 0
2023-03-08 00:21:25,452 : 1678252824.251704 Internal Event!; Logical Clock: 332
2023-03-08 00:21:25,622 : 1678252824.251704 Internal Event!; Logical Clock: 333
2023-03-08 00:21:25,792 : 1678252824.251704 Sent a message to Machine 0; Logical Clock: 334
2023-03-08 00:21:25,961 : 1678252824.251704 Internal Event!; Logical Clock: 335
2023-03-08 00:21:26,132 : 1678252824.251704 Sent a message to Machines [2, 0]; Logical Clock: 336
2023-03-08 00:21:26,302 : 1678252824.251704 Internal Event!; Logical Clock: 337
2023-03-08 00:21:26,474 : 1678252824.251704 Internal Event!; Logical Clock: 338
2023-03-08 00:21:26,644 : 1678252824.251704 Internal Event!; Logical Clock: 339
2023-03-08 00:21:26,816 : 1678252824.251704 Internal Event!; Logical Clock: 340
2023-03-08 00:21:26,987 : 1678252824.251704 Internal Event!; Logical Clock: 341
2023-03-08 00:21:27,157 : 1678252824.251704 Internal Event!; Logical Clock: 342
2023-03-08 00:21:27,325 : 1678252824.251704 Internal Event!; Logical Clock: 343
2023-03-08 00:21:27,496 : 1678252824.251704 Sent a message to Machines [2, 0]; Logical Clock: 344
2023-03-08 00:21:27,666 : 1678252824.251704 Sent a message to Machine 2; Logical Clock: 345
2023-03-08 00:21:27,833 : 1678252824.251704 Received a message; Logical Clock: 346; Queue Length: 0
2023-03-08 00:21:28,001 : 1678252824.251704 Internal Event!; Logical Clock: 347
2023-03-08 00:21:28,170 : 1678252824.251704 Sent a message to Machines [2, 0]; Logical Clock: 348
2023-03-08 00:21:28,341 : 1678252824.251704 Internal Event!; Logical Clock: 349
2023-03-08 00:21:28,512 : 1678252824.251704 Internal Event!; Logical Clock: 350
2023-03-08 00:21:28,683 : 1678252824.251704 Internal Event!; Logical Clock: 351
2023-03-08 00:21:28,853 : 1678252824.251704 Received a message; Logical Clock: 352; Queue Length: 0
2023-03-08 00:21:29,024 : 1678252824.251704 Received a message; Logical Clock: 353; Queue Length: 0
2023-03-08 00:21:29,195 : 1678252824.251704 Sent a message to Machine 0; Logical Clock: 354
2023-03-08 00:21:29,367 : 1678252824.251704 Received a message; Logical Clock: 355; Queue Length: 0
2023-03-08 00:21:29,539 : 1678252824.251704 Sent a message to Machine 2; Logical Clock: 356
2023-03-08 00:21:29,710 : 1678252824.251704 Internal Event!; Logical Clock: 357
2023-03-08 00:21:29,879 : 1678252824.251704 Received a message; Logical Clock: 358; Queue Length: 0
2023-03-08 00:21:30,050 : 1678252824.251704 Internal Event!; Logical Clock: 359
2023-03-08 00:21:30,221 : 1678252824.251704 Internal Event!; Logical Clock: 360
